[0.008s] Invoking command in '/home/eliott/robot_ws/build/robot_moveit_config': /usr/bin/cmake /home/eliott/robot_ws/src/robot_moveit_config -DCMAKE_INSTALL_PREFIX=/home/eliott/robot_ws/install/robot_moveit_config
[0.043s] -- The C compiler identification is GNU 11.4.0
[0.083s] -- The CXX compiler identification is GNU 11.4.0
[0.087s] -- Detecting C compiler ABI info
[0.133s] -- Detecting C compiler ABI info - done
[0.140s] -- Check for working C compiler: /usr/bin/cc - skipped
[0.140s] -- Detecting C compile features
[0.140s] -- Detecting C compile features - done
[0.143s] -- Detecting CXX compiler ABI info
[0.192s] -- Detecting CXX compiler ABI info - done
[0.199s] -- Check for working CXX compiler: /usr/bin/c++ - skipped
[0.199s] -- Detecting CXX compile features
[0.200s] -- Detecting CXX compile features - done
[0.202s] -- Found ament_cmake: 1.3.10 (/opt/ros/humble/share/ament_cmake/cmake)
[0.294s] -- Found Python3: /usr/bin/python3 (found version "3.10.12") found components: Interpreter 
[0.378s] Error parsing '/home/eliott/robot_ws/src/robot_moveit_config/package.xml':
[0.405s] Traceback (most recent call last):
[0.405s]   File "/opt/ros/humble/share/ament_cmake_core/cmake/core/package_xml_2_cmake.py", line 150, in <module>
[0.405s]     main()
[0.405s]   File "/opt/ros/humble/share/ament_cmake_core/cmake/core/package_xml_2_cmake.py", line 53, in main
[0.405s]     raise e
[0.405s]   File "/opt/ros/humble/share/ament_cmake_core/cmake/core/package_xml_2_cmake.py", line 49, in main
[0.405s]     package = parse_package_string(
[0.405s]   File "/usr/lib/python3/dist-packages/catkin_pkg/package.py", line 788, in parse_package_string
[0.408s]     pkg.validate(warnings=warnings)
[0.408s]   File "/usr/lib/python3/dist-packages/catkin_pkg/package.py", line 330, in validate
[0.408s]     raise InvalidPackage('\n'.join(errors), self.filename)
[0.408s] catkin_pkg.package.InvalidPackage: Error(s) in package '/home/eliott/robot_ws/src/robot_moveit_config/package.xml':
[0.408s] Invalid email "" for person ""
[0.408s] Maintainers must have an email address
[0.408s] Invalid email "" for person ""
[0.418s] [31mCMake Error at /opt/ros/humble/share/ament_cmake_core/cmake/core/ament_package_xml.cmake:95 (message):
[0.418s]   execute_process(/usr/bin/python3
[0.418s]   /opt/ros/humble/share/ament_cmake_core/cmake/core/package_xml_2_cmake.py
[0.418s]   /home/eliott/robot_ws/src/robot_moveit_config/package.xml
[0.418s]   /home/eliott/robot_ws/build/robot_moveit_config/ament_cmake_core/package.cmake)
[0.418s]   returned error code 1
[0.419s] Call Stack (most recent call first):
[0.419s]   /opt/ros/humble/share/ament_cmake_core/cmake/core/ament_package_xml.cmake:49 (_ament_package_xml)
[0.419s]   /opt/ros/humble/share/ament_cmake_core/cmake/core/ament_package.cmake:63 (ament_package_xml)
[0.419s]   CMakeLists.txt:6 (ament_package)
[0.419s] 
[0.419s] [0m
[0.419s] -- Configuring incomplete, errors occurred!
[0.419s] See also "/home/eliott/robot_ws/build/robot_moveit_config/CMakeFiles/CMakeOutput.log".
[0.423s] Invoked command in '/home/eliott/robot_ws/build/robot_moveit_config' returned '1': /usr/bin/cmake /home/eliott/robot_ws/src/robot_moveit_config -DCMAKE_INSTALL_PREFIX=/home/eliott/robot_ws/install/robot_moveit_config
