[0.084s] DEBUG:colcon:Command line arguments: ['/usr/bin/colcon', 'build']
[0.084s] DEBUG:colcon:Parsed command line arguments: Namespace(log_base=None, log_level=None, verb_name='build', build_base='build', install_base='install', merge_install=False, symlink_install=False, test_result_base=None, continue_on_error=False, executor='parallel', parallel_workers=12, event_handlers=None, ignore_user_meta=False, metas=['./colcon.meta'], base_paths=['.'], packages_ignore=None, packages_ignore_regex=None, paths=None, packages_up_to=None, packages_up_to_regex=None, packages_above=None, packages_above_and_dependencies=None, packages_above_depth=None, packages_select_by_dep=None, packages_skip_by_dep=None, packages_skip_up_to=None, packages_select_build_failed=False, packages_skip_build_finished=False, packages_select_test_failures=False, packages_skip_test_passed=False, packages_select=None, packages_skip=None, packages_select_regex=None, packages_skip_regex=None, packages_start=None, packages_end=None, allow_overriding=[], cmake_args=None, cmake_target=None, cmake_target_skip_unavailable=False, cmake_clean_cache=False, cmake_clean_first=False, cmake_force_configure=False, ament_cmake_args=None, catkin_cmake_args=None, catkin_skip_building_tests=False, verb_parser=<colcon_defaults.argument_parser.defaults.DefaultArgumentsDecorator object at 0x73d8b8048340>, verb_extension=<colcon_core.verb.build.BuildVerb object at 0x73d8b80139d0>, main=<bound method BuildVerb.main of <colcon_core.verb.build.BuildVerb object at 0x73d8b80139d0>>)
[0.205s] Level 1:colcon.colcon_core.package_discovery:discover_packages(colcon_meta) check parameters
[0.205s] Level 1:colcon.colcon_core.package_discovery:discover_packages(recursive) check parameters
[0.205s] Level 1:colcon.colcon_core.package_discovery:discover_packages(ignore) check parameters
[0.205s] Level 1:colcon.colcon_core.package_discovery:discover_packages(path) check parameters
[0.205s] Level 1:colcon.colcon_core.package_discovery:discover_packages(colcon_meta) discover
[0.205s] Level 1:colcon.colcon_core.package_discovery:discover_packages(recursive) discover
[0.205s] INFO:colcon.colcon_core.package_discovery:Crawling recursively for packages in '/home/eliott/robot_ws'
[0.205s] Level 1:colcon.colcon_core.package_identification:_identify(.) by extensions ['ignore', 'ignore_ament_install']
[0.205s] Level 1:colcon.colcon_core.package_identification:_identify(.) by extension 'ignore'
[0.205s] Level 1:colcon.colcon_core.package_identification:_identify(.) by extension 'ignore_ament_install'
[0.205s] Level 1:colcon.colcon_core.package_identification:_identify(.) by extensions ['colcon_pkg']
[0.205s] Level 1:colcon.colcon_core.package_identification:_identify(.) by extension 'colcon_pkg'
[0.205s] Level 1:colcon.colcon_core.package_identification:_identify(.) by extensions ['colcon_meta']
[0.205s] Level 1:colcon.colcon_core.package_identification:_identify(.) by extension 'colcon_meta'
[0.205s] Level 1:colcon.colcon_core.package_identification:_identify(.) by extensions ['ros']
[0.205s] Level 1:colcon.colcon_core.package_identification:_identify(.) by extension 'ros'
[0.215s] Level 1:colcon.colcon_core.package_identification:_identify(.) by extensions ['cmake', 'python']
[0.215s] Level 1:colcon.colcon_core.package_identification:_identify(.) by extension 'cmake'
[0.215s] Level 1:colcon.colcon_core.package_identification:_identify(.) by extension 'python'
[0.215s] Level 1:colcon.colcon_core.package_identification:_identify(.) by extensions ['python_setup_py']
[0.215s] Level 1:colcon.colcon_core.package_identification:_identify(.) by extension 'python_setup_py'
[0.216s] Level 1:colcon.colcon_core.package_identification:_identify(build) by extensions ['ignore', 'ignore_ament_install']
[0.216s] Level 1:colcon.colcon_core.package_identification:_identify(build) by extension 'ignore'
[0.216s] Level 1:colcon.colcon_core.package_identification:_identify(build) ignored
[0.216s] Level 1:colcon.colcon_core.package_identification:_identify(install) by extensions ['ignore', 'ignore_ament_install']
[0.216s] Level 1:colcon.colcon_core.package_identification:_identify(install) by extension 'ignore'
[0.216s] Level 1:colcon.colcon_core.package_identification:_identify(install) ignored
[0.216s] Level 1:colcon.colcon_core.package_identification:_identify(log) by extensions ['ignore', 'ignore_ament_install']
[0.216s] Level 1:colcon.colcon_core.package_identification:_identify(log) by extension 'ignore'
[0.216s] Level 1:colcon.colcon_core.package_identification:_identify(log) ignored
[0.216s] Level 1:colcon.colcon_core.package_identification:_identify(src) by extensions ['ignore', 'ignore_ament_install']
[0.216s] Level 1:colcon.colcon_core.package_identification:_identify(src) by extension 'ignore'
[0.216s] Level 1:colcon.colcon_core.package_identification:_identify(src) by extension 'ignore_ament_install'
[0.216s] Level 1:colcon.colcon_core.package_identification:_identify(src) by extensions ['colcon_pkg']
[0.216s] Level 1:colcon.colcon_core.package_identification:_identify(src) by extension 'colcon_pkg'
[0.216s] Level 1:colcon.colcon_core.package_identification:_identify(src) by extensions ['colcon_meta']
[0.216s] Level 1:colcon.colcon_core.package_identification:_identify(src) by extension 'colcon_meta'
[0.216s] Level 1:colcon.colcon_core.package_identification:_identify(src) by extensions ['ros']
[0.216s] Level 1:colcon.colcon_core.package_identification:_identify(src) by extension 'ros'
[0.216s] Level 1:colcon.colcon_core.package_identification:_identify(src) by extensions ['cmake', 'python']
[0.216s] Level 1:colcon.colcon_core.package_identification:_identify(src) by extension 'cmake'
[0.216s] Level 1:colcon.colcon_core.package_identification:_identify(src) by extension 'python'
[0.217s] Level 1:colcon.colcon_core.package_identification:_identify(src) by extensions ['python_setup_py']
[0.217s] Level 1:colcon.colcon_core.package_identification:_identify(src) by extension 'python_setup_py'
[0.217s] Level 1:colcon.colcon_core.package_identification:_identify(src/robot_control) by extensions ['ignore', 'ignore_ament_install']
[0.217s] Level 1:colcon.colcon_core.package_identification:_identify(src/robot_control) by extension 'ignore'
[0.217s] Level 1:colcon.colcon_core.package_identification:_identify(src/robot_control) by extension 'ignore_ament_install'
[0.217s] Level 1:colcon.colcon_core.package_identification:_identify(src/robot_control) by extensions ['colcon_pkg']
[0.217s] Level 1:colcon.colcon_core.package_identification:_identify(src/robot_control) by extension 'colcon_pkg'
[0.217s] Level 1:colcon.colcon_core.package_identification:_identify(src/robot_control) by extensions ['colcon_meta']
[0.217s] Level 1:colcon.colcon_core.package_identification:_identify(src/robot_control) by extension 'colcon_meta'
[0.217s] Level 1:colcon.colcon_core.package_identification:_identify(src/robot_control) by extensions ['ros']
[0.217s] Level 1:colcon.colcon_core.package_identification:_identify(src/robot_control) by extension 'ros'
[0.219s] DEBUG:colcon.colcon_core.package_identification:Package 'src/robot_control' with type 'ros.ament_cmake' and name 'robot_control'
[0.219s] Level 1:colcon.colcon_core.package_identification:_identify(src/robot_description) by extensions ['ignore', 'ignore_ament_install']
[0.219s] Level 1:colcon.colcon_core.package_identification:_identify(src/robot_description) by extension 'ignore'
[0.219s] Level 1:colcon.colcon_core.package_identification:_identify(src/robot_description) by extension 'ignore_ament_install'
[0.219s] Level 1:colcon.colcon_core.package_identification:_identify(src/robot_description) by extensions ['colcon_pkg']
[0.219s] Level 1:colcon.colcon_core.package_identification:_identify(src/robot_description) by extension 'colcon_pkg'
[0.219s] Level 1:colcon.colcon_core.package_identification:_identify(src/robot_description) by extensions ['colcon_meta']
[0.219s] Level 1:colcon.colcon_core.package_identification:_identify(src/robot_description) by extension 'colcon_meta'
[0.220s] Level 1:colcon.colcon_core.package_identification:_identify(src/robot_description) by extensions ['ros']
[0.220s] Level 1:colcon.colcon_core.package_identification:_identify(src/robot_description) by extension 'ros'
[0.221s] DEBUG:colcon.colcon_core.package_identification:Package 'src/robot_description' with type 'ros.ament_cmake' and name 'robot_description'
[0.221s] Level 1:colcon.colcon_core.package_identification:_identify(src/robot_moveit_config) by extensions ['ignore', 'ignore_ament_install']
[0.221s] Level 1:colcon.colcon_core.package_identification:_identify(src/robot_moveit_config) by extension 'ignore'
[0.221s] Level 1:colcon.colcon_core.package_identification:_identify(src/robot_moveit_config) by extension 'ignore_ament_install'
[0.221s] Level 1:colcon.colcon_core.package_identification:_identify(src/robot_moveit_config) by extensions ['colcon_pkg']
[0.221s] Level 1:colcon.colcon_core.package_identification:_identify(src/robot_moveit_config) by extension 'colcon_pkg'
[0.221s] Level 1:colcon.colcon_core.package_identification:_identify(src/robot_moveit_config) by extensions ['colcon_meta']
[0.221s] Level 1:colcon.colcon_core.package_identification:_identify(src/robot_moveit_config) by extension 'colcon_meta'
[0.221s] Level 1:colcon.colcon_core.package_identification:_identify(src/robot_moveit_config) by extensions ['ros']
[0.221s] Level 1:colcon.colcon_core.package_identification:_identify(src/robot_moveit_config) by extension 'ros'
[0.222s] DEBUG:colcon.colcon_core.package_identification:Package 'src/robot_moveit_config' with type 'ros.ament_cmake' and name 'robot_moveit_config'
[0.222s] Level 1:colcon.colcon_core.package_discovery:discover_packages(recursive) using defaults
[0.222s] Level 1:colcon.colcon_core.package_discovery:discover_packages(ignore) discover
[0.222s] Level 1:colcon.colcon_core.package_discovery:discover_packages(ignore) using defaults
[0.222s] Level 1:colcon.colcon_core.package_discovery:discover_packages(path) discover
[0.222s] Level 1:colcon.colcon_core.package_discovery:discover_packages(path) using defaults
[0.239s] Level 1:colcon.colcon_core.package_discovery:discover_packages(prefix_path) check parameters
[0.239s] Level 1:colcon.colcon_core.package_discovery:discover_packages(prefix_path) discover
[0.240s] DEBUG:colcon.colcon_installed_package_information.package_discovery:Found 3 installed packages in /home/eliott/robot_ws/install
[0.241s] DEBUG:colcon.colcon_installed_package_information.package_discovery:Found 371 installed packages in /opt/ros/humble
[0.244s] Level 1:colcon.colcon_core.package_discovery:discover_packages(prefix_path) using defaults
[0.288s] Level 5:colcon.colcon_core.verb:set package 'robot_control' build argument 'cmake_args' from command line to 'None'
[0.288s] Level 5:colcon.colcon_core.verb:set package 'robot_control' build argument 'cmake_target' from command line to 'None'
[0.288s] Level 5:colcon.colcon_core.verb:set package 'robot_control' build argument 'cmake_target_skip_unavailable' from command line to 'False'
[0.288s] Level 5:colcon.colcon_core.verb:set package 'robot_control' build argument 'cmake_clean_cache' from command line to 'False'
[0.288s] Level 5:colcon.colcon_core.verb:set package 'robot_control' build argument 'cmake_clean_first' from command line to 'False'
[0.288s] Level 5:colcon.colcon_core.verb:set package 'robot_control' build argument 'cmake_force_configure' from command line to 'False'
[0.288s] Level 5:colcon.colcon_core.verb:set package 'robot_control' build argument 'ament_cmake_args' from command line to 'None'
[0.288s] Level 5:colcon.colcon_core.verb:set package 'robot_control' build argument 'catkin_cmake_args' from command line to 'None'
[0.288s] Level 5:colcon.colcon_core.verb:set package 'robot_control' build argument 'catkin_skip_building_tests' from command line to 'False'
[0.288s] DEBUG:colcon.colcon_core.verb:Building package 'robot_control' with the following arguments: {'ament_cmake_args': None, 'build_base': '/home/eliott/robot_ws/build/robot_control', 'catkin_cmake_args': None, 'catkin_skip_building_tests': False, 'cmake_args': None, 'cmake_clean_cache': False, 'cmake_clean_first': False, 'cmake_force_configure': False, 'cmake_target': None, 'cmake_target_skip_unavailable': False, 'install_base': '/home/eliott/robot_ws/install/robot_control', 'merge_install': False, 'path': '/home/eliott/robot_ws/src/robot_control', 'symlink_install': False, 'test_result_base': None}
[0.288s] Level 5:colcon.colcon_core.verb:set package 'robot_description' build argument 'cmake_args' from command line to 'None'
[0.288s] Level 5:colcon.colcon_core.verb:set package 'robot_description' build argument 'cmake_target' from command line to 'None'
[0.288s] Level 5:colcon.colcon_core.verb:set package 'robot_description' build argument 'cmake_target_skip_unavailable' from command line to 'False'
[0.288s] Level 5:colcon.colcon_core.verb:set package 'robot_description' build argument 'cmake_clean_cache' from command line to 'False'
[0.289s] Level 5:colcon.colcon_core.verb:set package 'robot_description' build argument 'cmake_clean_first' from command line to 'False'
[0.289s] Level 5:colcon.colcon_core.verb:set package 'robot_description' build argument 'cmake_force_configure' from command line to 'False'
[0.289s] Level 5:colcon.colcon_core.verb:set package 'robot_description' build argument 'ament_cmake_args' from command line to 'None'
[0.289s] Level 5:colcon.colcon_core.verb:set package 'robot_description' build argument 'catkin_cmake_args' from command line to 'None'
[0.289s] Level 5:colcon.colcon_core.verb:set package 'robot_description' build argument 'catkin_skip_building_tests' from command line to 'False'
[0.289s] DEBUG:colcon.colcon_core.verb:Building package 'robot_description' with the following arguments: {'ament_cmake_args': None, 'build_base': '/home/eliott/robot_ws/build/robot_description', 'catkin_cmake_args': None, 'catkin_skip_building_tests': False, 'cmake_args': None, 'cmake_clean_cache': False, 'cmake_clean_first': False, 'cmake_force_configure': False, 'cmake_target': None, 'cmake_target_skip_unavailable': False, 'install_base': '/home/eliott/robot_ws/install/robot_description', 'merge_install': False, 'path': '/home/eliott/robot_ws/src/robot_description', 'symlink_install': False, 'test_result_base': None}
[0.289s] Level 5:colcon.colcon_core.verb:set package 'robot_moveit_config' build argument 'cmake_args' from command line to 'None'
[0.289s] Level 5:colcon.colcon_core.verb:set package 'robot_moveit_config' build argument 'cmake_target' from command line to 'None'
[0.289s] Level 5:colcon.colcon_core.verb:set package 'robot_moveit_config' build argument 'cmake_target_skip_unavailable' from command line to 'False'
[0.289s] Level 5:colcon.colcon_core.verb:set package 'robot_moveit_config' build argument 'cmake_clean_cache' from command line to 'False'
[0.289s] Level 5:colcon.colcon_core.verb:set package 'robot_moveit_config' build argument 'cmake_clean_first' from command line to 'False'
[0.289s] Level 5:colcon.colcon_core.verb:set package 'robot_moveit_config' build argument 'cmake_force_configure' from command line to 'False'
[0.289s] Level 5:colcon.colcon_core.verb:set package 'robot_moveit_config' build argument 'ament_cmake_args' from command line to 'None'
[0.289s] Level 5:colcon.colcon_core.verb:set package 'robot_moveit_config' build argument 'catkin_cmake_args' from command line to 'None'
[0.289s] Level 5:colcon.colcon_core.verb:set package 'robot_moveit_config' build argument 'catkin_skip_building_tests' from command line to 'False'
[0.289s] DEBUG:colcon.colcon_core.verb:Building package 'robot_moveit_config' with the following arguments: {'ament_cmake_args': None, 'build_base': '/home/eliott/robot_ws/build/robot_moveit_config', 'catkin_cmake_args': None, 'catkin_skip_building_tests': False, 'cmake_args': None, 'cmake_clean_cache': False, 'cmake_clean_first': False, 'cmake_force_configure': False, 'cmake_target': None, 'cmake_target_skip_unavailable': False, 'install_base': '/home/eliott/robot_ws/install/robot_moveit_config', 'merge_install': False, 'path': '/home/eliott/robot_ws/src/robot_moveit_config', 'symlink_install': False, 'test_result_base': None}
[0.289s] INFO:colcon.colcon_core.executor:Executing jobs using 'parallel' executor
[0.290s] DEBUG:colcon.colcon_parallel_executor.executor.parallel:run_until_complete
[0.290s] INFO:colcon.colcon_ros.task.ament_cmake.build:Building ROS package in '/home/eliott/robot_ws/src/robot_description' with build type 'ament_cmake'
[0.290s] INFO:colcon.colcon_cmake.task.cmake.build:Building CMake package in '/home/eliott/robot_ws/src/robot_description'
[0.292s] INFO:colcon.colcon_core.plugin_system:Skipping extension 'colcon_core.shell.bat': Not used on non-Windows systems
[0.292s] INFO:colcon.colcon_core.shell:Skip shell extension 'powershell' for command environment: Not usable outside of PowerShell
[0.292s] DEBUG:colcon.colcon_core.shell:Skip shell extension 'dsv' for command environment
[0.295s] INFO:colcon.colcon_ros.task.ament_cmake.build:Building ROS package in '/home/eliott/robot_ws/src/robot_control' with build type 'ament_cmake'
[0.295s] INFO:colcon.colcon_cmake.task.cmake.build:Building CMake package in '/home/eliott/robot_ws/src/robot_control'
[0.296s] INFO:colcon.colcon_core.shell:Skip shell extension 'powershell' for command environment: Not usable outside of PowerShell
[0.296s] DEBUG:colcon.colcon_core.shell:Skip shell extension 'dsv' for command environment
[0.304s] DEBUG:colcon.colcon_core.event_handler.log_command:Invoking command in '/home/eliott/robot_ws/build/robot_description': CMAKE_PREFIX_PATH=${CMAKE_PREFIX_PATH}:/opt/ros/humble /usr/bin/cmake --build /home/eliott/robot_ws/build/robot_description -- -j12 -l12
[0.309s] DEBUG:colcon.colcon_core.event_handler.log_command:Invoking command in '/home/eliott/robot_ws/build/robot_control': CMAKE_PREFIX_PATH=${CMAKE_PREFIX_PATH}:/opt/ros/humble /usr/bin/cmake --build /home/eliott/robot_ws/build/robot_control -- -j12 -l12
[0.341s] DEBUG:colcon.colcon_core.event_handler.log_command:Invoked command in '/home/eliott/robot_ws/build/robot_description' returned '0': CMAKE_PREFIX_PATH=${CMAKE_PREFIX_PATH}:/opt/ros/humble /usr/bin/cmake --build /home/eliott/robot_ws/build/robot_description -- -j12 -l12
[0.366s] DEBUG:colcon.colcon_core.event_handler.log_command:Invoking command in '/home/eliott/robot_ws/build/robot_description': CMAKE_PREFIX_PATH=${CMAKE_PREFIX_PATH}:/opt/ros/humble /usr/bin/cmake --install /home/eliott/robot_ws/build/robot_description
[0.370s] DEBUG:colcon.colcon_core.event_handler.log_command:Invoked command in '/home/eliott/robot_ws/build/robot_control' returned '0': CMAKE_PREFIX_PATH=${CMAKE_PREFIX_PATH}:/opt/ros/humble /usr/bin/cmake --build /home/eliott/robot_ws/build/robot_control -- -j12 -l12
[0.375s] Level 1:colcon.colcon_core.environment:create_environment_scripts_only(robot_description)
[0.375s] DEBUG:colcon.colcon_core.event_handler.log_command:Invoked command in '/home/eliott/robot_ws/build/robot_description' returned '0': CMAKE_PREFIX_PATH=${CMAKE_PREFIX_PATH}:/opt/ros/humble /usr/bin/cmake --install /home/eliott/robot_ws/build/robot_description
[0.377s] Level 1:colcon.colcon_core.environment:checking '/home/eliott/robot_ws/install/robot_description' for CMake module files
[0.377s] Level 1:colcon.colcon_core.environment:checking '/home/eliott/robot_ws/install/robot_description' for CMake config files
[0.378s] Level 1:colcon.colcon_core.shell:create_environment_hook('robot_description', 'cmake_prefix_path')
[0.378s] INFO:colcon.colcon_core.shell:Creating environment hook '/home/eliott/robot_ws/install/robot_description/share/robot_description/hook/cmake_prefix_path.ps1'
[0.378s] INFO:colcon.colcon_core.shell:Creating environment descriptor '/home/eliott/robot_ws/install/robot_description/share/robot_description/hook/cmake_prefix_path.dsv'
[0.380s] INFO:colcon.colcon_core.shell:Creating environment hook '/home/eliott/robot_ws/install/robot_description/share/robot_description/hook/cmake_prefix_path.sh'
[0.381s] Level 1:colcon.colcon_core.environment:checking '/home/eliott/robot_ws/install/robot_description/bin'
[0.381s] Level 1:colcon.colcon_core.environment:checking '/home/eliott/robot_ws/install/robot_description/lib/pkgconfig/robot_description.pc'
[0.382s] Level 1:colcon.colcon_core.environment:checking '/home/eliott/robot_ws/install/robot_description/lib/python3.10/site-packages'
[0.382s] Level 1:colcon.colcon_core.environment:checking '/home/eliott/robot_ws/install/robot_description/bin'
[0.382s] INFO:colcon.colcon_core.shell:Creating package script '/home/eliott/robot_ws/install/robot_description/share/robot_description/package.ps1'
[0.383s] INFO:colcon.colcon_core.shell:Creating package descriptor '/home/eliott/robot_ws/install/robot_description/share/robot_description/package.dsv'
[0.384s] INFO:colcon.colcon_core.shell:Creating package script '/home/eliott/robot_ws/install/robot_description/share/robot_description/package.sh'
[0.385s] INFO:colcon.colcon_core.shell:Creating package script '/home/eliott/robot_ws/install/robot_description/share/robot_description/package.bash'
[0.387s] INFO:colcon.colcon_core.shell:Creating package script '/home/eliott/robot_ws/install/robot_description/share/robot_description/package.zsh'
[0.388s] Level 1:colcon.colcon_core.environment:create_file_with_runtime_dependencies(/home/eliott/robot_ws/install/robot_description/share/colcon-core/packages/robot_description)
[0.392s] DEBUG:colcon.colcon_core.event_handler.log_command:Invoking command in '/home/eliott/robot_ws/build/robot_control': CMAKE_PREFIX_PATH=${CMAKE_PREFIX_PATH}:/opt/ros/humble /usr/bin/cmake --install /home/eliott/robot_ws/build/robot_control
[0.401s] Level 1:colcon.colcon_core.environment:create_environment_scripts_only(robot_control)
[0.401s] Level 1:colcon.colcon_core.environment:checking '/home/eliott/robot_ws/install/robot_control' for CMake module files
[0.402s] DEBUG:colcon.colcon_core.event_handler.log_command:Invoked command in '/home/eliott/robot_ws/build/robot_control' returned '0': CMAKE_PREFIX_PATH=${CMAKE_PREFIX_PATH}:/opt/ros/humble /usr/bin/cmake --install /home/eliott/robot_ws/build/robot_control
[0.402s] Level 1:colcon.colcon_core.environment:checking '/home/eliott/robot_ws/install/robot_control' for CMake config files
[0.402s] Level 1:colcon.colcon_core.shell:create_environment_hook('robot_control', 'cmake_prefix_path')
[0.403s] INFO:colcon.colcon_core.shell:Creating environment hook '/home/eliott/robot_ws/install/robot_control/share/robot_control/hook/cmake_prefix_path.ps1'
[0.403s] INFO:colcon.colcon_core.shell:Creating environment descriptor '/home/eliott/robot_ws/install/robot_control/share/robot_control/hook/cmake_prefix_path.dsv'
[0.405s] INFO:colcon.colcon_core.shell:Creating environment hook '/home/eliott/robot_ws/install/robot_control/share/robot_control/hook/cmake_prefix_path.sh'
[0.406s] Level 1:colcon.colcon_core.environment:checking '/home/eliott/robot_ws/install/robot_control/lib'
[0.407s] Level 1:colcon.colcon_core.environment:checking '/home/eliott/robot_ws/install/robot_control/bin'
[0.407s] Level 1:colcon.colcon_core.environment:checking '/home/eliott/robot_ws/install/robot_control/lib/pkgconfig/robot_control.pc'
[0.407s] Level 1:colcon.colcon_core.environment:checking '/home/eliott/robot_ws/install/robot_control/lib/python3.10/site-packages'
[0.408s] Level 1:colcon.colcon_core.environment:checking '/home/eliott/robot_ws/install/robot_control/bin'
[0.408s] INFO:colcon.colcon_core.shell:Creating package script '/home/eliott/robot_ws/install/robot_control/share/robot_control/package.ps1'
[0.409s] INFO:colcon.colcon_core.shell:Creating package descriptor '/home/eliott/robot_ws/install/robot_control/share/robot_control/package.dsv'
[0.410s] INFO:colcon.colcon_core.shell:Creating package script '/home/eliott/robot_ws/install/robot_control/share/robot_control/package.sh'
[0.411s] INFO:colcon.colcon_core.shell:Creating package script '/home/eliott/robot_ws/install/robot_control/share/robot_control/package.bash'
[0.413s] INFO:colcon.colcon_core.shell:Creating package script '/home/eliott/robot_ws/install/robot_control/share/robot_control/package.zsh'
[0.414s] Level 1:colcon.colcon_core.environment:create_file_with_runtime_dependencies(/home/eliott/robot_ws/install/robot_control/share/colcon-core/packages/robot_control)
[0.417s] Level 1:colcon.colcon_core.environment:create_environment_scripts_only(robot_description)
[0.417s] Level 1:colcon.colcon_core.environment:checking '/home/eliott/robot_ws/install/robot_description' for CMake module files
[0.418s] Level 1:colcon.colcon_core.environment:checking '/home/eliott/robot_ws/install/robot_description' for CMake config files
[0.418s] Level 1:colcon.colcon_core.shell:create_environment_hook('robot_description', 'cmake_prefix_path')
[0.419s] INFO:colcon.colcon_core.shell:Creating environment hook '/home/eliott/robot_ws/install/robot_description/share/robot_description/hook/cmake_prefix_path.ps1'
[0.419s] INFO:colcon.colcon_core.shell:Creating environment descriptor '/home/eliott/robot_ws/install/robot_description/share/robot_description/hook/cmake_prefix_path.dsv'
[0.420s] INFO:colcon.colcon_core.shell:Creating environment hook '/home/eliott/robot_ws/install/robot_description/share/robot_description/hook/cmake_prefix_path.sh'
[0.422s] Level 1:colcon.colcon_core.environment:checking '/home/eliott/robot_ws/install/robot_description/bin'
[0.422s] Level 1:colcon.colcon_core.environment:checking '/home/eliott/robot_ws/install/robot_description/lib/pkgconfig/robot_description.pc'
[0.422s] Level 1:colcon.colcon_core.environment:checking '/home/eliott/robot_ws/install/robot_description/lib/python3.10/site-packages'
[0.423s] Level 1:colcon.colcon_core.environment:checking '/home/eliott/robot_ws/install/robot_description/bin'
[0.423s] INFO:colcon.colcon_core.shell:Creating package script '/home/eliott/robot_ws/install/robot_description/share/robot_description/package.ps1'
[0.424s] INFO:colcon.colcon_core.shell:Creating package descriptor '/home/eliott/robot_ws/install/robot_description/share/robot_description/package.dsv'
[0.425s] INFO:colcon.colcon_core.shell:Creating package script '/home/eliott/robot_ws/install/robot_description/share/robot_description/package.sh'
[0.426s] INFO:colcon.colcon_core.shell:Creating package script '/home/eliott/robot_ws/install/robot_description/share/robot_description/package.bash'
[0.427s] INFO:colcon.colcon_core.shell:Creating package script '/home/eliott/robot_ws/install/robot_description/share/robot_description/package.zsh'
[0.429s] Level 1:colcon.colcon_core.environment:create_file_with_runtime_dependencies(/home/eliott/robot_ws/install/robot_description/share/colcon-core/packages/robot_description)
[0.430s] INFO:colcon.colcon_ros.task.ament_cmake.build:Building ROS package in '/home/eliott/robot_ws/src/robot_moveit_config' with build type 'ament_cmake'
[0.431s] INFO:colcon.colcon_cmake.task.cmake.build:Building CMake package in '/home/eliott/robot_ws/src/robot_moveit_config'
[0.431s] INFO:colcon.colcon_core.shell:Skip shell extension 'powershell' for command environment: Not usable outside of PowerShell
[0.431s] DEBUG:colcon.colcon_core.shell:Skip shell extension 'dsv' for command environment
[0.437s] Level 1:colcon.colcon_core.environment:create_environment_scripts_only(robot_control)
[0.437s] Level 1:colcon.colcon_core.environment:checking '/home/eliott/robot_ws/install/robot_control' for CMake module files
[0.437s] Level 1:colcon.colcon_core.environment:checking '/home/eliott/robot_ws/install/robot_control' for CMake config files
[0.438s] Level 1:colcon.colcon_core.shell:create_environment_hook('robot_control', 'cmake_prefix_path')
[0.438s] INFO:colcon.colcon_core.shell:Creating environment hook '/home/eliott/robot_ws/install/robot_control/share/robot_control/hook/cmake_prefix_path.ps1'
[0.439s] INFO:colcon.colcon_core.shell:Creating environment descriptor '/home/eliott/robot_ws/install/robot_control/share/robot_control/hook/cmake_prefix_path.dsv'
[0.440s] INFO:colcon.colcon_core.shell:Creating environment hook '/home/eliott/robot_ws/install/robot_control/share/robot_control/hook/cmake_prefix_path.sh'
[0.441s] Level 1:colcon.colcon_core.environment:checking '/home/eliott/robot_ws/install/robot_control/lib'
[0.441s] Level 1:colcon.colcon_core.environment:checking '/home/eliott/robot_ws/install/robot_control/bin'
[0.442s] Level 1:colcon.colcon_core.environment:checking '/home/eliott/robot_ws/install/robot_control/lib/pkgconfig/robot_control.pc'
[0.442s] Level 1:colcon.colcon_core.environment:checking '/home/eliott/robot_ws/install/robot_control/lib/python3.10/site-packages'
[0.442s] Level 1:colcon.colcon_core.environment:checking '/home/eliott/robot_ws/install/robot_control/bin'
[0.442s] INFO:colcon.colcon_core.shell:Creating package script '/home/eliott/robot_ws/install/robot_control/share/robot_control/package.ps1'
[0.443s] INFO:colcon.colcon_core.shell:Creating package descriptor '/home/eliott/robot_ws/install/robot_control/share/robot_control/package.dsv'
[0.444s] INFO:colcon.colcon_core.shell:Creating package script '/home/eliott/robot_ws/install/robot_control/share/robot_control/package.sh'
[0.446s] INFO:colcon.colcon_core.shell:Creating package script '/home/eliott/robot_ws/install/robot_control/share/robot_control/package.bash'
[0.447s] INFO:colcon.colcon_core.shell:Creating package script '/home/eliott/robot_ws/install/robot_control/share/robot_control/package.zsh'
[0.448s] Level 1:colcon.colcon_core.environment:create_file_with_runtime_dependencies(/home/eliott/robot_ws/install/robot_control/share/colcon-core/packages/robot_control)
[0.456s] DEBUG:colcon.colcon_core.event_handler.log_command:Invoking command in '/home/eliott/robot_ws/build/robot_moveit_config': CMAKE_PREFIX_PATH=/home/eliott/robot_ws/install/robot_description:/home/eliott/robot_ws/install/robot_moveit_config:/home/eliott/robot_ws/install/robot_control:/opt/ros/humble /usr/bin/cmake --build /home/eliott/robot_ws/build/robot_moveit_config -- -j12 -l12
[0.686s] DEBUG:colcon.colcon_core.event_handler.log_command:Invoked command in '/home/eliott/robot_ws/build/robot_moveit_config' returned '0': CMAKE_PREFIX_PATH=/home/eliott/robot_ws/install/robot_description:/home/eliott/robot_ws/install/robot_moveit_config:/home/eliott/robot_ws/install/robot_control:/opt/ros/humble /usr/bin/cmake --build /home/eliott/robot_ws/build/robot_moveit_config -- -j12 -l12
[0.705s] DEBUG:colcon.colcon_core.event_handler.log_command:Invoking command in '/home/eliott/robot_ws/build/robot_moveit_config': CMAKE_PREFIX_PATH=/home/eliott/robot_ws/install/robot_description:/home/eliott/robot_ws/install/robot_moveit_config:/home/eliott/robot_ws/install/robot_control:/opt/ros/humble /usr/bin/cmake --install /home/eliott/robot_ws/build/robot_moveit_config
[0.714s] Level 1:colcon.colcon_core.environment:create_environment_scripts_only(robot_moveit_config)
[0.715s] Level 1:colcon.colcon_core.environment:checking '/home/eliott/robot_ws/install/robot_moveit_config' for CMake module files
[0.715s] DEBUG:colcon.colcon_core.event_handler.log_command:Invoked command in '/home/eliott/robot_ws/build/robot_moveit_config' returned '0': CMAKE_PREFIX_PATH=/home/eliott/robot_ws/install/robot_description:/home/eliott/robot_ws/install/robot_moveit_config:/home/eliott/robot_ws/install/robot_control:/opt/ros/humble /usr/bin/cmake --install /home/eliott/robot_ws/build/robot_moveit_config
[0.715s] Level 1:colcon.colcon_core.environment:checking '/home/eliott/robot_ws/install/robot_moveit_config' for CMake config files
[0.715s] Level 1:colcon.colcon_core.shell:create_environment_hook('robot_moveit_config', 'cmake_prefix_path')
[0.716s] INFO:colcon.colcon_core.shell:Creating environment hook '/home/eliott/robot_ws/install/robot_moveit_config/share/robot_moveit_config/hook/cmake_prefix_path.ps1'
[0.716s] INFO:colcon.colcon_core.shell:Creating environment descriptor '/home/eliott/robot_ws/install/robot_moveit_config/share/robot_moveit_config/hook/cmake_prefix_path.dsv'
[0.717s] INFO:colcon.colcon_core.shell:Creating environment hook '/home/eliott/robot_ws/install/robot_moveit_config/share/robot_moveit_config/hook/cmake_prefix_path.sh'
[0.719s] Level 1:colcon.colcon_core.environment:checking '/home/eliott/robot_ws/install/robot_moveit_config/bin'
[0.719s] Level 1:colcon.colcon_core.environment:checking '/home/eliott/robot_ws/install/robot_moveit_config/lib/pkgconfig/robot_moveit_config.pc'
[0.719s] Level 1:colcon.colcon_core.environment:checking '/home/eliott/robot_ws/install/robot_moveit_config/lib/python3.10/site-packages'
[0.720s] Level 1:colcon.colcon_core.environment:checking '/home/eliott/robot_ws/install/robot_moveit_config/bin'
[0.720s] INFO:colcon.colcon_core.shell:Creating package script '/home/eliott/robot_ws/install/robot_moveit_config/share/robot_moveit_config/package.ps1'
[0.721s] INFO:colcon.colcon_core.shell:Creating package descriptor '/home/eliott/robot_ws/install/robot_moveit_config/share/robot_moveit_config/package.dsv'
[0.722s] INFO:colcon.colcon_core.shell:Creating package script '/home/eliott/robot_ws/install/robot_moveit_config/share/robot_moveit_config/package.sh'
[0.723s] INFO:colcon.colcon_core.shell:Creating package script '/home/eliott/robot_ws/install/robot_moveit_config/share/robot_moveit_config/package.bash'
[0.724s] INFO:colcon.colcon_core.shell:Creating package script '/home/eliott/robot_ws/install/robot_moveit_config/share/robot_moveit_config/package.zsh'
[0.726s] Level 1:colcon.colcon_core.environment:create_file_with_runtime_dependencies(/home/eliott/robot_ws/install/robot_moveit_config/share/colcon-core/packages/robot_moveit_config)
[0.744s] Level 1:colcon.colcon_core.environment:create_environment_scripts_only(robot_moveit_config)
[0.745s] Level 1:colcon.colcon_core.environment:checking '/home/eliott/robot_ws/install/robot_moveit_config' for CMake module files
[0.745s] Level 1:colcon.colcon_core.environment:checking '/home/eliott/robot_ws/install/robot_moveit_config' for CMake config files
[0.745s] Level 1:colcon.colcon_core.shell:create_environment_hook('robot_moveit_config', 'cmake_prefix_path')
[0.746s] INFO:colcon.colcon_core.shell:Creating environment hook '/home/eliott/robot_ws/install/robot_moveit_config/share/robot_moveit_config/hook/cmake_prefix_path.ps1'
[0.746s] INFO:colcon.colcon_core.shell:Creating environment descriptor '/home/eliott/robot_ws/install/robot_moveit_config/share/robot_moveit_config/hook/cmake_prefix_path.dsv'
[0.747s] INFO:colcon.colcon_core.shell:Creating environment hook '/home/eliott/robot_ws/install/robot_moveit_config/share/robot_moveit_config/hook/cmake_prefix_path.sh'
[0.749s] Level 1:colcon.colcon_core.environment:checking '/home/eliott/robot_ws/install/robot_moveit_config/bin'
[0.749s] Level 1:colcon.colcon_core.environment:checking '/home/eliott/robot_ws/install/robot_moveit_config/lib/pkgconfig/robot_moveit_config.pc'
[0.749s] Level 1:colcon.colcon_core.environment:checking '/home/eliott/robot_ws/install/robot_moveit_config/lib/python3.10/site-packages'
[0.749s] Level 1:colcon.colcon_core.environment:checking '/home/eliott/robot_ws/install/robot_moveit_config/bin'
[0.750s] INFO:colcon.colcon_core.shell:Creating package script '/home/eliott/robot_ws/install/robot_moveit_config/share/robot_moveit_config/package.ps1'
[0.750s] INFO:colcon.colcon_core.shell:Creating package descriptor '/home/eliott/robot_ws/install/robot_moveit_config/share/robot_moveit_config/package.dsv'
[0.751s] INFO:colcon.colcon_core.shell:Creating package script '/home/eliott/robot_ws/install/robot_moveit_config/share/robot_moveit_config/package.sh'
[0.753s] INFO:colcon.colcon_core.shell:Creating package script '/home/eliott/robot_ws/install/robot_moveit_config/share/robot_moveit_config/package.bash'
[0.754s] INFO:colcon.colcon_core.shell:Creating package script '/home/eliott/robot_ws/install/robot_moveit_config/share/robot_moveit_config/package.zsh'
[0.755s] Level 1:colcon.colcon_core.environment:create_file_with_runtime_dependencies(/home/eliott/robot_ws/install/robot_moveit_config/share/colcon-core/packages/robot_moveit_config)
[0.757s] DEBUG:colcon.colcon_parallel_executor.executor.parallel:closing loop
[0.757s] DEBUG:colcon.colcon_parallel_executor.executor.parallel:loop closed
[0.757s] DEBUG:colcon.colcon_parallel_executor.executor.parallel:run_until_complete finished with '0'
[0.757s] DEBUG:colcon.colcon_core.event_reactor:joining thread
[0.762s] INFO:colcon.colcon_core.plugin_system:Skipping extension 'colcon_notification.desktop_notification.terminal_notifier': Not used on non-Darwin systems
[0.762s] INFO:colcon.colcon_core.plugin_system:Skipping extension 'colcon_notification.desktop_notification.win32': Not used on non-Windows systems
[0.762s] INFO:colcon.colcon_notification.desktop_notification:Sending desktop notification using 'notify2'
[0.772s] DEBUG:colcon.colcon_core.event_reactor:joined thread
[0.772s] INFO:colcon.colcon_core.shell:Creating prefix script '/home/eliott/robot_ws/install/local_setup.ps1'
[0.774s] INFO:colcon.colcon_core.shell:Creating prefix util module '/home/eliott/robot_ws/install/_local_setup_util_ps1.py'
[0.775s] INFO:colcon.colcon_core.shell:Creating prefix chain script '/home/eliott/robot_ws/install/setup.ps1'
[0.777s] INFO:colcon.colcon_core.shell:Creating prefix script '/home/eliott/robot_ws/install/local_setup.sh'
[0.778s] INFO:colcon.colcon_core.shell:Creating prefix util module '/home/eliott/robot_ws/install/_local_setup_util_sh.py'
[0.780s] INFO:colcon.colcon_core.shell:Creating prefix chain script '/home/eliott/robot_ws/install/setup.sh'
[0.782s] INFO:colcon.colcon_core.shell:Creating prefix script '/home/eliott/robot_ws/install/local_setup.bash'
[0.783s] INFO:colcon.colcon_core.shell:Creating prefix chain script '/home/eliott/robot_ws/install/setup.bash'
[0.784s] INFO:colcon.colcon_core.shell:Creating prefix script '/home/eliott/robot_ws/install/local_setup.zsh'
[0.786s] INFO:colcon.colcon_core.shell:Creating prefix chain script '/home/eliott/robot_ws/install/setup.zsh'
