[0.129s] DEBUG:colcon:Command line arguments: ['/usr/bin/colcon', 'build']
[0.130s] DEBUG:colcon:Parsed command line arguments: Namespace(log_base=None, log_level=None, verb_name='build', build_base='build', install_base='install', merge_install=False, symlink_install=False, test_result_base=None, continue_on_error=False, executor='parallel', parallel_workers=12, event_handlers=None, ignore_user_meta=False, metas=['./colcon.meta'], base_paths=['.'], packages_ignore=None, packages_ignore_regex=None, paths=None, packages_up_to=None, packages_up_to_regex=None, packages_above=None, packages_above_and_dependencies=None, packages_above_depth=None, packages_select_by_dep=None, packages_skip_by_dep=None, packages_skip_up_to=None, packages_select_build_failed=False, packages_skip_build_finished=False, packages_select_test_failures=False, packages_skip_test_passed=False, packages_select=None, packages_skip=None, packages_select_regex=None, packages_skip_regex=None, packages_start=None, packages_end=None, allow_overriding=[], cmake_args=None, cmake_target=None, cmake_target_skip_unavailable=False, cmake_clean_cache=False, cmake_clean_first=False, cmake_force_configure=False, ament_cmake_args=None, catkin_cmake_args=None, catkin_skip_building_tests=False, verb_parser=<colcon_defaults.argument_parser.defaults.DefaultArgumentsDecorator object at 0x716a69c48250>, verb_extension=<colcon_core.verb.build.BuildVerb object at 0x716a69c138e0>, main=<bound method BuildVerb.main of <colcon_core.verb.build.BuildVerb object at 0x716a69c138e0>>)
[0.278s] Level 1:colcon.colcon_core.package_discovery:discover_packages(colcon_meta) check parameters
[0.278s] Level 1:colcon.colcon_core.package_discovery:discover_packages(recursive) check parameters
[0.278s] Level 1:colcon.colcon_core.package_discovery:discover_packages(ignore) check parameters
[0.278s] Level 1:colcon.colcon_core.package_discovery:discover_packages(path) check parameters
[0.278s] Level 1:colcon.colcon_core.package_discovery:discover_packages(colcon_meta) discover
[0.278s] Level 1:colcon.colcon_core.package_discovery:discover_packages(recursive) discover
[0.278s] INFO:colcon.colcon_core.package_discovery:Crawling recursively for packages in '/home/eliott/robot_ws'
[0.278s] Level 1:colcon.colcon_core.package_identification:_identify(.) by extensions ['ignore', 'ignore_ament_install']
[0.278s] Level 1:colcon.colcon_core.package_identification:_identify(.) by extension 'ignore'
[0.278s] Level 1:colcon.colcon_core.package_identification:_identify(.) by extension 'ignore_ament_install'
[0.278s] Level 1:colcon.colcon_core.package_identification:_identify(.) by extensions ['colcon_pkg']
[0.278s] Level 1:colcon.colcon_core.package_identification:_identify(.) by extension 'colcon_pkg'
[0.278s] Level 1:colcon.colcon_core.package_identification:_identify(.) by extensions ['colcon_meta']
[0.278s] Level 1:colcon.colcon_core.package_identification:_identify(.) by extension 'colcon_meta'
[0.278s] Level 1:colcon.colcon_core.package_identification:_identify(.) by extensions ['ros']
[0.278s] Level 1:colcon.colcon_core.package_identification:_identify(.) by extension 'ros'
[0.289s] Level 1:colcon.colcon_core.package_identification:_identify(.) by extensions ['cmake', 'python']
[0.289s] Level 1:colcon.colcon_core.package_identification:_identify(.) by extension 'cmake'
[0.289s] Level 1:colcon.colcon_core.package_identification:_identify(.) by extension 'python'
[0.289s] Level 1:colcon.colcon_core.package_identification:_identify(.) by extensions ['python_setup_py']
[0.289s] Level 1:colcon.colcon_core.package_identification:_identify(.) by extension 'python_setup_py'
[0.289s] Level 1:colcon.colcon_core.package_identification:_identify(build) by extensions ['ignore', 'ignore_ament_install']
[0.289s] Level 1:colcon.colcon_core.package_identification:_identify(build) by extension 'ignore'
[0.289s] Level 1:colcon.colcon_core.package_identification:_identify(build) ignored
[0.289s] Level 1:colcon.colcon_core.package_identification:_identify(install) by extensions ['ignore', 'ignore_ament_install']
[0.290s] Level 1:colcon.colcon_core.package_identification:_identify(install) by extension 'ignore'
[0.290s] Level 1:colcon.colcon_core.package_identification:_identify(install) ignored
[0.290s] Level 1:colcon.colcon_core.package_identification:_identify(log) by extensions ['ignore', 'ignore_ament_install']
[0.290s] Level 1:colcon.colcon_core.package_identification:_identify(log) by extension 'ignore'
[0.290s] Level 1:colcon.colcon_core.package_identification:_identify(log) ignored
[0.290s] Level 1:colcon.colcon_core.package_identification:_identify(src) by extensions ['ignore', 'ignore_ament_install']
[0.290s] Level 1:colcon.colcon_core.package_identification:_identify(src) by extension 'ignore'
[0.290s] Level 1:colcon.colcon_core.package_identification:_identify(src) by extension 'ignore_ament_install'
[0.290s] Level 1:colcon.colcon_core.package_identification:_identify(src) by extensions ['colcon_pkg']
[0.290s] Level 1:colcon.colcon_core.package_identification:_identify(src) by extension 'colcon_pkg'
[0.290s] Level 1:colcon.colcon_core.package_identification:_identify(src) by extensions ['colcon_meta']
[0.290s] Level 1:colcon.colcon_core.package_identification:_identify(src) by extension 'colcon_meta'
[0.290s] Level 1:colcon.colcon_core.package_identification:_identify(src) by extensions ['ros']
[0.290s] Level 1:colcon.colcon_core.package_identification:_identify(src) by extension 'ros'
[0.290s] Level 1:colcon.colcon_core.package_identification:_identify(src) by extensions ['cmake', 'python']
[0.290s] Level 1:colcon.colcon_core.package_identification:_identify(src) by extension 'cmake'
[0.290s] Level 1:colcon.colcon_core.package_identification:_identify(src) by extension 'python'
[0.290s] Level 1:colcon.colcon_core.package_identification:_identify(src) by extensions ['python_setup_py']
[0.290s] Level 1:colcon.colcon_core.package_identification:_identify(src) by extension 'python_setup_py'
[0.291s] Level 1:colcon.colcon_core.package_identification:_identify(src/robot_control) by extensions ['ignore', 'ignore_ament_install']
[0.291s] Level 1:colcon.colcon_core.package_identification:_identify(src/robot_control) by extension 'ignore'
[0.291s] Level 1:colcon.colcon_core.package_identification:_identify(src/robot_control) by extension 'ignore_ament_install'
[0.291s] Level 1:colcon.colcon_core.package_identification:_identify(src/robot_control) by extensions ['colcon_pkg']
[0.291s] Level 1:colcon.colcon_core.package_identification:_identify(src/robot_control) by extension 'colcon_pkg'
[0.291s] Level 1:colcon.colcon_core.package_identification:_identify(src/robot_control) by extensions ['colcon_meta']
[0.291s] Level 1:colcon.colcon_core.package_identification:_identify(src/robot_control) by extension 'colcon_meta'
[0.291s] Level 1:colcon.colcon_core.package_identification:_identify(src/robot_control) by extensions ['ros']
[0.291s] Level 1:colcon.colcon_core.package_identification:_identify(src/robot_control) by extension 'ros'
[0.294s] DEBUG:colcon.colcon_core.package_identification:Package 'src/robot_control' with type 'ros.ament_cmake' and name 'robot_control'
[0.294s] Level 1:colcon.colcon_core.package_identification:_identify(src/robot_description) by extensions ['ignore', 'ignore_ament_install']
[0.294s] Level 1:colcon.colcon_core.package_identification:_identify(src/robot_description) by extension 'ignore'
[0.294s] Level 1:colcon.colcon_core.package_identification:_identify(src/robot_description) by extension 'ignore_ament_install'
[0.294s] Level 1:colcon.colcon_core.package_identification:_identify(src/robot_description) by extensions ['colcon_pkg']
[0.294s] Level 1:colcon.colcon_core.package_identification:_identify(src/robot_description) by extension 'colcon_pkg'
[0.295s] Level 1:colcon.colcon_core.package_identification:_identify(src/robot_description) by extensions ['colcon_meta']
[0.295s] Level 1:colcon.colcon_core.package_identification:_identify(src/robot_description) by extension 'colcon_meta'
[0.295s] Level 1:colcon.colcon_core.package_identification:_identify(src/robot_description) by extensions ['ros']
[0.295s] Level 1:colcon.colcon_core.package_identification:_identify(src/robot_description) by extension 'ros'
[0.296s] DEBUG:colcon.colcon_core.package_identification:Package 'src/robot_description' with type 'ros.ament_cmake' and name 'robot_description'
[0.296s] Level 1:colcon.colcon_core.package_identification:_identify(src/robot_moveit_config) by extensions ['ignore', 'ignore_ament_install']
[0.297s] Level 1:colcon.colcon_core.package_identification:_identify(src/robot_moveit_config) by extension 'ignore'
[0.297s] Level 1:colcon.colcon_core.package_identification:_identify(src/robot_moveit_config) by extension 'ignore_ament_install'
[0.297s] Level 1:colcon.colcon_core.package_identification:_identify(src/robot_moveit_config) by extensions ['colcon_pkg']
[0.297s] Level 1:colcon.colcon_core.package_identification:_identify(src/robot_moveit_config) by extension 'colcon_pkg'
[0.297s] Level 1:colcon.colcon_core.package_identification:_identify(src/robot_moveit_config) by extensions ['colcon_meta']
[0.297s] Level 1:colcon.colcon_core.package_identification:_identify(src/robot_moveit_config) by extension 'colcon_meta'
[0.297s] Level 1:colcon.colcon_core.package_identification:_identify(src/robot_moveit_config) by extensions ['ros']
[0.297s] Level 1:colcon.colcon_core.package_identification:_identify(src/robot_moveit_config) by extension 'ros'
[0.298s] DEBUG:colcon.colcon_core.package_identification:Package 'src/robot_moveit_config' with type 'ros.ament_cmake' and name 'robot_moveit_config'
[0.298s] Level 1:colcon.colcon_core.package_discovery:discover_packages(recursive) using defaults
[0.298s] Level 1:colcon.colcon_core.package_discovery:discover_packages(ignore) discover
[0.298s] Level 1:colcon.colcon_core.package_discovery:discover_packages(ignore) using defaults
[0.298s] Level 1:colcon.colcon_core.package_discovery:discover_packages(path) discover
[0.298s] Level 1:colcon.colcon_core.package_discovery:discover_packages(path) using defaults
[0.324s] Level 1:colcon.colcon_core.package_discovery:discover_packages(prefix_path) check parameters
[0.324s] Level 1:colcon.colcon_core.package_discovery:discover_packages(prefix_path) discover
[0.326s] DEBUG:colcon.colcon_installed_package_information.package_discovery:Found 3 installed packages in /home/eliott/robot_ws/install
[0.328s] DEBUG:colcon.colcon_installed_package_information.package_discovery:Found 366 installed packages in /opt/ros/humble
[0.331s] Level 1:colcon.colcon_core.package_discovery:discover_packages(prefix_path) using defaults
[0.400s] Level 5:colcon.colcon_core.verb:set package 'robot_control' build argument 'cmake_args' from command line to 'None'
[0.400s] Level 5:colcon.colcon_core.verb:set package 'robot_control' build argument 'cmake_target' from command line to 'None'
[0.400s] Level 5:colcon.colcon_core.verb:set package 'robot_control' build argument 'cmake_target_skip_unavailable' from command line to 'False'
[0.400s] Level 5:colcon.colcon_core.verb:set package 'robot_control' build argument 'cmake_clean_cache' from command line to 'False'
[0.400s] Level 5:colcon.colcon_core.verb:set package 'robot_control' build argument 'cmake_clean_first' from command line to 'False'
[0.400s] Level 5:colcon.colcon_core.verb:set package 'robot_control' build argument 'cmake_force_configure' from command line to 'False'
[0.400s] Level 5:colcon.colcon_core.verb:set package 'robot_control' build argument 'ament_cmake_args' from command line to 'None'
[0.400s] Level 5:colcon.colcon_core.verb:set package 'robot_control' build argument 'catkin_cmake_args' from command line to 'None'
[0.400s] Level 5:colcon.colcon_core.verb:set package 'robot_control' build argument 'catkin_skip_building_tests' from command line to 'False'
[0.400s] DEBUG:colcon.colcon_core.verb:Building package 'robot_control' with the following arguments: {'ament_cmake_args': None, 'build_base': '/home/eliott/robot_ws/build/robot_control', 'catkin_cmake_args': None, 'catkin_skip_building_tests': False, 'cmake_args': None, 'cmake_clean_cache': False, 'cmake_clean_first': False, 'cmake_force_configure': False, 'cmake_target': None, 'cmake_target_skip_unavailable': False, 'install_base': '/home/eliott/robot_ws/install/robot_control', 'merge_install': False, 'path': '/home/eliott/robot_ws/src/robot_control', 'symlink_install': False, 'test_result_base': None}
[0.401s] Level 5:colcon.colcon_core.verb:set package 'robot_description' build argument 'cmake_args' from command line to 'None'
[0.401s] Level 5:colcon.colcon_core.verb:set package 'robot_description' build argument 'cmake_target' from command line to 'None'
[0.401s] Level 5:colcon.colcon_core.verb:set package 'robot_description' build argument 'cmake_target_skip_unavailable' from command line to 'False'
[0.401s] Level 5:colcon.colcon_core.verb:set package 'robot_description' build argument 'cmake_clean_cache' from command line to 'False'
[0.401s] Level 5:colcon.colcon_core.verb:set package 'robot_description' build argument 'cmake_clean_first' from command line to 'False'
[0.401s] Level 5:colcon.colcon_core.verb:set package 'robot_description' build argument 'cmake_force_configure' from command line to 'False'
[0.401s] Level 5:colcon.colcon_core.verb:set package 'robot_description' build argument 'ament_cmake_args' from command line to 'None'
[0.401s] Level 5:colcon.colcon_core.verb:set package 'robot_description' build argument 'catkin_cmake_args' from command line to 'None'
[0.401s] Level 5:colcon.colcon_core.verb:set package 'robot_description' build argument 'catkin_skip_building_tests' from command line to 'False'
[0.401s] DEBUG:colcon.colcon_core.verb:Building package 'robot_description' with the following arguments: {'ament_cmake_args': None, 'build_base': '/home/eliott/robot_ws/build/robot_description', 'catkin_cmake_args': None, 'catkin_skip_building_tests': False, 'cmake_args': None, 'cmake_clean_cache': False, 'cmake_clean_first': False, 'cmake_force_configure': False, 'cmake_target': None, 'cmake_target_skip_unavailable': False, 'install_base': '/home/eliott/robot_ws/install/robot_description', 'merge_install': False, 'path': '/home/eliott/robot_ws/src/robot_description', 'symlink_install': False, 'test_result_base': None}
[0.402s] Level 5:colcon.colcon_core.verb:set package 'robot_moveit_config' build argument 'cmake_args' from command line to 'None'
[0.402s] Level 5:colcon.colcon_core.verb:set package 'robot_moveit_config' build argument 'cmake_target' from command line to 'None'
[0.402s] Level 5:colcon.colcon_core.verb:set package 'robot_moveit_config' build argument 'cmake_target_skip_unavailable' from command line to 'False'
[0.402s] Level 5:colcon.colcon_core.verb:set package 'robot_moveit_config' build argument 'cmake_clean_cache' from command line to 'False'
[0.402s] Level 5:colcon.colcon_core.verb:set package 'robot_moveit_config' build argument 'cmake_clean_first' from command line to 'False'
[0.402s] Level 5:colcon.colcon_core.verb:set package 'robot_moveit_config' build argument 'cmake_force_configure' from command line to 'False'
[0.402s] Level 5:colcon.colcon_core.verb:set package 'robot_moveit_config' build argument 'ament_cmake_args' from command line to 'None'
[0.402s] Level 5:colcon.colcon_core.verb:set package 'robot_moveit_config' build argument 'catkin_cmake_args' from command line to 'None'
[0.402s] Level 5:colcon.colcon_core.verb:set package 'robot_moveit_config' build argument 'catkin_skip_building_tests' from command line to 'False'
[0.402s] DEBUG:colcon.colcon_core.verb:Building package 'robot_moveit_config' with the following arguments: {'ament_cmake_args': None, 'build_base': '/home/eliott/robot_ws/build/robot_moveit_config', 'catkin_cmake_args': None, 'catkin_skip_building_tests': False, 'cmake_args': None, 'cmake_clean_cache': False, 'cmake_clean_first': False, 'cmake_force_configure': False, 'cmake_target': None, 'cmake_target_skip_unavailable': False, 'install_base': '/home/eliott/robot_ws/install/robot_moveit_config', 'merge_install': False, 'path': '/home/eliott/robot_ws/src/robot_moveit_config', 'symlink_install': False, 'test_result_base': None}
[0.402s] INFO:colcon.colcon_core.executor:Executing jobs using 'parallel' executor
[0.403s] DEBUG:colcon.colcon_parallel_executor.executor.parallel:run_until_complete
[0.404s] INFO:colcon.colcon_ros.task.ament_cmake.build:Building ROS package in '/home/eliott/robot_ws/src/robot_description' with build type 'ament_cmake'
[0.404s] INFO:colcon.colcon_cmake.task.cmake.build:Building CMake package in '/home/eliott/robot_ws/src/robot_description'
[0.406s] INFO:colcon.colcon_core.plugin_system:Skipping extension 'colcon_core.shell.bat': Not used on non-Windows systems
[0.406s] INFO:colcon.colcon_core.shell:Skip shell extension 'powershell' for command environment: Not usable outside of PowerShell
[0.406s] DEBUG:colcon.colcon_core.shell:Skip shell extension 'dsv' for command environment
[0.537s] INFO:colcon.colcon_ros.task.ament_cmake.build:Building ROS package in '/home/eliott/robot_ws/src/robot_control' with build type 'ament_cmake'
[0.537s] INFO:colcon.colcon_cmake.task.cmake.build:Building CMake package in '/home/eliott/robot_ws/src/robot_control'
[0.538s] INFO:colcon.colcon_core.shell:Skip shell extension 'powershell' for command environment: Not usable outside of PowerShell
[0.538s] DEBUG:colcon.colcon_core.shell:Skip shell extension 'dsv' for command environment
[0.675s] DEBUG:colcon.colcon_core.event_handler.log_command:Invoking command in '/home/eliott/robot_ws/build/robot_description': CMAKE_PREFIX_PATH=${CMAKE_PREFIX_PATH}:/opt/ros/humble /usr/bin/cmake --build /home/eliott/robot_ws/build/robot_description -- -j12 -l12
[0.681s] DEBUG:colcon.colcon_core.event_handler.log_command:Invoking command in '/home/eliott/robot_ws/build/robot_control': CMAKE_PREFIX_PATH=${CMAKE_PREFIX_PATH}:/opt/ros/humble /usr/bin/cmake --build /home/eliott/robot_ws/build/robot_control -- -j12 -l12
[0.711s] DEBUG:colcon.colcon_core.event_handler.log_command:Invoked command in '/home/eliott/robot_ws/build/robot_description' returned '0': CMAKE_PREFIX_PATH=${CMAKE_PREFIX_PATH}:/opt/ros/humble /usr/bin/cmake --build /home/eliott/robot_ws/build/robot_description -- -j12 -l12
[0.740s] DEBUG:colcon.colcon_core.event_handler.log_command:Invoking command in '/home/eliott/robot_ws/build/robot_description': CMAKE_PREFIX_PATH=${CMAKE_PREFIX_PATH}:/opt/ros/humble /usr/bin/cmake --install /home/eliott/robot_ws/build/robot_description
[0.749s] DEBUG:colcon.colcon_core.event_handler.log_command:Invoked command in '/home/eliott/robot_ws/build/robot_control' returned '0': CMAKE_PREFIX_PATH=${CMAKE_PREFIX_PATH}:/opt/ros/humble /usr/bin/cmake --build /home/eliott/robot_ws/build/robot_control -- -j12 -l12
[0.750s] Level 1:colcon.colcon_core.environment:create_environment_scripts_only(robot_description)
[0.751s] DEBUG:colcon.colcon_core.event_handler.log_command:Invoked command in '/home/eliott/robot_ws/build/robot_description' returned '0': CMAKE_PREFIX_PATH=${CMAKE_PREFIX_PATH}:/opt/ros/humble /usr/bin/cmake --install /home/eliott/robot_ws/build/robot_description
[0.752s] Level 1:colcon.colcon_core.environment:checking '/home/eliott/robot_ws/install/robot_description' for CMake module files
[0.753s] Level 1:colcon.colcon_core.environment:checking '/home/eliott/robot_ws/install/robot_description' for CMake config files
[0.753s] Level 1:colcon.colcon_core.shell:create_environment_hook('robot_description', 'cmake_prefix_path')
[0.753s] INFO:colcon.colcon_core.shell:Creating environment hook '/home/eliott/robot_ws/install/robot_description/share/robot_description/hook/cmake_prefix_path.ps1'
[0.754s] INFO:colcon.colcon_core.shell:Creating environment descriptor '/home/eliott/robot_ws/install/robot_description/share/robot_description/hook/cmake_prefix_path.dsv'
[0.755s] INFO:colcon.colcon_core.shell:Creating environment hook '/home/eliott/robot_ws/install/robot_description/share/robot_description/hook/cmake_prefix_path.sh'
[0.819s] Level 1:colcon.colcon_core.environment:checking '/home/eliott/robot_ws/install/robot_description/bin'
[0.819s] Level 1:colcon.colcon_core.environment:checking '/home/eliott/robot_ws/install/robot_description/lib/pkgconfig/robot_description.pc'
[0.819s] Level 1:colcon.colcon_core.environment:checking '/home/eliott/robot_ws/install/robot_description/lib/python3.10/site-packages'
[0.819s] Level 1:colcon.colcon_core.environment:checking '/home/eliott/robot_ws/install/robot_description/bin'
[0.819s] INFO:colcon.colcon_core.shell:Creating package script '/home/eliott/robot_ws/install/robot_description/share/robot_description/package.ps1'
[0.820s] INFO:colcon.colcon_core.shell:Creating package descriptor '/home/eliott/robot_ws/install/robot_description/share/robot_description/package.dsv'
[0.821s] INFO:colcon.colcon_core.shell:Creating package script '/home/eliott/robot_ws/install/robot_description/share/robot_description/package.sh'
[0.885s] INFO:colcon.colcon_core.shell:Creating package script '/home/eliott/robot_ws/install/robot_description/share/robot_description/package.bash'
[0.886s] INFO:colcon.colcon_core.shell:Creating package script '/home/eliott/robot_ws/install/robot_description/share/robot_description/package.zsh'
[0.887s] Level 1:colcon.colcon_core.environment:create_file_with_runtime_dependencies(/home/eliott/robot_ws/install/robot_description/share/colcon-core/packages/robot_description)
[0.953s] DEBUG:colcon.colcon_core.event_handler.log_command:Invoking command in '/home/eliott/robot_ws/build/robot_control': CMAKE_PREFIX_PATH=${CMAKE_PREFIX_PATH}:/opt/ros/humble /usr/bin/cmake --install /home/eliott/robot_ws/build/robot_control
[0.962s] Level 1:colcon.colcon_core.environment:create_environment_scripts_only(robot_control)
[0.962s] Level 1:colcon.colcon_core.environment:checking '/home/eliott/robot_ws/install/robot_control' for CMake module files
[0.963s] DEBUG:colcon.colcon_core.event_handler.log_command:Invoked command in '/home/eliott/robot_ws/build/robot_control' returned '0': CMAKE_PREFIX_PATH=${CMAKE_PREFIX_PATH}:/opt/ros/humble /usr/bin/cmake --install /home/eliott/robot_ws/build/robot_control
[0.963s] Level 1:colcon.colcon_core.environment:checking '/home/eliott/robot_ws/install/robot_control' for CMake config files
[0.963s] Level 1:colcon.colcon_core.shell:create_environment_hook('robot_control', 'cmake_prefix_path')
[0.963s] INFO:colcon.colcon_core.shell:Creating environment hook '/home/eliott/robot_ws/install/robot_control/share/robot_control/hook/cmake_prefix_path.ps1'
[0.964s] INFO:colcon.colcon_core.shell:Creating environment descriptor '/home/eliott/robot_ws/install/robot_control/share/robot_control/hook/cmake_prefix_path.dsv'
[1.027s] INFO:colcon.colcon_core.shell:Creating environment hook '/home/eliott/robot_ws/install/robot_control/share/robot_control/hook/cmake_prefix_path.sh'
[1.028s] Level 1:colcon.colcon_core.environment:checking '/home/eliott/robot_ws/install/robot_control/lib'
[1.029s] Level 1:colcon.colcon_core.environment:checking '/home/eliott/robot_ws/install/robot_control/bin'
[1.029s] Level 1:colcon.colcon_core.environment:checking '/home/eliott/robot_ws/install/robot_control/lib/pkgconfig/robot_control.pc'
[1.029s] Level 1:colcon.colcon_core.environment:checking '/home/eliott/robot_ws/install/robot_control/lib/python3.10/site-packages'
[1.029s] Level 1:colcon.colcon_core.environment:checking '/home/eliott/robot_ws/install/robot_control/bin'
[1.029s] INFO:colcon.colcon_core.shell:Creating package script '/home/eliott/robot_ws/install/robot_control/share/robot_control/package.ps1'
[1.030s] INFO:colcon.colcon_core.shell:Creating package descriptor '/home/eliott/robot_ws/install/robot_control/share/robot_control/package.dsv'
[1.093s] INFO:colcon.colcon_core.shell:Creating package script '/home/eliott/robot_ws/install/robot_control/share/robot_control/package.sh'
[1.094s] INFO:colcon.colcon_core.shell:Creating package script '/home/eliott/robot_ws/install/robot_control/share/robot_control/package.bash'
[1.095s] INFO:colcon.colcon_core.shell:Creating package script '/home/eliott/robot_ws/install/robot_control/share/robot_control/package.zsh'
[1.158s] Level 1:colcon.colcon_core.environment:create_file_with_runtime_dependencies(/home/eliott/robot_ws/install/robot_control/share/colcon-core/packages/robot_control)
[1.161s] Level 1:colcon.colcon_core.environment:create_environment_scripts_only(robot_description)
[1.161s] Level 1:colcon.colcon_core.environment:checking '/home/eliott/robot_ws/install/robot_description' for CMake module files
[1.162s] Level 1:colcon.colcon_core.environment:checking '/home/eliott/robot_ws/install/robot_description' for CMake config files
[1.162s] Level 1:colcon.colcon_core.shell:create_environment_hook('robot_description', 'cmake_prefix_path')
[1.162s] INFO:colcon.colcon_core.shell:Creating environment hook '/home/eliott/robot_ws/install/robot_description/share/robot_description/hook/cmake_prefix_path.ps1'
[1.162s] INFO:colcon.colcon_core.shell:Creating environment descriptor '/home/eliott/robot_ws/install/robot_description/share/robot_description/hook/cmake_prefix_path.dsv'
[1.226s] INFO:colcon.colcon_core.shell:Creating environment hook '/home/eliott/robot_ws/install/robot_description/share/robot_description/hook/cmake_prefix_path.sh'
[1.227s] Level 1:colcon.colcon_core.environment:checking '/home/eliott/robot_ws/install/robot_description/bin'
[1.227s] Level 1:colcon.colcon_core.environment:checking '/home/eliott/robot_ws/install/robot_description/lib/pkgconfig/robot_description.pc'
[1.228s] Level 1:colcon.colcon_core.environment:checking '/home/eliott/robot_ws/install/robot_description/lib/python3.10/site-packages'
[1.228s] Level 1:colcon.colcon_core.environment:checking '/home/eliott/robot_ws/install/robot_description/bin'
[1.228s] INFO:colcon.colcon_core.shell:Creating package script '/home/eliott/robot_ws/install/robot_description/share/robot_description/package.ps1'
[1.228s] INFO:colcon.colcon_core.shell:Creating package descriptor '/home/eliott/robot_ws/install/robot_description/share/robot_description/package.dsv'
[1.292s] INFO:colcon.colcon_core.shell:Creating package script '/home/eliott/robot_ws/install/robot_description/share/robot_description/package.sh'
[1.293s] INFO:colcon.colcon_core.shell:Creating package script '/home/eliott/robot_ws/install/robot_description/share/robot_description/package.bash'
[1.294s] INFO:colcon.colcon_core.shell:Creating package script '/home/eliott/robot_ws/install/robot_description/share/robot_description/package.zsh'
[1.359s] Level 1:colcon.colcon_core.environment:create_file_with_runtime_dependencies(/home/eliott/robot_ws/install/robot_description/share/colcon-core/packages/robot_description)
[1.362s] INFO:colcon.colcon_ros.task.ament_cmake.build:Building ROS package in '/home/eliott/robot_ws/src/robot_moveit_config' with build type 'ament_cmake'
[1.362s] INFO:colcon.colcon_cmake.task.cmake.build:Building CMake package in '/home/eliott/robot_ws/src/robot_moveit_config'
[1.362s] INFO:colcon.colcon_core.shell:Skip shell extension 'powershell' for command environment: Not usable outside of PowerShell
[1.362s] DEBUG:colcon.colcon_core.shell:Skip shell extension 'dsv' for command environment
[1.429s] Level 1:colcon.colcon_core.environment:create_environment_scripts_only(robot_control)
[1.429s] Level 1:colcon.colcon_core.environment:checking '/home/eliott/robot_ws/install/robot_control' for CMake module files
[1.429s] Level 1:colcon.colcon_core.environment:checking '/home/eliott/robot_ws/install/robot_control' for CMake config files
[1.429s] Level 1:colcon.colcon_core.shell:create_environment_hook('robot_control', 'cmake_prefix_path')
[1.429s] INFO:colcon.colcon_core.shell:Creating environment hook '/home/eliott/robot_ws/install/robot_control/share/robot_control/hook/cmake_prefix_path.ps1'
[1.430s] INFO:colcon.colcon_core.shell:Creating environment descriptor '/home/eliott/robot_ws/install/robot_control/share/robot_control/hook/cmake_prefix_path.dsv'
[1.431s] INFO:colcon.colcon_core.shell:Creating environment hook '/home/eliott/robot_ws/install/robot_control/share/robot_control/hook/cmake_prefix_path.sh'
[1.497s] Level 1:colcon.colcon_core.environment:checking '/home/eliott/robot_ws/install/robot_control/lib'
[1.497s] Level 1:colcon.colcon_core.environment:checking '/home/eliott/robot_ws/install/robot_control/bin'
[1.497s] Level 1:colcon.colcon_core.environment:checking '/home/eliott/robot_ws/install/robot_control/lib/pkgconfig/robot_control.pc'
[1.497s] Level 1:colcon.colcon_core.environment:checking '/home/eliott/robot_ws/install/robot_control/lib/python3.10/site-packages'
[1.497s] Level 1:colcon.colcon_core.environment:checking '/home/eliott/robot_ws/install/robot_control/bin'
[1.497s] INFO:colcon.colcon_core.shell:Creating package script '/home/eliott/robot_ws/install/robot_control/share/robot_control/package.ps1'
[1.498s] INFO:colcon.colcon_core.shell:Creating package descriptor '/home/eliott/robot_ws/install/robot_control/share/robot_control/package.dsv'
[1.499s] INFO:colcon.colcon_core.shell:Creating package script '/home/eliott/robot_ws/install/robot_control/share/robot_control/package.sh'
[1.566s] INFO:colcon.colcon_core.shell:Creating package script '/home/eliott/robot_ws/install/robot_control/share/robot_control/package.bash'
[1.567s] INFO:colcon.colcon_core.shell:Creating package script '/home/eliott/robot_ws/install/robot_control/share/robot_control/package.zsh'
[1.569s] Level 1:colcon.colcon_core.environment:create_file_with_runtime_dependencies(/home/eliott/robot_ws/install/robot_control/share/colcon-core/packages/robot_control)
[1.707s] DEBUG:colcon.colcon_core.event_handler.log_command:Invoking command in '/home/eliott/robot_ws/build/robot_moveit_config': CMAKE_PREFIX_PATH=/home/eliott/robot_ws/install/robot_description:/home/eliott/robot_ws/install/robot_moveit_config:/home/eliott/robot_ws/install/robot_control:/opt/ros/humble /usr/bin/cmake --build /home/eliott/robot_ws/build/robot_moveit_config -- -j12 -l12
[1.740s] DEBUG:colcon.colcon_core.event_handler.log_command:Invoked command in '/home/eliott/robot_ws/build/robot_moveit_config' returned '0': CMAKE_PREFIX_PATH=/home/eliott/robot_ws/install/robot_description:/home/eliott/robot_ws/install/robot_moveit_config:/home/eliott/robot_ws/install/robot_control:/opt/ros/humble /usr/bin/cmake --build /home/eliott/robot_ws/build/robot_moveit_config -- -j12 -l12
[1.758s] DEBUG:colcon.colcon_core.event_handler.log_command:Invoking command in '/home/eliott/robot_ws/build/robot_moveit_config': CMAKE_PREFIX_PATH=/home/eliott/robot_ws/install/robot_description:/home/eliott/robot_ws/install/robot_moveit_config:/home/eliott/robot_ws/install/robot_control:/opt/ros/humble /usr/bin/cmake --install /home/eliott/robot_ws/build/robot_moveit_config
[1.767s] Level 1:colcon.colcon_core.environment:create_environment_scripts_only(robot_moveit_config)
[1.767s] Level 1:colcon.colcon_core.environment:checking '/home/eliott/robot_ws/install/robot_moveit_config' for CMake module files
[1.768s] DEBUG:colcon.colcon_core.event_handler.log_command:Invoked command in '/home/eliott/robot_ws/build/robot_moveit_config' returned '0': CMAKE_PREFIX_PATH=/home/eliott/robot_ws/install/robot_description:/home/eliott/robot_ws/install/robot_moveit_config:/home/eliott/robot_ws/install/robot_control:/opt/ros/humble /usr/bin/cmake --install /home/eliott/robot_ws/build/robot_moveit_config
[1.768s] Level 1:colcon.colcon_core.environment:checking '/home/eliott/robot_ws/install/robot_moveit_config' for CMake config files
[1.768s] Level 1:colcon.colcon_core.shell:create_environment_hook('robot_moveit_config', 'cmake_prefix_path')
[1.768s] INFO:colcon.colcon_core.shell:Creating environment hook '/home/eliott/robot_ws/install/robot_moveit_config/share/robot_moveit_config/hook/cmake_prefix_path.ps1'
[1.769s] INFO:colcon.colcon_core.shell:Creating environment descriptor '/home/eliott/robot_ws/install/robot_moveit_config/share/robot_moveit_config/hook/cmake_prefix_path.dsv'
[1.837s] INFO:colcon.colcon_core.shell:Creating environment hook '/home/eliott/robot_ws/install/robot_moveit_config/share/robot_moveit_config/hook/cmake_prefix_path.sh'
[1.838s] Level 1:colcon.colcon_core.environment:checking '/home/eliott/robot_ws/install/robot_moveit_config/bin'
[1.838s] Level 1:colcon.colcon_core.environment:checking '/home/eliott/robot_ws/install/robot_moveit_config/lib/pkgconfig/robot_moveit_config.pc'
[1.838s] Level 1:colcon.colcon_core.environment:checking '/home/eliott/robot_ws/install/robot_moveit_config/lib/python3.10/site-packages'
[1.838s] Level 1:colcon.colcon_core.environment:checking '/home/eliott/robot_ws/install/robot_moveit_config/bin'
[1.839s] INFO:colcon.colcon_core.shell:Creating package script '/home/eliott/robot_ws/install/robot_moveit_config/share/robot_moveit_config/package.ps1'
[1.839s] INFO:colcon.colcon_core.shell:Creating package descriptor '/home/eliott/robot_ws/install/robot_moveit_config/share/robot_moveit_config/package.dsv'
[1.907s] INFO:colcon.colcon_core.shell:Creating package script '/home/eliott/robot_ws/install/robot_moveit_config/share/robot_moveit_config/package.sh'
[1.909s] INFO:colcon.colcon_core.shell:Creating package script '/home/eliott/robot_ws/install/robot_moveit_config/share/robot_moveit_config/package.bash'
[1.910s] INFO:colcon.colcon_core.shell:Creating package script '/home/eliott/robot_ws/install/robot_moveit_config/share/robot_moveit_config/package.zsh'
[1.980s] Level 1:colcon.colcon_core.environment:create_file_with_runtime_dependencies(/home/eliott/robot_ws/install/robot_moveit_config/share/colcon-core/packages/robot_moveit_config)
[1.997s] Level 1:colcon.colcon_core.environment:create_environment_scripts_only(robot_moveit_config)
[1.998s] Level 1:colcon.colcon_core.environment:checking '/home/eliott/robot_ws/install/robot_moveit_config' for CMake module files
[1.998s] Level 1:colcon.colcon_core.environment:checking '/home/eliott/robot_ws/install/robot_moveit_config' for CMake config files
[1.999s] Level 1:colcon.colcon_core.shell:create_environment_hook('robot_moveit_config', 'cmake_prefix_path')
[1.999s] INFO:colcon.colcon_core.shell:Creating environment hook '/home/eliott/robot_ws/install/robot_moveit_config/share/robot_moveit_config/hook/cmake_prefix_path.ps1'
[1.999s] INFO:colcon.colcon_core.shell:Creating environment descriptor '/home/eliott/robot_ws/install/robot_moveit_config/share/robot_moveit_config/hook/cmake_prefix_path.dsv'
[2.071s] INFO:colcon.colcon_core.shell:Creating environment hook '/home/eliott/robot_ws/install/robot_moveit_config/share/robot_moveit_config/hook/cmake_prefix_path.sh'
[2.072s] Level 1:colcon.colcon_core.environment:checking '/home/eliott/robot_ws/install/robot_moveit_config/bin'
[2.072s] Level 1:colcon.colcon_core.environment:checking '/home/eliott/robot_ws/install/robot_moveit_config/lib/pkgconfig/robot_moveit_config.pc'
[2.072s] Level 1:colcon.colcon_core.environment:checking '/home/eliott/robot_ws/install/robot_moveit_config/lib/python3.10/site-packages'
[2.073s] Level 1:colcon.colcon_core.environment:checking '/home/eliott/robot_ws/install/robot_moveit_config/bin'
[2.073s] INFO:colcon.colcon_core.shell:Creating package script '/home/eliott/robot_ws/install/robot_moveit_config/share/robot_moveit_config/package.ps1'
[2.073s] INFO:colcon.colcon_core.shell:Creating package descriptor '/home/eliott/robot_ws/install/robot_moveit_config/share/robot_moveit_config/package.dsv'
[2.143s] INFO:colcon.colcon_core.shell:Creating package script '/home/eliott/robot_ws/install/robot_moveit_config/share/robot_moveit_config/package.sh'
[2.144s] INFO:colcon.colcon_core.shell:Creating package script '/home/eliott/robot_ws/install/robot_moveit_config/share/robot_moveit_config/package.bash'
[2.146s] INFO:colcon.colcon_core.shell:Creating package script '/home/eliott/robot_ws/install/robot_moveit_config/share/robot_moveit_config/package.zsh'
[2.209s] Level 1:colcon.colcon_core.environment:create_file_with_runtime_dependencies(/home/eliott/robot_ws/install/robot_moveit_config/share/colcon-core/packages/robot_moveit_config)
[2.211s] DEBUG:colcon.colcon_parallel_executor.executor.parallel:closing loop
[2.211s] DEBUG:colcon.colcon_parallel_executor.executor.parallel:loop closed
[2.211s] DEBUG:colcon.colcon_parallel_executor.executor.parallel:run_until_complete finished with '0'
[2.211s] DEBUG:colcon.colcon_core.event_reactor:joining thread
[2.216s] INFO:colcon.colcon_core.plugin_system:Skipping extension 'colcon_notification.desktop_notification.terminal_notifier': Not used on non-Darwin systems
[2.216s] INFO:colcon.colcon_core.plugin_system:Skipping extension 'colcon_notification.desktop_notification.win32': Not used on non-Windows systems
[2.216s] INFO:colcon.colcon_notification.desktop_notification:Sending desktop notification using 'notify2'
[2.226s] DEBUG:colcon.colcon_core.event_reactor:joined thread
[2.227s] INFO:colcon.colcon_core.shell:Creating prefix script '/home/eliott/robot_ws/install/local_setup.ps1'
[2.282s] INFO:colcon.colcon_core.shell:Creating prefix util module '/home/eliott/robot_ws/install/_local_setup_util_ps1.py'
[2.283s] INFO:colcon.colcon_core.shell:Creating prefix chain script '/home/eliott/robot_ws/install/setup.ps1'
[2.285s] INFO:colcon.colcon_core.shell:Creating prefix script '/home/eliott/robot_ws/install/local_setup.sh'
[2.286s] INFO:colcon.colcon_core.shell:Creating prefix util module '/home/eliott/robot_ws/install/_local_setup_util_sh.py'
[2.289s] INFO:colcon.colcon_core.shell:Creating prefix chain script '/home/eliott/robot_ws/install/setup.sh'
[2.291s] INFO:colcon.colcon_core.shell:Creating prefix script '/home/eliott/robot_ws/install/local_setup.bash'
[2.292s] INFO:colcon.colcon_core.shell:Creating prefix chain script '/home/eliott/robot_ws/install/setup.bash'
[2.293s] INFO:colcon.colcon_core.shell:Creating prefix script '/home/eliott/robot_ws/install/local_setup.zsh'
[2.294s] INFO:colcon.colcon_core.shell:Creating prefix chain script '/home/eliott/robot_ws/install/setup.zsh'
