[0.012s] Invoking command in '/home/eliott/robot_ws/build/robot_control': CMAKE_PREFIX_PATH=${CMAKE_PREFIX_PATH}:/opt/ros/humble /usr/bin/cmake --build /home/eliott/robot_ws/build/robot_control -- -j12 -l12
[0.053s] [100%] Built target moveit_node
[0.060s] Invoked command in '/home/eliott/robot_ws/build/robot_control' returned '0': CMAKE_PREFIX_PATH=${CMAKE_PREFIX_PATH}:/opt/ros/humble /usr/bin/cmake --build /home/eliott/robot_ws/build/robot_control -- -j12 -l12
[0.085s] Invoking command in '/home/eliott/robot_ws/build/robot_control': CMAKE_PREFIX_PATH=${CMAKE_PREFIX_PATH}:/opt/ros/humble /usr/bin/cmake --install /home/eliott/robot_ws/build/robot_control
[0.089s] -- Install configuration: ""
[0.089s] -- Up-to-date: /home/eliott/robot_ws/install/robot_control/lib/robot_control/moveit_node
[0.089s] -- Up-to-date: /home/eliott/robot_ws/install/robot_control/share/ament_index/resource_index/package_run_dependencies/robot_control
[0.089s] -- Up-to-date: /home/eliott/robot_ws/install/robot_control/share/ament_index/resource_index/parent_prefix_path/robot_control
[0.089s] -- Up-to-date: /home/eliott/robot_ws/install/robot_control/share/robot_control/environment/ament_prefix_path.sh
[0.090s] -- Up-to-date: /home/eliott/robot_ws/install/robot_control/share/robot_control/environment/ament_prefix_path.dsv
[0.090s] -- Up-to-date: /home/eliott/robot_ws/install/robot_control/share/robot_control/environment/path.sh
[0.090s] -- Up-to-date: /home/eliott/robot_ws/install/robot_control/share/robot_control/environment/path.dsv
[0.090s] -- Up-to-date: /home/eliott/robot_ws/install/robot_control/share/robot_control/local_setup.bash
[0.090s] -- Up-to-date: /home/eliott/robot_ws/install/robot_control/share/robot_control/local_setup.sh
[0.090s] -- Up-to-date: /home/eliott/robot_ws/install/robot_control/share/robot_control/local_setup.zsh
[0.090s] -- Up-to-date: /home/eliott/robot_ws/install/robot_control/share/robot_control/local_setup.dsv
[0.090s] -- Installing: /home/eliott/robot_ws/install/robot_control/share/robot_control/package.dsv
[0.090s] -- Up-to-date: /home/eliott/robot_ws/install/robot_control/share/ament_index/resource_index/packages/robot_control
[0.090s] -- Up-to-date: /home/eliott/robot_ws/install/robot_control/share/robot_control/cmake/robot_controlConfig.cmake
[0.090s] -- Up-to-date: /home/eliott/robot_ws/install/robot_control/share/robot_control/cmake/robot_controlConfig-version.cmake
[0.090s] -- Up-to-date: /home/eliott/robot_ws/install/robot_control/share/robot_control/package.xml
[0.091s] Invoked command in '/home/eliott/robot_ws/build/robot_control' returned '0': CMAKE_PREFIX_PATH=${CMAKE_PREFIX_PATH}:/opt/ros/humble /usr/bin/cmake --install /home/eliott/robot_ws/build/robot_control
