[0.012s] Invoking command in '/home/eliott/robot_ws/build/robot_description': CMAKE_PREFIX_PATH=${CMAKE_PREFIX_PATH}:/opt/ros/humble /usr/bin/cmake --build /home/eliott/robot_ws/build/robot_description -- -j12 -l12
[0.041s] Invoked command in '/home/eliott/robot_ws/build/robot_description' returned '0': CMAKE_PREFIX_PATH=${CMAKE_PREFIX_PATH}:/opt/ros/humble /usr/bin/cmake --build /home/eliott/robot_ws/build/robot_description -- -j12 -l12
[0.059s] Invoking command in '/home/eliott/robot_ws/build/robot_description': CMAKE_PREFIX_PATH=${CMAKE_PREFIX_PATH}:/opt/ros/humble /usr/bin/cmake --install /home/eliott/robot_ws/build/robot_description
[0.064s] -- Install configuration: ""
[0.064s] -- Up-to-date: /home/eliott/robot_ws/install/robot_description/share/robot_description//launch
[0.064s] -- Up-to-date: /home/eliott/robot_ws/install/robot_description/share/robot_description//launch/gazebo.launch.py
[0.064s] -- Installing: /home/eliott/robot_ws/install/robot_description/share/robot_description//launch/gazebo2.launch.py
[0.064s] -- Up-to-date: /home/eliott/robot_ws/install/robot_description/share/robot_description//urdf
[0.064s] -- Up-to-date: /home/eliott/robot_ws/install/robot_description/share/robot_description//urdf/robot.urdf.xacro
[0.064s] -- Up-to-date: /home/eliott/robot_ws/install/robot_description/share/robot_description//urdf/ros2_control.xacro
[0.065s] -- Up-to-date: /home/eliott/robot_ws/install/robot_description/share/robot_description//urdf/r5a_v_ros.urdf.xacro
[0.065s] -- Up-to-date: /home/eliott/robot_ws/install/robot_description/share/robot_description//urdf/gazebo_control.xacro
[0.065s] -- Up-to-date: /home/eliott/robot_ws/install/robot_description/share/robot_description//urdf/robot_core.xacro
[0.065s] -- Up-to-date: /home/eliott/robot_ws/install/robot_description/share/robot_description//meshes
[0.065s] -- Up-to-date: /home/eliott/robot_ws/install/robot_description/share/robot_description//meshes/R5A_link5.STL
[0.065s] -- Up-to-date: /home/eliott/robot_ws/install/robot_description/share/robot_description//meshes/R5A_link3.STL
[0.065s] -- Up-to-date: /home/eliott/robot_ws/install/robot_description/share/robot_description//meshes/base_link.STL
[0.065s] -- Up-to-date: /home/eliott/robot_ws/install/robot_description/share/robot_description//meshes/R5A_link2.STL
[0.065s] -- Up-to-date: /home/eliott/robot_ws/install/robot_description/share/robot_description//meshes/R5A_link1.STL
[0.065s] -- Up-to-date: /home/eliott/robot_ws/install/robot_description/share/robot_description//meshes/R5A_link4.STL
[0.065s] -- Up-to-date: /home/eliott/robot_ws/install/robot_description/share/robot_description//config
[0.065s] -- Up-to-date: /home/eliott/robot_ws/install/robot_description/share/robot_description//config/controllers.yaml
[0.065s] -- Up-to-date: /home/eliott/robot_ws/install/robot_description/share/robot_description/urdf/r5a_v_ros.urdf.xacro
[0.065s] -- Up-to-date: /home/eliott/robot_ws/install/robot_description/share/ament_index/resource_index/package_run_dependencies/robot_description
[0.065s] -- Up-to-date: /home/eliott/robot_ws/install/robot_description/share/ament_index/resource_index/parent_prefix_path/robot_description
[0.065s] -- Up-to-date: /home/eliott/robot_ws/install/robot_description/share/robot_description/environment/ament_prefix_path.sh
[0.065s] -- Up-to-date: /home/eliott/robot_ws/install/robot_description/share/robot_description/environment/ament_prefix_path.dsv
[0.065s] -- Up-to-date: /home/eliott/robot_ws/install/robot_description/share/robot_description/environment/path.sh
[0.065s] -- Up-to-date: /home/eliott/robot_ws/install/robot_description/share/robot_description/environment/path.dsv
[0.065s] -- Up-to-date: /home/eliott/robot_ws/install/robot_description/share/robot_description/local_setup.bash
[0.065s] -- Up-to-date: /home/eliott/robot_ws/install/robot_description/share/robot_description/local_setup.sh
[0.066s] -- Up-to-date: /home/eliott/robot_ws/install/robot_description/share/robot_description/local_setup.zsh
[0.066s] -- Up-to-date: /home/eliott/robot_ws/install/robot_description/share/robot_description/local_setup.dsv
[0.066s] -- Installing: /home/eliott/robot_ws/install/robot_description/share/robot_description/package.dsv
[0.066s] -- Up-to-date: /home/eliott/robot_ws/install/robot_description/share/ament_index/resource_index/packages/robot_description
[0.066s] -- Up-to-date: /home/eliott/robot_ws/install/robot_description/share/robot_description/cmake/robot_descriptionConfig.cmake
[0.066s] -- Up-to-date: /home/eliott/robot_ws/install/robot_description/share/robot_description/cmake/robot_descriptionConfig-version.cmake
[0.066s] -- Up-to-date: /home/eliott/robot_ws/install/robot_description/share/robot_description/package.xml
[0.066s] Invoked command in '/home/eliott/robot_ws/build/robot_description' returned '0': CMAKE_PREFIX_PATH=${CMAKE_PREFIX_PATH}:/opt/ros/humble /usr/bin/cmake --install /home/eliott/robot_ws/build/robot_description
