[0.086s] DEBUG:colcon:Command line arguments: ['/usr/bin/colcon', 'build']
[0.086s] DEBUG:colcon:Parsed command line arguments: Namespace(log_base=None, log_level=None, verb_name='build', build_base='build', install_base='install', merge_install=False, symlink_install=False, test_result_base=None, continue_on_error=False, executor='parallel', parallel_workers=12, event_handlers=None, ignore_user_meta=False, metas=['./colcon.meta'], base_paths=['.'], packages_ignore=None, packages_ignore_regex=None, paths=None, packages_up_to=None, packages_up_to_regex=None, packages_above=None, packages_above_and_dependencies=None, packages_above_depth=None, packages_select_by_dep=None, packages_skip_by_dep=None, packages_skip_up_to=None, packages_select_build_failed=False, packages_skip_build_finished=False, packages_select_test_failures=False, packages_skip_test_passed=False, packages_select=None, packages_skip=None, packages_select_regex=None, packages_skip_regex=None, packages_start=None, packages_end=None, allow_overriding=[], cmake_args=None, cmake_target=None, cmake_target_skip_unavailable=False, cmake_clean_cache=False, cmake_clean_first=False, cmake_force_configure=False, ament_cmake_args=None, catkin_cmake_args=None, catkin_skip_building_tests=False, verb_parser=<colcon_defaults.argument_parser.defaults.DefaultArgumentsDecorator object at 0x72b265644370>, verb_extension=<colcon_core.verb.build.BuildVerb object at 0x72b26560ba00>, main=<bound method BuildVerb.main of <colcon_core.verb.build.BuildVerb object at 0x72b26560ba00>>)
[0.209s] Level 1:colcon.colcon_core.package_discovery:discover_packages(colcon_meta) check parameters
[0.209s] Level 1:colcon.colcon_core.package_discovery:discover_packages(recursive) check parameters
[0.209s] Level 1:colcon.colcon_core.package_discovery:discover_packages(ignore) check parameters
[0.209s] Level 1:colcon.colcon_core.package_discovery:discover_packages(path) check parameters
[0.209s] Level 1:colcon.colcon_core.package_discovery:discover_packages(colcon_meta) discover
[0.209s] Level 1:colcon.colcon_core.package_discovery:discover_packages(recursive) discover
[0.209s] INFO:colcon.colcon_core.package_discovery:Crawling recursively for packages in '/home/eliott/robot_ws'
[0.209s] Level 1:colcon.colcon_core.package_identification:_identify(.) by extensions ['ignore', 'ignore_ament_install']
[0.209s] Level 1:colcon.colcon_core.package_identification:_identify(.) by extension 'ignore'
[0.209s] Level 1:colcon.colcon_core.package_identification:_identify(.) by extension 'ignore_ament_install'
[0.209s] Level 1:colcon.colcon_core.package_identification:_identify(.) by extensions ['colcon_pkg']
[0.209s] Level 1:colcon.colcon_core.package_identification:_identify(.) by extension 'colcon_pkg'
[0.209s] Level 1:colcon.colcon_core.package_identification:_identify(.) by extensions ['colcon_meta']
[0.209s] Level 1:colcon.colcon_core.package_identification:_identify(.) by extension 'colcon_meta'
[0.209s] Level 1:colcon.colcon_core.package_identification:_identify(.) by extensions ['ros']
[0.209s] Level 1:colcon.colcon_core.package_identification:_identify(.) by extension 'ros'
[0.219s] Level 1:colcon.colcon_core.package_identification:_identify(.) by extensions ['cmake', 'python']
[0.219s] Level 1:colcon.colcon_core.package_identification:_identify(.) by extension 'cmake'
[0.219s] Level 1:colcon.colcon_core.package_identification:_identify(.) by extension 'python'
[0.219s] Level 1:colcon.colcon_core.package_identification:_identify(.) by extensions ['python_setup_py']
[0.220s] Level 1:colcon.colcon_core.package_identification:_identify(.) by extension 'python_setup_py'
[0.220s] Level 1:colcon.colcon_core.package_identification:_identify(build) by extensions ['ignore', 'ignore_ament_install']
[0.220s] Level 1:colcon.colcon_core.package_identification:_identify(build) by extension 'ignore'
[0.220s] Level 1:colcon.colcon_core.package_identification:_identify(build) ignored
[0.220s] Level 1:colcon.colcon_core.package_identification:_identify(install) by extensions ['ignore', 'ignore_ament_install']
[0.220s] Level 1:colcon.colcon_core.package_identification:_identify(install) by extension 'ignore'
[0.220s] Level 1:colcon.colcon_core.package_identification:_identify(install) ignored
[0.220s] Level 1:colcon.colcon_core.package_identification:_identify(log) by extensions ['ignore', 'ignore_ament_install']
[0.220s] Level 1:colcon.colcon_core.package_identification:_identify(log) by extension 'ignore'
[0.220s] Level 1:colcon.colcon_core.package_identification:_identify(log) ignored
[0.220s] Level 1:colcon.colcon_core.package_identification:_identify(src) by extensions ['ignore', 'ignore_ament_install']
[0.220s] Level 1:colcon.colcon_core.package_identification:_identify(src) by extension 'ignore'
[0.220s] Level 1:colcon.colcon_core.package_identification:_identify(src) by extension 'ignore_ament_install'
[0.220s] Level 1:colcon.colcon_core.package_identification:_identify(src) by extensions ['colcon_pkg']
[0.220s] Level 1:colcon.colcon_core.package_identification:_identify(src) by extension 'colcon_pkg'
[0.220s] Level 1:colcon.colcon_core.package_identification:_identify(src) by extensions ['colcon_meta']
[0.220s] Level 1:colcon.colcon_core.package_identification:_identify(src) by extension 'colcon_meta'
[0.220s] Level 1:colcon.colcon_core.package_identification:_identify(src) by extensions ['ros']
[0.220s] Level 1:colcon.colcon_core.package_identification:_identify(src) by extension 'ros'
[0.220s] Level 1:colcon.colcon_core.package_identification:_identify(src) by extensions ['cmake', 'python']
[0.221s] Level 1:colcon.colcon_core.package_identification:_identify(src) by extension 'cmake'
[0.221s] Level 1:colcon.colcon_core.package_identification:_identify(src) by extension 'python'
[0.221s] Level 1:colcon.colcon_core.package_identification:_identify(src) by extensions ['python_setup_py']
[0.221s] Level 1:colcon.colcon_core.package_identification:_identify(src) by extension 'python_setup_py'
[0.221s] Level 1:colcon.colcon_core.package_identification:_identify(src/robot_control) by extensions ['ignore', 'ignore_ament_install']
[0.221s] Level 1:colcon.colcon_core.package_identification:_identify(src/robot_control) by extension 'ignore'
[0.221s] Level 1:colcon.colcon_core.package_identification:_identify(src/robot_control) by extension 'ignore_ament_install'
[0.221s] Level 1:colcon.colcon_core.package_identification:_identify(src/robot_control) by extensions ['colcon_pkg']
[0.221s] Level 1:colcon.colcon_core.package_identification:_identify(src/robot_control) by extension 'colcon_pkg'
[0.221s] Level 1:colcon.colcon_core.package_identification:_identify(src/robot_control) by extensions ['colcon_meta']
[0.221s] Level 1:colcon.colcon_core.package_identification:_identify(src/robot_control) by extension 'colcon_meta'
[0.221s] Level 1:colcon.colcon_core.package_identification:_identify(src/robot_control) by extensions ['ros']
[0.221s] Level 1:colcon.colcon_core.package_identification:_identify(src/robot_control) by extension 'ros'
[0.223s] DEBUG:colcon.colcon_core.package_identification:Package 'src/robot_control' with type 'ros.ament_cmake' and name 'robot_control'
[0.223s] Level 1:colcon.colcon_core.package_identification:_identify(src/robot_description) by extensions ['ignore', 'ignore_ament_install']
[0.223s] Level 1:colcon.colcon_core.package_identification:_identify(src/robot_description) by extension 'ignore'
[0.223s] Level 1:colcon.colcon_core.package_identification:_identify(src/robot_description) by extension 'ignore_ament_install'
[0.223s] Level 1:colcon.colcon_core.package_identification:_identify(src/robot_description) by extensions ['colcon_pkg']
[0.223s] Level 1:colcon.colcon_core.package_identification:_identify(src/robot_description) by extension 'colcon_pkg'
[0.223s] Level 1:colcon.colcon_core.package_identification:_identify(src/robot_description) by extensions ['colcon_meta']
[0.224s] Level 1:colcon.colcon_core.package_identification:_identify(src/robot_description) by extension 'colcon_meta'
[0.224s] Level 1:colcon.colcon_core.package_identification:_identify(src/robot_description) by extensions ['ros']
[0.224s] Level 1:colcon.colcon_core.package_identification:_identify(src/robot_description) by extension 'ros'
[0.225s] DEBUG:colcon.colcon_core.package_identification:Package 'src/robot_description' with type 'ros.ament_cmake' and name 'robot_description'
[0.225s] Level 1:colcon.colcon_core.package_identification:_identify(src/robot_moveit_config) by extensions ['ignore', 'ignore_ament_install']
[0.225s] Level 1:colcon.colcon_core.package_identification:_identify(src/robot_moveit_config) by extension 'ignore'
[0.225s] Level 1:colcon.colcon_core.package_identification:_identify(src/robot_moveit_config) by extension 'ignore_ament_install'
[0.225s] Level 1:colcon.colcon_core.package_identification:_identify(src/robot_moveit_config) by extensions ['colcon_pkg']
[0.225s] Level 1:colcon.colcon_core.package_identification:_identify(src/robot_moveit_config) by extension 'colcon_pkg'
[0.225s] Level 1:colcon.colcon_core.package_identification:_identify(src/robot_moveit_config) by extensions ['colcon_meta']
[0.225s] Level 1:colcon.colcon_core.package_identification:_identify(src/robot_moveit_config) by extension 'colcon_meta'
[0.225s] Level 1:colcon.colcon_core.package_identification:_identify(src/robot_moveit_config) by extensions ['ros']
[0.225s] Level 1:colcon.colcon_core.package_identification:_identify(src/robot_moveit_config) by extension 'ros'
[0.226s] DEBUG:colcon.colcon_core.package_identification:Package 'src/robot_moveit_config' with type 'ros.ament_cmake' and name 'robot_moveit_config'
[0.226s] Level 1:colcon.colcon_core.package_discovery:discover_packages(recursive) using defaults
[0.226s] Level 1:colcon.colcon_core.package_discovery:discover_packages(ignore) discover
[0.226s] Level 1:colcon.colcon_core.package_discovery:discover_packages(ignore) using defaults
[0.226s] Level 1:colcon.colcon_core.package_discovery:discover_packages(path) discover
[0.226s] Level 1:colcon.colcon_core.package_discovery:discover_packages(path) using defaults
[0.243s] Level 1:colcon.colcon_core.package_discovery:discover_packages(prefix_path) check parameters
[0.243s] Level 1:colcon.colcon_core.package_discovery:discover_packages(prefix_path) discover
[0.244s] DEBUG:colcon.colcon_installed_package_information.package_discovery:Found 3 installed packages in /home/eliott/robot_ws/install
[0.246s] DEBUG:colcon.colcon_installed_package_information.package_discovery:Found 367 installed packages in /opt/ros/humble
[0.248s] Level 1:colcon.colcon_core.package_discovery:discover_packages(prefix_path) using defaults
[0.294s] Level 5:colcon.colcon_core.verb:set package 'robot_control' build argument 'cmake_args' from command line to 'None'
[0.294s] Level 5:colcon.colcon_core.verb:set package 'robot_control' build argument 'cmake_target' from command line to 'None'
[0.294s] Level 5:colcon.colcon_core.verb:set package 'robot_control' build argument 'cmake_target_skip_unavailable' from command line to 'False'
[0.294s] Level 5:colcon.colcon_core.verb:set package 'robot_control' build argument 'cmake_clean_cache' from command line to 'False'
[0.294s] Level 5:colcon.colcon_core.verb:set package 'robot_control' build argument 'cmake_clean_first' from command line to 'False'
[0.294s] Level 5:colcon.colcon_core.verb:set package 'robot_control' build argument 'cmake_force_configure' from command line to 'False'
[0.294s] Level 5:colcon.colcon_core.verb:set package 'robot_control' build argument 'ament_cmake_args' from command line to 'None'
[0.294s] Level 5:colcon.colcon_core.verb:set package 'robot_control' build argument 'catkin_cmake_args' from command line to 'None'
[0.294s] Level 5:colcon.colcon_core.verb:set package 'robot_control' build argument 'catkin_skip_building_tests' from command line to 'False'
[0.294s] DEBUG:colcon.colcon_core.verb:Building package 'robot_control' with the following arguments: {'ament_cmake_args': None, 'build_base': '/home/eliott/robot_ws/build/robot_control', 'catkin_cmake_args': None, 'catkin_skip_building_tests': False, 'cmake_args': None, 'cmake_clean_cache': False, 'cmake_clean_first': False, 'cmake_force_configure': False, 'cmake_target': None, 'cmake_target_skip_unavailable': False, 'install_base': '/home/eliott/robot_ws/install/robot_control', 'merge_install': False, 'path': '/home/eliott/robot_ws/src/robot_control', 'symlink_install': False, 'test_result_base': None}
[0.294s] Level 5:colcon.colcon_core.verb:set package 'robot_description' build argument 'cmake_args' from command line to 'None'
[0.294s] Level 5:colcon.colcon_core.verb:set package 'robot_description' build argument 'cmake_target' from command line to 'None'
[0.294s] Level 5:colcon.colcon_core.verb:set package 'robot_description' build argument 'cmake_target_skip_unavailable' from command line to 'False'
[0.294s] Level 5:colcon.colcon_core.verb:set package 'robot_description' build argument 'cmake_clean_cache' from command line to 'False'
[0.294s] Level 5:colcon.colcon_core.verb:set package 'robot_description' build argument 'cmake_clean_first' from command line to 'False'
[0.294s] Level 5:colcon.colcon_core.verb:set package 'robot_description' build argument 'cmake_force_configure' from command line to 'False'
[0.294s] Level 5:colcon.colcon_core.verb:set package 'robot_description' build argument 'ament_cmake_args' from command line to 'None'
[0.294s] Level 5:colcon.colcon_core.verb:set package 'robot_description' build argument 'catkin_cmake_args' from command line to 'None'
[0.294s] Level 5:colcon.colcon_core.verb:set package 'robot_description' build argument 'catkin_skip_building_tests' from command line to 'False'
[0.294s] DEBUG:colcon.colcon_core.verb:Building package 'robot_description' with the following arguments: {'ament_cmake_args': None, 'build_base': '/home/eliott/robot_ws/build/robot_description', 'catkin_cmake_args': None, 'catkin_skip_building_tests': False, 'cmake_args': None, 'cmake_clean_cache': False, 'cmake_clean_first': False, 'cmake_force_configure': False, 'cmake_target': None, 'cmake_target_skip_unavailable': False, 'install_base': '/home/eliott/robot_ws/install/robot_description', 'merge_install': False, 'path': '/home/eliott/robot_ws/src/robot_description', 'symlink_install': False, 'test_result_base': None}
[0.295s] Level 5:colcon.colcon_core.verb:set package 'robot_moveit_config' build argument 'cmake_args' from command line to 'None'
[0.295s] Level 5:colcon.colcon_core.verb:set package 'robot_moveit_config' build argument 'cmake_target' from command line to 'None'
[0.295s] Level 5:colcon.colcon_core.verb:set package 'robot_moveit_config' build argument 'cmake_target_skip_unavailable' from command line to 'False'
[0.295s] Level 5:colcon.colcon_core.verb:set package 'robot_moveit_config' build argument 'cmake_clean_cache' from command line to 'False'
[0.295s] Level 5:colcon.colcon_core.verb:set package 'robot_moveit_config' build argument 'cmake_clean_first' from command line to 'False'
[0.295s] Level 5:colcon.colcon_core.verb:set package 'robot_moveit_config' build argument 'cmake_force_configure' from command line to 'False'
[0.295s] Level 5:colcon.colcon_core.verb:set package 'robot_moveit_config' build argument 'ament_cmake_args' from command line to 'None'
[0.295s] Level 5:colcon.colcon_core.verb:set package 'robot_moveit_config' build argument 'catkin_cmake_args' from command line to 'None'
[0.295s] Level 5:colcon.colcon_core.verb:set package 'robot_moveit_config' build argument 'catkin_skip_building_tests' from command line to 'False'
[0.295s] DEBUG:colcon.colcon_core.verb:Building package 'robot_moveit_config' with the following arguments: {'ament_cmake_args': None, 'build_base': '/home/eliott/robot_ws/build/robot_moveit_config', 'catkin_cmake_args': None, 'catkin_skip_building_tests': False, 'cmake_args': None, 'cmake_clean_cache': False, 'cmake_clean_first': False, 'cmake_force_configure': False, 'cmake_target': None, 'cmake_target_skip_unavailable': False, 'install_base': '/home/eliott/robot_ws/install/robot_moveit_config', 'merge_install': False, 'path': '/home/eliott/robot_ws/src/robot_moveit_config', 'symlink_install': False, 'test_result_base': None}
[0.295s] INFO:colcon.colcon_core.executor:Executing jobs using 'parallel' executor
[0.296s] DEBUG:colcon.colcon_parallel_executor.executor.parallel:run_until_complete
[0.296s] INFO:colcon.colcon_ros.task.ament_cmake.build:Building ROS package in '/home/eliott/robot_ws/src/robot_description' with build type 'ament_cmake'
[0.296s] INFO:colcon.colcon_cmake.task.cmake.build:Building CMake package in '/home/eliott/robot_ws/src/robot_description'
[0.298s] INFO:colcon.colcon_core.plugin_system:Skipping extension 'colcon_core.shell.bat': Not used on non-Windows systems
[0.298s] INFO:colcon.colcon_core.shell:Skip shell extension 'powershell' for command environment: Not usable outside of PowerShell
[0.298s] DEBUG:colcon.colcon_core.shell:Skip shell extension 'dsv' for command environment
[0.301s] INFO:colcon.colcon_ros.task.ament_cmake.build:Building ROS package in '/home/eliott/robot_ws/src/robot_control' with build type 'ament_cmake'
[0.301s] INFO:colcon.colcon_cmake.task.cmake.build:Building CMake package in '/home/eliott/robot_ws/src/robot_control'
[0.301s] INFO:colcon.colcon_core.shell:Skip shell extension 'powershell' for command environment: Not usable outside of PowerShell
[0.301s] DEBUG:colcon.colcon_core.shell:Skip shell extension 'dsv' for command environment
[0.308s] DEBUG:colcon.colcon_core.event_handler.log_command:Invoking command in '/home/eliott/robot_ws/build/robot_description': CMAKE_PREFIX_PATH=${CMAKE_PREFIX_PATH}:/opt/ros/humble /usr/bin/cmake --build /home/eliott/robot_ws/build/robot_description -- -j12 -l12
[0.315s] DEBUG:colcon.colcon_core.event_handler.log_command:Invoking command in '/home/eliott/robot_ws/build/robot_control': CMAKE_PREFIX_PATH=${CMAKE_PREFIX_PATH}:/opt/ros/humble /usr/bin/cmake --build /home/eliott/robot_ws/build/robot_control -- -j12 -l12
[0.348s] DEBUG:colcon.colcon_core.event_handler.log_command:Invoked command in '/home/eliott/robot_ws/build/robot_description' returned '0': CMAKE_PREFIX_PATH=${CMAKE_PREFIX_PATH}:/opt/ros/humble /usr/bin/cmake --build /home/eliott/robot_ws/build/robot_description -- -j12 -l12
[0.374s] DEBUG:colcon.colcon_core.event_handler.log_command:Invoking command in '/home/eliott/robot_ws/build/robot_description': CMAKE_PREFIX_PATH=${CMAKE_PREFIX_PATH}:/opt/ros/humble /usr/bin/cmake --install /home/eliott/robot_ws/build/robot_description
[0.377s] DEBUG:colcon.colcon_core.event_handler.log_command:Invoked command in '/home/eliott/robot_ws/build/robot_control' returned '0': CMAKE_PREFIX_PATH=${CMAKE_PREFIX_PATH}:/opt/ros/humble /usr/bin/cmake --build /home/eliott/robot_ws/build/robot_control -- -j12 -l12
[0.383s] Level 1:colcon.colcon_core.environment:create_environment_scripts_only(robot_description)
[0.384s] DEBUG:colcon.colcon_core.event_handler.log_command:Invoked command in '/home/eliott/robot_ws/build/robot_description' returned '0': CMAKE_PREFIX_PATH=${CMAKE_PREFIX_PATH}:/opt/ros/humble /usr/bin/cmake --install /home/eliott/robot_ws/build/robot_description
[0.386s] Level 1:colcon.colcon_core.environment:checking '/home/eliott/robot_ws/install/robot_description' for CMake module files
[0.386s] Level 1:colcon.colcon_core.environment:checking '/home/eliott/robot_ws/install/robot_description' for CMake config files
[0.387s] Level 1:colcon.colcon_core.shell:create_environment_hook('robot_description', 'cmake_prefix_path')
[0.387s] INFO:colcon.colcon_core.shell:Creating environment hook '/home/eliott/robot_ws/install/robot_description/share/robot_description/hook/cmake_prefix_path.ps1'
[0.388s] INFO:colcon.colcon_core.shell:Creating environment descriptor '/home/eliott/robot_ws/install/robot_description/share/robot_description/hook/cmake_prefix_path.dsv'
[0.389s] INFO:colcon.colcon_core.shell:Creating environment hook '/home/eliott/robot_ws/install/robot_description/share/robot_description/hook/cmake_prefix_path.sh'
[0.391s] Level 1:colcon.colcon_core.environment:checking '/home/eliott/robot_ws/install/robot_description/bin'
[0.391s] Level 1:colcon.colcon_core.environment:checking '/home/eliott/robot_ws/install/robot_description/lib/pkgconfig/robot_description.pc'
[0.392s] Level 1:colcon.colcon_core.environment:checking '/home/eliott/robot_ws/install/robot_description/lib/python3.10/site-packages'
[0.392s] Level 1:colcon.colcon_core.environment:checking '/home/eliott/robot_ws/install/robot_description/bin'
[0.392s] INFO:colcon.colcon_core.shell:Creating package script '/home/eliott/robot_ws/install/robot_description/share/robot_description/package.ps1'
[0.393s] INFO:colcon.colcon_core.shell:Creating package descriptor '/home/eliott/robot_ws/install/robot_description/share/robot_description/package.dsv'
[0.394s] INFO:colcon.colcon_core.shell:Creating package script '/home/eliott/robot_ws/install/robot_description/share/robot_description/package.sh'
[0.395s] INFO:colcon.colcon_core.shell:Creating package script '/home/eliott/robot_ws/install/robot_description/share/robot_description/package.bash'
[0.397s] INFO:colcon.colcon_core.shell:Creating package script '/home/eliott/robot_ws/install/robot_description/share/robot_description/package.zsh'
[0.398s] Level 1:colcon.colcon_core.environment:create_file_with_runtime_dependencies(/home/eliott/robot_ws/install/robot_description/share/colcon-core/packages/robot_description)
[0.401s] DEBUG:colcon.colcon_core.event_handler.log_command:Invoking command in '/home/eliott/robot_ws/build/robot_control': CMAKE_PREFIX_PATH=${CMAKE_PREFIX_PATH}:/opt/ros/humble /usr/bin/cmake --install /home/eliott/robot_ws/build/robot_control
[0.412s] Level 1:colcon.colcon_core.environment:create_environment_scripts_only(robot_control)
[0.412s] Level 1:colcon.colcon_core.environment:checking '/home/eliott/robot_ws/install/robot_control' for CMake module files
[0.412s] DEBUG:colcon.colcon_core.event_handler.log_command:Invoked command in '/home/eliott/robot_ws/build/robot_control' returned '0': CMAKE_PREFIX_PATH=${CMAKE_PREFIX_PATH}:/opt/ros/humble /usr/bin/cmake --install /home/eliott/robot_ws/build/robot_control
[0.413s] Level 1:colcon.colcon_core.environment:checking '/home/eliott/robot_ws/install/robot_control' for CMake config files
[0.413s] Level 1:colcon.colcon_core.shell:create_environment_hook('robot_control', 'cmake_prefix_path')
[0.413s] INFO:colcon.colcon_core.shell:Creating environment hook '/home/eliott/robot_ws/install/robot_control/share/robot_control/hook/cmake_prefix_path.ps1'
[0.414s] INFO:colcon.colcon_core.shell:Creating environment descriptor '/home/eliott/robot_ws/install/robot_control/share/robot_control/hook/cmake_prefix_path.dsv'
[0.415s] INFO:colcon.colcon_core.shell:Creating environment hook '/home/eliott/robot_ws/install/robot_control/share/robot_control/hook/cmake_prefix_path.sh'
[0.416s] Level 1:colcon.colcon_core.environment:checking '/home/eliott/robot_ws/install/robot_control/lib'
[0.417s] Level 1:colcon.colcon_core.environment:checking '/home/eliott/robot_ws/install/robot_control/bin'
[0.417s] Level 1:colcon.colcon_core.environment:checking '/home/eliott/robot_ws/install/robot_control/lib/pkgconfig/robot_control.pc'
[0.417s] Level 1:colcon.colcon_core.environment:checking '/home/eliott/robot_ws/install/robot_control/lib/python3.10/site-packages'
[0.417s] Level 1:colcon.colcon_core.environment:checking '/home/eliott/robot_ws/install/robot_control/bin'
[0.417s] INFO:colcon.colcon_core.shell:Creating package script '/home/eliott/robot_ws/install/robot_control/share/robot_control/package.ps1'
[0.418s] INFO:colcon.colcon_core.shell:Creating package descriptor '/home/eliott/robot_ws/install/robot_control/share/robot_control/package.dsv'
[0.419s] INFO:colcon.colcon_core.shell:Creating package script '/home/eliott/robot_ws/install/robot_control/share/robot_control/package.sh'
[0.421s] INFO:colcon.colcon_core.shell:Creating package script '/home/eliott/robot_ws/install/robot_control/share/robot_control/package.bash'
[0.422s] INFO:colcon.colcon_core.shell:Creating package script '/home/eliott/robot_ws/install/robot_control/share/robot_control/package.zsh'
[0.424s] Level 1:colcon.colcon_core.environment:create_file_with_runtime_dependencies(/home/eliott/robot_ws/install/robot_control/share/colcon-core/packages/robot_control)
[0.426s] Level 1:colcon.colcon_core.environment:create_environment_scripts_only(robot_description)
[0.427s] Level 1:colcon.colcon_core.environment:checking '/home/eliott/robot_ws/install/robot_description' for CMake module files
[0.427s] Level 1:colcon.colcon_core.environment:checking '/home/eliott/robot_ws/install/robot_description' for CMake config files
[0.427s] Level 1:colcon.colcon_core.shell:create_environment_hook('robot_description', 'cmake_prefix_path')
[0.427s] INFO:colcon.colcon_core.shell:Creating environment hook '/home/eliott/robot_ws/install/robot_description/share/robot_description/hook/cmake_prefix_path.ps1'
[0.428s] INFO:colcon.colcon_core.shell:Creating environment descriptor '/home/eliott/robot_ws/install/robot_description/share/robot_description/hook/cmake_prefix_path.dsv'
[0.430s] INFO:colcon.colcon_core.shell:Creating environment hook '/home/eliott/robot_ws/install/robot_description/share/robot_description/hook/cmake_prefix_path.sh'
[0.431s] Level 1:colcon.colcon_core.environment:checking '/home/eliott/robot_ws/install/robot_description/bin'
[0.431s] Level 1:colcon.colcon_core.environment:checking '/home/eliott/robot_ws/install/robot_description/lib/pkgconfig/robot_description.pc'
[0.432s] Level 1:colcon.colcon_core.environment:checking '/home/eliott/robot_ws/install/robot_description/lib/python3.10/site-packages'
[0.432s] Level 1:colcon.colcon_core.environment:checking '/home/eliott/robot_ws/install/robot_description/bin'
[0.432s] INFO:colcon.colcon_core.shell:Creating package script '/home/eliott/robot_ws/install/robot_description/share/robot_description/package.ps1'
[0.433s] INFO:colcon.colcon_core.shell:Creating package descriptor '/home/eliott/robot_ws/install/robot_description/share/robot_description/package.dsv'
[0.434s] INFO:colcon.colcon_core.shell:Creating package script '/home/eliott/robot_ws/install/robot_description/share/robot_description/package.sh'
[0.435s] INFO:colcon.colcon_core.shell:Creating package script '/home/eliott/robot_ws/install/robot_description/share/robot_description/package.bash'
[0.436s] INFO:colcon.colcon_core.shell:Creating package script '/home/eliott/robot_ws/install/robot_description/share/robot_description/package.zsh'
[0.438s] Level 1:colcon.colcon_core.environment:create_file_with_runtime_dependencies(/home/eliott/robot_ws/install/robot_description/share/colcon-core/packages/robot_description)
[0.439s] INFO:colcon.colcon_ros.task.ament_cmake.build:Building ROS package in '/home/eliott/robot_ws/src/robot_moveit_config' with build type 'ament_cmake'
[0.439s] INFO:colcon.colcon_cmake.task.cmake.build:Building CMake package in '/home/eliott/robot_ws/src/robot_moveit_config'
[0.440s] INFO:colcon.colcon_core.shell:Skip shell extension 'powershell' for command environment: Not usable outside of PowerShell
[0.440s] DEBUG:colcon.colcon_core.shell:Skip shell extension 'dsv' for command environment
[0.448s] Level 1:colcon.colcon_core.environment:create_environment_scripts_only(robot_control)
[0.448s] Level 1:colcon.colcon_core.environment:checking '/home/eliott/robot_ws/install/robot_control' for CMake module files
[0.449s] DEBUG:colcon.colcon_core.event_handler.log_command:Invoking command in '/home/eliott/robot_ws/build/robot_moveit_config': CMAKE_PREFIX_PATH=/home/eliott/robot_ws/install/robot_description:/home/eliott/robot_ws/install/robot_moveit_config:/home/eliott/robot_ws/install/robot_control:/opt/ros/humble /usr/bin/cmake --build /home/eliott/robot_ws/build/robot_moveit_config -- -j12 -l12
[0.449s] Level 1:colcon.colcon_core.environment:checking '/home/eliott/robot_ws/install/robot_control' for CMake config files
[0.449s] Level 1:colcon.colcon_core.shell:create_environment_hook('robot_control', 'cmake_prefix_path')
[0.450s] INFO:colcon.colcon_core.shell:Creating environment hook '/home/eliott/robot_ws/install/robot_control/share/robot_control/hook/cmake_prefix_path.ps1'
[0.450s] INFO:colcon.colcon_core.shell:Creating environment descriptor '/home/eliott/robot_ws/install/robot_control/share/robot_control/hook/cmake_prefix_path.dsv'
[0.451s] INFO:colcon.colcon_core.shell:Creating environment hook '/home/eliott/robot_ws/install/robot_control/share/robot_control/hook/cmake_prefix_path.sh'
[0.453s] Level 1:colcon.colcon_core.environment:checking '/home/eliott/robot_ws/install/robot_control/lib'
[0.453s] Level 1:colcon.colcon_core.environment:checking '/home/eliott/robot_ws/install/robot_control/bin'
[0.453s] Level 1:colcon.colcon_core.environment:checking '/home/eliott/robot_ws/install/robot_control/lib/pkgconfig/robot_control.pc'
[0.453s] Level 1:colcon.colcon_core.environment:checking '/home/eliott/robot_ws/install/robot_control/lib/python3.10/site-packages'
[0.454s] Level 1:colcon.colcon_core.environment:checking '/home/eliott/robot_ws/install/robot_control/bin'
[0.454s] INFO:colcon.colcon_core.shell:Creating package script '/home/eliott/robot_ws/install/robot_control/share/robot_control/package.ps1'
[0.454s] INFO:colcon.colcon_core.shell:Creating package descriptor '/home/eliott/robot_ws/install/robot_control/share/robot_control/package.dsv'
[0.456s] INFO:colcon.colcon_core.shell:Creating package script '/home/eliott/robot_ws/install/robot_control/share/robot_control/package.sh'
[0.457s] INFO:colcon.colcon_core.shell:Creating package script '/home/eliott/robot_ws/install/robot_control/share/robot_control/package.bash'
[0.458s] INFO:colcon.colcon_core.shell:Creating package script '/home/eliott/robot_ws/install/robot_control/share/robot_control/package.zsh'
[0.460s] Level 1:colcon.colcon_core.environment:create_file_with_runtime_dependencies(/home/eliott/robot_ws/install/robot_control/share/colcon-core/packages/robot_control)
[0.481s] DEBUG:colcon.colcon_core.event_handler.log_command:Invoked command in '/home/eliott/robot_ws/build/robot_moveit_config' returned '0': CMAKE_PREFIX_PATH=/home/eliott/robot_ws/install/robot_description:/home/eliott/robot_ws/install/robot_moveit_config:/home/eliott/robot_ws/install/robot_control:/opt/ros/humble /usr/bin/cmake --build /home/eliott/robot_ws/build/robot_moveit_config -- -j12 -l12
[0.501s] DEBUG:colcon.colcon_core.event_handler.log_command:Invoking command in '/home/eliott/robot_ws/build/robot_moveit_config': CMAKE_PREFIX_PATH=/home/eliott/robot_ws/install/robot_description:/home/eliott/robot_ws/install/robot_moveit_config:/home/eliott/robot_ws/install/robot_control:/opt/ros/humble /usr/bin/cmake --install /home/eliott/robot_ws/build/robot_moveit_config
[0.510s] Level 1:colcon.colcon_core.environment:create_environment_scripts_only(robot_moveit_config)
[0.510s] Level 1:colcon.colcon_core.environment:checking '/home/eliott/robot_ws/install/robot_moveit_config' for CMake module files
[0.510s] DEBUG:colcon.colcon_core.event_handler.log_command:Invoked command in '/home/eliott/robot_ws/build/robot_moveit_config' returned '0': CMAKE_PREFIX_PATH=/home/eliott/robot_ws/install/robot_description:/home/eliott/robot_ws/install/robot_moveit_config:/home/eliott/robot_ws/install/robot_control:/opt/ros/humble /usr/bin/cmake --install /home/eliott/robot_ws/build/robot_moveit_config
[0.511s] Level 1:colcon.colcon_core.environment:checking '/home/eliott/robot_ws/install/robot_moveit_config' for CMake config files
[0.511s] Level 1:colcon.colcon_core.shell:create_environment_hook('robot_moveit_config', 'cmake_prefix_path')
[0.511s] INFO:colcon.colcon_core.shell:Creating environment hook '/home/eliott/robot_ws/install/robot_moveit_config/share/robot_moveit_config/hook/cmake_prefix_path.ps1'
[0.511s] INFO:colcon.colcon_core.shell:Creating environment descriptor '/home/eliott/robot_ws/install/robot_moveit_config/share/robot_moveit_config/hook/cmake_prefix_path.dsv'
[0.514s] INFO:colcon.colcon_core.shell:Creating environment hook '/home/eliott/robot_ws/install/robot_moveit_config/share/robot_moveit_config/hook/cmake_prefix_path.sh'
[0.515s] Level 1:colcon.colcon_core.environment:checking '/home/eliott/robot_ws/install/robot_moveit_config/bin'
[0.515s] Level 1:colcon.colcon_core.environment:checking '/home/eliott/robot_ws/install/robot_moveit_config/lib/pkgconfig/robot_moveit_config.pc'
[0.515s] Level 1:colcon.colcon_core.environment:checking '/home/eliott/robot_ws/install/robot_moveit_config/lib/python3.10/site-packages'
[0.515s] Level 1:colcon.colcon_core.environment:checking '/home/eliott/robot_ws/install/robot_moveit_config/bin'
[0.516s] INFO:colcon.colcon_core.shell:Creating package script '/home/eliott/robot_ws/install/robot_moveit_config/share/robot_moveit_config/package.ps1'
[0.516s] INFO:colcon.colcon_core.shell:Creating package descriptor '/home/eliott/robot_ws/install/robot_moveit_config/share/robot_moveit_config/package.dsv'
[0.517s] INFO:colcon.colcon_core.shell:Creating package script '/home/eliott/robot_ws/install/robot_moveit_config/share/robot_moveit_config/package.sh'
[0.519s] INFO:colcon.colcon_core.shell:Creating package script '/home/eliott/robot_ws/install/robot_moveit_config/share/robot_moveit_config/package.bash'
[0.520s] INFO:colcon.colcon_core.shell:Creating package script '/home/eliott/robot_ws/install/robot_moveit_config/share/robot_moveit_config/package.zsh'
[0.522s] Level 1:colcon.colcon_core.environment:create_file_with_runtime_dependencies(/home/eliott/robot_ws/install/robot_moveit_config/share/colcon-core/packages/robot_moveit_config)
[0.542s] Level 1:colcon.colcon_core.environment:create_environment_scripts_only(robot_moveit_config)
[0.542s] Level 1:colcon.colcon_core.environment:checking '/home/eliott/robot_ws/install/robot_moveit_config' for CMake module files
[0.543s] Level 1:colcon.colcon_core.environment:checking '/home/eliott/robot_ws/install/robot_moveit_config' for CMake config files
[0.543s] Level 1:colcon.colcon_core.shell:create_environment_hook('robot_moveit_config', 'cmake_prefix_path')
[0.543s] INFO:colcon.colcon_core.shell:Creating environment hook '/home/eliott/robot_ws/install/robot_moveit_config/share/robot_moveit_config/hook/cmake_prefix_path.ps1'
[0.544s] INFO:colcon.colcon_core.shell:Creating environment descriptor '/home/eliott/robot_ws/install/robot_moveit_config/share/robot_moveit_config/hook/cmake_prefix_path.dsv'
[0.545s] INFO:colcon.colcon_core.shell:Creating environment hook '/home/eliott/robot_ws/install/robot_moveit_config/share/robot_moveit_config/hook/cmake_prefix_path.sh'
[0.546s] Level 1:colcon.colcon_core.environment:checking '/home/eliott/robot_ws/install/robot_moveit_config/bin'
[0.546s] Level 1:colcon.colcon_core.environment:checking '/home/eliott/robot_ws/install/robot_moveit_config/lib/pkgconfig/robot_moveit_config.pc'
[0.547s] Level 1:colcon.colcon_core.environment:checking '/home/eliott/robot_ws/install/robot_moveit_config/lib/python3.10/site-packages'
[0.547s] Level 1:colcon.colcon_core.environment:checking '/home/eliott/robot_ws/install/robot_moveit_config/bin'
[0.547s] INFO:colcon.colcon_core.shell:Creating package script '/home/eliott/robot_ws/install/robot_moveit_config/share/robot_moveit_config/package.ps1'
[0.548s] INFO:colcon.colcon_core.shell:Creating package descriptor '/home/eliott/robot_ws/install/robot_moveit_config/share/robot_moveit_config/package.dsv'
[0.549s] INFO:colcon.colcon_core.shell:Creating package script '/home/eliott/robot_ws/install/robot_moveit_config/share/robot_moveit_config/package.sh'
[0.550s] INFO:colcon.colcon_core.shell:Creating package script '/home/eliott/robot_ws/install/robot_moveit_config/share/robot_moveit_config/package.bash'
[0.552s] INFO:colcon.colcon_core.shell:Creating package script '/home/eliott/robot_ws/install/robot_moveit_config/share/robot_moveit_config/package.zsh'
[0.553s] Level 1:colcon.colcon_core.environment:create_file_with_runtime_dependencies(/home/eliott/robot_ws/install/robot_moveit_config/share/colcon-core/packages/robot_moveit_config)
[0.554s] DEBUG:colcon.colcon_parallel_executor.executor.parallel:closing loop
[0.555s] DEBUG:colcon.colcon_parallel_executor.executor.parallel:loop closed
[0.555s] DEBUG:colcon.colcon_parallel_executor.executor.parallel:run_until_complete finished with '0'
[0.555s] DEBUG:colcon.colcon_core.event_reactor:joining thread
[0.560s] INFO:colcon.colcon_core.plugin_system:Skipping extension 'colcon_notification.desktop_notification.terminal_notifier': Not used on non-Darwin systems
[0.560s] INFO:colcon.colcon_core.plugin_system:Skipping extension 'colcon_notification.desktop_notification.win32': Not used on non-Windows systems
[0.560s] INFO:colcon.colcon_notification.desktop_notification:Sending desktop notification using 'notify2'
[0.571s] DEBUG:colcon.colcon_core.event_reactor:joined thread
[0.572s] INFO:colcon.colcon_core.shell:Creating prefix script '/home/eliott/robot_ws/install/local_setup.ps1'
[0.572s] INFO:colcon.colcon_core.shell:Creating prefix util module '/home/eliott/robot_ws/install/_local_setup_util_ps1.py'
[0.574s] INFO:colcon.colcon_core.shell:Creating prefix chain script '/home/eliott/robot_ws/install/setup.ps1'
[0.576s] INFO:colcon.colcon_core.shell:Creating prefix script '/home/eliott/robot_ws/install/local_setup.sh'
[0.577s] INFO:colcon.colcon_core.shell:Creating prefix util module '/home/eliott/robot_ws/install/_local_setup_util_sh.py'
[0.579s] INFO:colcon.colcon_core.shell:Creating prefix chain script '/home/eliott/robot_ws/install/setup.sh'
[0.581s] INFO:colcon.colcon_core.shell:Creating prefix script '/home/eliott/robot_ws/install/local_setup.bash'
[0.583s] INFO:colcon.colcon_core.shell:Creating prefix chain script '/home/eliott/robot_ws/install/setup.bash'
[0.585s] INFO:colcon.colcon_core.shell:Creating prefix script '/home/eliott/robot_ws/install/local_setup.zsh'
[0.587s] INFO:colcon.colcon_core.shell:Creating prefix chain script '/home/eliott/robot_ws/install/setup.zsh'
