[0.013s] Invoking command in '/home/eliott/robot_ws/build/robot_description': /usr/bin/cmake /home/eliott/robot_ws/src/robot_description -DCMAKE_INSTALL_PREFIX=/home/eliott/robot_ws/install/robot_description
[0.661s] -- The C compiler identification is GNU 11.4.0
[1.151s] -- The CXX compiler identification is GNU 11.4.0
[1.170s] -- Detecting C compiler ABI info
[1.263s] -- Detecting C compiler ABI info - done
[1.268s] -- Check for working C compiler: /usr/bin/cc - skipped
[1.269s] -- Detecting C compile features
[1.272s] -- Detecting C compile features - done
[1.277s] -- Detecting CXX compiler ABI info
[1.368s] -- Detecting CXX compiler ABI info - done
[1.373s] -- Check for working CXX compiler: /usr/bin/c++ - skipped
[1.373s] -- Detecting CXX compile features
[1.374s] -- Detecting CXX compile features - done
[1.382s] -- Configuring incomplete, errors occurred!
[1.382s] See also "/home/eliott/robot_ws/build/robot_description/CMakeFiles/CMakeOutput.log".
[1.382s] [31mCMake Error at CMakeLists.txt:5 (find_package):
[1.382s]   By not providing "Findament_cmake.cmake" in CMAKE_MODULE_PATH this project
[1.383s]   has asked CMake to find a package configuration file provided by
[1.383s]   "ament_cmake", but CMake did not find one.
[1.383s] 
[1.383s]   Could not find a package configuration file provided by "ament_cmake" with
[1.383s]   any of the following names:
[1.383s] 
[1.383s]     ament_cmakeConfig.cmake
[1.383s]     ament_cmake-config.cmake
[1.383s] 
[1.383s]   Add the installation prefix of "ament_cmake" to CMAKE_PREFIX_PATH or set
[1.383s]   "ament_cmake_DIR" to a directory containing one of the above files.  If
[1.383s]   "ament_cmake" provides a separate development package or SDK, be sure it
[1.383s]   has been installed.
[1.383s] 
[1.383s] [0m
[1.385s] Invoked command in '/home/eliott/robot_ws/build/robot_description' returned '1': /usr/bin/cmake /home/eliott/robot_ws/src/robot_description -DCMAKE_INSTALL_PREFIX=/home/eliott/robot_ws/install/robot_description
