[0.026s] Invoking command in '/home/eliott/robot_ws/build/robot_moveit_config': CMAKE_PREFIX_PATH=/home/eliott/robot_ws/install/robot_description:/home/eliott/robot_ws/install/robot_moveit_config:/home/eliott/robot_ws/install/robot_control:/opt/ros/humble /usr/bin/cmake --build /home/eliott/robot_ws/build/robot_moveit_config -- -j12 -l12
[0.096s] -- Found ament_cmake: 1.3.10 (/opt/ros/humble/share/ament_cmake/cmake)
[0.358s] -- Configuring done
[0.379s] -- Generating done
[0.387s] -- Build files have been written to: /home/eliott/robot_ws/build/robot_moveit_config
[0.400s] Invoked command in '/home/eliott/robot_ws/build/robot_moveit_config' returned '0': CMAKE_PREFIX_PATH=/home/eliott/robot_ws/install/robot_description:/home/eliott/robot_ws/install/robot_moveit_config:/home/eliott/robot_ws/install/robot_control:/opt/ros/humble /usr/bin/cmake --build /home/eliott/robot_ws/build/robot_moveit_config -- -j12 -l12
[0.413s] Invoking command in '/home/eliott/robot_ws/build/robot_moveit_config': CMAKE_PREFIX_PATH=/home/eliott/robot_ws/install/robot_description:/home/eliott/robot_ws/install/robot_moveit_config:/home/eliott/robot_ws/install/robot_control:/opt/ros/humble /usr/bin/cmake --install /home/eliott/robot_ws/build/robot_moveit_config
[0.418s] -- Install configuration: ""
[0.418s] -- Up-to-date: /home/eliott/robot_ws/install/robot_moveit_config/share/ament_index/resource_index/package_run_dependencies/robot_moveit_config
[0.418s] -- Up-to-date: /home/eliott/robot_ws/install/robot_moveit_config/share/ament_index/resource_index/parent_prefix_path/robot_moveit_config
[0.418s] -- Up-to-date: /home/eliott/robot_ws/install/robot_moveit_config/share/robot_moveit_config/environment/ament_prefix_path.sh
[0.418s] -- Installing: /home/eliott/robot_ws/install/robot_moveit_config/share/robot_moveit_config/environment/ament_prefix_path.dsv
[0.418s] -- Up-to-date: /home/eliott/robot_ws/install/robot_moveit_config/share/robot_moveit_config/environment/path.sh
[0.418s] -- Installing: /home/eliott/robot_ws/install/robot_moveit_config/share/robot_moveit_config/environment/path.dsv
[0.418s] -- Up-to-date: /home/eliott/robot_ws/install/robot_moveit_config/share/robot_moveit_config/local_setup.bash
[0.419s] -- Up-to-date: /home/eliott/robot_ws/install/robot_moveit_config/share/robot_moveit_config/local_setup.sh
[0.419s] -- Up-to-date: /home/eliott/robot_ws/install/robot_moveit_config/share/robot_moveit_config/local_setup.zsh
[0.419s] -- Installing: /home/eliott/robot_ws/install/robot_moveit_config/share/robot_moveit_config/local_setup.dsv
[0.419s] -- Installing: /home/eliott/robot_ws/install/robot_moveit_config/share/robot_moveit_config/package.dsv
[0.419s] -- Up-to-date: /home/eliott/robot_ws/install/robot_moveit_config/share/ament_index/resource_index/packages/robot_moveit_config
[0.419s] -- Up-to-date: /home/eliott/robot_ws/install/robot_moveit_config/share/robot_moveit_config/cmake/robot_moveit_configConfig.cmake
[0.419s] -- Up-to-date: /home/eliott/robot_ws/install/robot_moveit_config/share/robot_moveit_config/cmake/robot_moveit_configConfig-version.cmake
[0.419s] -- Installing: /home/eliott/robot_ws/install/robot_moveit_config/share/robot_moveit_config/package.xml
[0.419s] -- Up-to-date: /home/eliott/robot_ws/install/robot_moveit_config/share/robot_moveit_config/launch
[0.419s] -- Installing: /home/eliott/robot_ws/install/robot_moveit_config/share/robot_moveit_config/launch/setup_assistant.launch.py
[0.419s] -- Installing: /home/eliott/robot_ws/install/robot_moveit_config/share/robot_moveit_config/launch/demo.launch.py
[0.419s] -- Installing: /home/eliott/robot_ws/install/robot_moveit_config/share/robot_moveit_config/launch/spawn_controllers.launch.py
[0.419s] -- Up-to-date: /home/eliott/robot_ws/install/robot_moveit_config/share/robot_moveit_config/launch/moveit_gazebo.launch.py
[0.419s] -- Installing: /home/eliott/robot_ws/install/robot_moveit_config/share/robot_moveit_config/launch/warehouse_db.launch.py
[0.419s] -- Installing: /home/eliott/robot_ws/install/robot_moveit_config/share/robot_moveit_config/launch/move_group.launch.py
[0.420s] -- Installing: /home/eliott/robot_ws/install/robot_moveit_config/share/robot_moveit_config/launch/rsp.launch.py
[0.420s] -- Installing: /home/eliott/robot_ws/install/robot_moveit_config/share/robot_moveit_config/launch/static_virtual_joint_tfs.launch.py
[0.420s] -- Installing: /home/eliott/robot_ws/install/robot_moveit_config/share/robot_moveit_config/launch/moveit_rviz.launch.py
[0.420s] -- Up-to-date: /home/eliott/robot_ws/install/robot_moveit_config/share/robot_moveit_config/config
[0.420s] -- Installing: /home/eliott/robot_ws/install/robot_moveit_config/share/robot_moveit_config/config/pilz_cartesian_limits.yaml
[0.420s] -- Installing: /home/eliott/robot_ws/install/robot_moveit_config/share/robot_moveit_config/config/armr5.ros2_control.xacro
[0.420s] -- Installing: /home/eliott/robot_ws/install/robot_moveit_config/share/robot_moveit_config/config/joint_limits.yaml
[0.420s] -- Installing: /home/eliott/robot_ws/install/robot_moveit_config/share/robot_moveit_config/config/moveit.rviz
[0.420s] -- Installing: /home/eliott/robot_ws/install/robot_moveit_config/share/robot_moveit_config/config/moveit_controllers.yaml
[0.420s] -- Installing: /home/eliott/robot_ws/install/robot_moveit_config/share/robot_moveit_config/config/kinematics.yaml
[0.420s] -- Installing: /home/eliott/robot_ws/install/robot_moveit_config/share/robot_moveit_config/config/initial_positions.yaml
[0.420s] -- Installing: /home/eliott/robot_ws/install/robot_moveit_config/share/robot_moveit_config/config/armr5.urdf.xacro
[0.420s] -- Installing: /home/eliott/robot_ws/install/robot_moveit_config/share/robot_moveit_config/config/sensors_3d.yaml
[0.420s] -- Installing: /home/eliott/robot_ws/install/robot_moveit_config/share/robot_moveit_config/config/armr5.srdf
[0.420s] -- Installing: /home/eliott/robot_ws/install/robot_moveit_config/share/robot_moveit_config/config/ros2_controllers.yaml
[0.420s] -- Installing: /home/eliott/robot_ws/install/robot_moveit_config/share/robot_moveit_config/.setup_assistant
[0.423s] Invoked command in '/home/eliott/robot_ws/build/robot_moveit_config' returned '0': CMAKE_PREFIX_PATH=/home/eliott/robot_ws/install/robot_description:/home/eliott/robot_ws/install/robot_moveit_config:/home/eliott/robot_ws/install/robot_control:/opt/ros/humble /usr/bin/cmake --install /home/eliott/robot_ws/build/robot_moveit_config
