[0.032s] Invoking command in '/home/eliott/robot_ws/build/robot_control': CMAKE_PREFIX_PATH=${CMAKE_PREFIX_PATH}:/opt/ros/humble /usr/bin/cmake --build /home/eliott/robot_ws/build/robot_control -- -j12 -l12
[0.411s] [35m[1mConsolidate compiler generated dependencies of target moveit_node[0m
[0.838s] [100%] Built target moveit_node
[0.849s] Invoked command in '/home/eliott/robot_ws/build/robot_control' returned '0': CMAKE_PREFIX_PATH=${CMAKE_PREFIX_PATH}:/opt/ros/humble /usr/bin/cmake --build /home/eliott/robot_ws/build/robot_control -- -j12 -l12
[0.869s] Invoking command in '/home/eliott/robot_ws/build/robot_control': CMAKE_PREFIX_PATH=${CMAKE_PREFIX_PATH}:/opt/ros/humble /usr/bin/cmake --install /home/eliott/robot_ws/build/robot_control
[0.877s] -- Install configuration: ""
[0.882s] -- Up-to-date: /home/eliott/robot_ws/install/robot_control/lib/robot_control/moveit_node
[0.882s] -- Up-to-date: /home/eliott/robot_ws/install/robot_control/share/ament_index/resource_index/package_run_dependencies/robot_control
[0.882s] -- Up-to-date: /home/eliott/robot_ws/install/robot_control/share/ament_index/resource_index/parent_prefix_path/robot_control
[0.882s] -- Up-to-date: /home/eliott/robot_ws/install/robot_control/share/robot_control/environment/ament_prefix_path.sh
[0.882s] -- Up-to-date: /home/eliott/robot_ws/install/robot_control/share/robot_control/environment/ament_prefix_path.dsv
[0.882s] -- Up-to-date: /home/eliott/robot_ws/install/robot_control/share/robot_control/environment/path.sh
[0.882s] -- Up-to-date: /home/eliott/robot_ws/install/robot_control/share/robot_control/environment/path.dsv
[0.883s] -- Up-to-date: /home/eliott/robot_ws/install/robot_control/share/robot_control/local_setup.bash
[0.883s] -- Up-to-date: /home/eliott/robot_ws/install/robot_control/share/robot_control/local_setup.sh
[0.883s] -- Up-to-date: /home/eliott/robot_ws/install/robot_control/share/robot_control/local_setup.zsh
[0.883s] -- Up-to-date: /home/eliott/robot_ws/install/robot_control/share/robot_control/local_setup.dsv
[0.883s] -- Installing: /home/eliott/robot_ws/install/robot_control/share/robot_control/package.dsv
[0.884s] -- Up-to-date: /home/eliott/robot_ws/install/robot_control/share/ament_index/resource_index/packages/robot_control
[0.884s] -- Up-to-date: /home/eliott/robot_ws/install/robot_control/share/robot_control/cmake/robot_controlConfig.cmake
[0.884s] -- Up-to-date: /home/eliott/robot_ws/install/robot_control/share/robot_control/cmake/robot_controlConfig-version.cmake
[0.884s] -- Up-to-date: /home/eliott/robot_ws/install/robot_control/share/robot_control/package.xml
[0.887s] Invoked command in '/home/eliott/robot_ws/build/robot_control' returned '0': CMAKE_PREFIX_PATH=${CMAKE_PREFIX_PATH}:/opt/ros/humble /usr/bin/cmake --install /home/eliott/robot_ws/build/robot_control
