[0.262s] DEBUG:colcon:Command line arguments: ['/usr/bin/colcon', 'build']
[0.262s] DEBUG:colcon:Parsed command line arguments: Namespace(log_base=None, log_level=None, verb_name='build', build_base='build', install_base='install', merge_install=False, symlink_install=False, test_result_base=None, continue_on_error=False, executor='parallel', parallel_workers=12, event_handlers=None, ignore_user_meta=False, metas=['./colcon.meta'], base_paths=['.'], packages_ignore=None, packages_ignore_regex=None, paths=None, packages_up_to=None, packages_up_to_regex=None, packages_above=None, packages_above_and_dependencies=None, packages_above_depth=None, packages_select_by_dep=None, packages_skip_by_dep=None, packages_skip_up_to=None, packages_select_build_failed=False, packages_skip_build_finished=False, packages_select_test_failures=False, packages_skip_test_passed=False, packages_select=None, packages_skip=None, packages_select_regex=None, packages_skip_regex=None, packages_start=None, packages_end=None, allow_overriding=[], cmake_args=None, cmake_target=None, cmake_target_skip_unavailable=False, cmake_clean_cache=False, cmake_clean_first=False, cmake_force_configure=False, ament_cmake_args=None, catkin_cmake_args=None, catkin_skip_building_tests=False, verb_parser=<colcon_defaults.argument_parser.defaults.DefaultArgumentsDecorator object at 0x7bf216738250>, verb_extension=<colcon_core.verb.build.BuildVerb object at 0x7bf2167038e0>, main=<bound method BuildVerb.main of <colcon_core.verb.build.BuildVerb object at 0x7bf2167038e0>>)
[0.769s] Level 1:colcon.colcon_core.package_discovery:discover_packages(colcon_meta) check parameters
[0.769s] Level 1:colcon.colcon_core.package_discovery:discover_packages(recursive) check parameters
[0.769s] Level 1:colcon.colcon_core.package_discovery:discover_packages(ignore) check parameters
[0.769s] Level 1:colcon.colcon_core.package_discovery:discover_packages(path) check parameters
[0.769s] Level 1:colcon.colcon_core.package_discovery:discover_packages(colcon_meta) discover
[0.769s] Level 1:colcon.colcon_core.package_discovery:discover_packages(recursive) discover
[0.770s] INFO:colcon.colcon_core.package_discovery:Crawling recursively for packages in '/home/eliott/robot_ws'
[0.770s] Level 1:colcon.colcon_core.package_identification:_identify(.) by extensions ['ignore', 'ignore_ament_install']
[0.770s] Level 1:colcon.colcon_core.package_identification:_identify(.) by extension 'ignore'
[0.770s] Level 1:colcon.colcon_core.package_identification:_identify(.) by extension 'ignore_ament_install'
[0.770s] Level 1:colcon.colcon_core.package_identification:_identify(.) by extensions ['colcon_pkg']
[0.770s] Level 1:colcon.colcon_core.package_identification:_identify(.) by extension 'colcon_pkg'
[0.770s] Level 1:colcon.colcon_core.package_identification:_identify(.) by extensions ['colcon_meta']
[0.770s] Level 1:colcon.colcon_core.package_identification:_identify(.) by extension 'colcon_meta'
[0.770s] Level 1:colcon.colcon_core.package_identification:_identify(.) by extensions ['ros']
[0.770s] Level 1:colcon.colcon_core.package_identification:_identify(.) by extension 'ros'
[0.777s] Level 1:colcon.colcon_core.package_identification:_identify(.) by extensions ['cmake', 'python']
[0.777s] Level 1:colcon.colcon_core.package_identification:_identify(.) by extension 'cmake'
[0.777s] Level 1:colcon.colcon_core.package_identification:_identify(.) by extension 'python'
[0.777s] Level 1:colcon.colcon_core.package_identification:_identify(.) by extensions ['python_setup_py']
[0.777s] Level 1:colcon.colcon_core.package_identification:_identify(.) by extension 'python_setup_py'
[0.777s] Level 1:colcon.colcon_core.package_identification:_identify(build) by extensions ['ignore', 'ignore_ament_install']
[0.777s] Level 1:colcon.colcon_core.package_identification:_identify(build) by extension 'ignore'
[0.777s] Level 1:colcon.colcon_core.package_identification:_identify(build) ignored
[0.778s] Level 1:colcon.colcon_core.package_identification:_identify(install) by extensions ['ignore', 'ignore_ament_install']
[0.778s] Level 1:colcon.colcon_core.package_identification:_identify(install) by extension 'ignore'
[0.778s] Level 1:colcon.colcon_core.package_identification:_identify(install) ignored
[0.778s] Level 1:colcon.colcon_core.package_identification:_identify(log) by extensions ['ignore', 'ignore_ament_install']
[0.778s] Level 1:colcon.colcon_core.package_identification:_identify(log) by extension 'ignore'
[0.778s] Level 1:colcon.colcon_core.package_identification:_identify(log) ignored
[0.778s] Level 1:colcon.colcon_core.package_identification:_identify(src) by extensions ['ignore', 'ignore_ament_install']
[0.778s] Level 1:colcon.colcon_core.package_identification:_identify(src) by extension 'ignore'
[0.778s] Level 1:colcon.colcon_core.package_identification:_identify(src) by extension 'ignore_ament_install'
[0.778s] Level 1:colcon.colcon_core.package_identification:_identify(src) by extensions ['colcon_pkg']
[0.778s] Level 1:colcon.colcon_core.package_identification:_identify(src) by extension 'colcon_pkg'
[0.778s] Level 1:colcon.colcon_core.package_identification:_identify(src) by extensions ['colcon_meta']
[0.778s] Level 1:colcon.colcon_core.package_identification:_identify(src) by extension 'colcon_meta'
[0.778s] Level 1:colcon.colcon_core.package_identification:_identify(src) by extensions ['ros']
[0.778s] Level 1:colcon.colcon_core.package_identification:_identify(src) by extension 'ros'
[0.778s] Level 1:colcon.colcon_core.package_identification:_identify(src) by extensions ['cmake', 'python']
[0.778s] Level 1:colcon.colcon_core.package_identification:_identify(src) by extension 'cmake'
[0.778s] Level 1:colcon.colcon_core.package_identification:_identify(src) by extension 'python'
[0.778s] Level 1:colcon.colcon_core.package_identification:_identify(src) by extensions ['python_setup_py']
[0.778s] Level 1:colcon.colcon_core.package_identification:_identify(src) by extension 'python_setup_py'
[0.778s] Level 1:colcon.colcon_core.package_identification:_identify(src/robot_control) by extensions ['ignore', 'ignore_ament_install']
[0.778s] Level 1:colcon.colcon_core.package_identification:_identify(src/robot_control) by extension 'ignore'
[0.778s] Level 1:colcon.colcon_core.package_identification:_identify(src/robot_control) by extension 'ignore_ament_install'
[0.778s] Level 1:colcon.colcon_core.package_identification:_identify(src/robot_control) by extensions ['colcon_pkg']
[0.778s] Level 1:colcon.colcon_core.package_identification:_identify(src/robot_control) by extension 'colcon_pkg'
[0.778s] Level 1:colcon.colcon_core.package_identification:_identify(src/robot_control) by extensions ['colcon_meta']
[0.778s] Level 1:colcon.colcon_core.package_identification:_identify(src/robot_control) by extension 'colcon_meta'
[0.778s] Level 1:colcon.colcon_core.package_identification:_identify(src/robot_control) by extensions ['ros']
[0.778s] Level 1:colcon.colcon_core.package_identification:_identify(src/robot_control) by extension 'ros'
[0.780s] DEBUG:colcon.colcon_core.package_identification:Package 'src/robot_control' with type 'ros.ament_cmake' and name 'robot_control'
[0.780s] Level 1:colcon.colcon_core.package_identification:_identify(src/robot_description) by extensions ['ignore', 'ignore_ament_install']
[0.780s] Level 1:colcon.colcon_core.package_identification:_identify(src/robot_description) by extension 'ignore'
[0.780s] Level 1:colcon.colcon_core.package_identification:_identify(src/robot_description) by extension 'ignore_ament_install'
[0.780s] Level 1:colcon.colcon_core.package_identification:_identify(src/robot_description) by extensions ['colcon_pkg']
[0.780s] Level 1:colcon.colcon_core.package_identification:_identify(src/robot_description) by extension 'colcon_pkg'
[0.780s] Level 1:colcon.colcon_core.package_identification:_identify(src/robot_description) by extensions ['colcon_meta']
[0.780s] Level 1:colcon.colcon_core.package_identification:_identify(src/robot_description) by extension 'colcon_meta'
[0.780s] Level 1:colcon.colcon_core.package_identification:_identify(src/robot_description) by extensions ['ros']
[0.780s] Level 1:colcon.colcon_core.package_identification:_identify(src/robot_description) by extension 'ros'
[0.782s] DEBUG:colcon.colcon_core.package_identification:Package 'src/robot_description' with type 'ros.ament_cmake' and name 'robot_description'
[0.782s] Level 1:colcon.colcon_core.package_identification:_identify(src/robot_moveit_config) by extensions ['ignore', 'ignore_ament_install']
[0.782s] Level 1:colcon.colcon_core.package_identification:_identify(src/robot_moveit_config) by extension 'ignore'
[0.782s] Level 1:colcon.colcon_core.package_identification:_identify(src/robot_moveit_config) by extension 'ignore_ament_install'
[0.782s] Level 1:colcon.colcon_core.package_identification:_identify(src/robot_moveit_config) by extensions ['colcon_pkg']
[0.782s] Level 1:colcon.colcon_core.package_identification:_identify(src/robot_moveit_config) by extension 'colcon_pkg'
[0.782s] Level 1:colcon.colcon_core.package_identification:_identify(src/robot_moveit_config) by extensions ['colcon_meta']
[0.782s] Level 1:colcon.colcon_core.package_identification:_identify(src/robot_moveit_config) by extension 'colcon_meta'
[0.782s] Level 1:colcon.colcon_core.package_identification:_identify(src/robot_moveit_config) by extensions ['ros']
[0.782s] Level 1:colcon.colcon_core.package_identification:_identify(src/robot_moveit_config) by extension 'ros'
[0.783s] DEBUG:colcon.colcon_core.package_identification:Package 'src/robot_moveit_config' with type 'ros.ament_cmake' and name 'robot_moveit_config'
[0.783s] Level 1:colcon.colcon_core.package_discovery:discover_packages(recursive) using defaults
[0.783s] Level 1:colcon.colcon_core.package_discovery:discover_packages(ignore) discover
[0.783s] Level 1:colcon.colcon_core.package_discovery:discover_packages(ignore) using defaults
[0.783s] Level 1:colcon.colcon_core.package_discovery:discover_packages(path) discover
[0.783s] Level 1:colcon.colcon_core.package_discovery:discover_packages(path) using defaults
[0.821s] Level 1:colcon.colcon_core.package_discovery:discover_packages(prefix_path) check parameters
[0.821s] Level 1:colcon.colcon_core.package_discovery:discover_packages(prefix_path) discover
[0.827s] DEBUG:colcon.colcon_installed_package_information.package_discovery:Found 2 installed packages in /home/eliott/robot_ws/install
[0.828s] DEBUG:colcon.colcon_installed_package_information.package_discovery:Found 366 installed packages in /opt/ros/humble
[0.829s] Level 1:colcon.colcon_core.package_discovery:discover_packages(prefix_path) using defaults
[0.871s] Level 5:colcon.colcon_core.verb:set package 'robot_control' build argument 'cmake_args' from command line to 'None'
[0.871s] Level 5:colcon.colcon_core.verb:set package 'robot_control' build argument 'cmake_target' from command line to 'None'
[0.871s] Level 5:colcon.colcon_core.verb:set package 'robot_control' build argument 'cmake_target_skip_unavailable' from command line to 'False'
[0.871s] Level 5:colcon.colcon_core.verb:set package 'robot_control' build argument 'cmake_clean_cache' from command line to 'False'
[0.871s] Level 5:colcon.colcon_core.verb:set package 'robot_control' build argument 'cmake_clean_first' from command line to 'False'
[0.871s] Level 5:colcon.colcon_core.verb:set package 'robot_control' build argument 'cmake_force_configure' from command line to 'False'
[0.871s] Level 5:colcon.colcon_core.verb:set package 'robot_control' build argument 'ament_cmake_args' from command line to 'None'
[0.871s] Level 5:colcon.colcon_core.verb:set package 'robot_control' build argument 'catkin_cmake_args' from command line to 'None'
[0.871s] Level 5:colcon.colcon_core.verb:set package 'robot_control' build argument 'catkin_skip_building_tests' from command line to 'False'
[0.871s] DEBUG:colcon.colcon_core.verb:Building package 'robot_control' with the following arguments: {'ament_cmake_args': None, 'build_base': '/home/eliott/robot_ws/build/robot_control', 'catkin_cmake_args': None, 'catkin_skip_building_tests': False, 'cmake_args': None, 'cmake_clean_cache': False, 'cmake_clean_first': False, 'cmake_force_configure': False, 'cmake_target': None, 'cmake_target_skip_unavailable': False, 'install_base': '/home/eliott/robot_ws/install/robot_control', 'merge_install': False, 'path': '/home/eliott/robot_ws/src/robot_control', 'symlink_install': False, 'test_result_base': None}
[0.871s] Level 5:colcon.colcon_core.verb:set package 'robot_description' build argument 'cmake_args' from command line to 'None'
[0.871s] Level 5:colcon.colcon_core.verb:set package 'robot_description' build argument 'cmake_target' from command line to 'None'
[0.871s] Level 5:colcon.colcon_core.verb:set package 'robot_description' build argument 'cmake_target_skip_unavailable' from command line to 'False'
[0.871s] Level 5:colcon.colcon_core.verb:set package 'robot_description' build argument 'cmake_clean_cache' from command line to 'False'
[0.871s] Level 5:colcon.colcon_core.verb:set package 'robot_description' build argument 'cmake_clean_first' from command line to 'False'
[0.871s] Level 5:colcon.colcon_core.verb:set package 'robot_description' build argument 'cmake_force_configure' from command line to 'False'
[0.871s] Level 5:colcon.colcon_core.verb:set package 'robot_description' build argument 'ament_cmake_args' from command line to 'None'
[0.871s] Level 5:colcon.colcon_core.verb:set package 'robot_description' build argument 'catkin_cmake_args' from command line to 'None'
[0.871s] Level 5:colcon.colcon_core.verb:set package 'robot_description' build argument 'catkin_skip_building_tests' from command line to 'False'
[0.871s] DEBUG:colcon.colcon_core.verb:Building package 'robot_description' with the following arguments: {'ament_cmake_args': None, 'build_base': '/home/eliott/robot_ws/build/robot_description', 'catkin_cmake_args': None, 'catkin_skip_building_tests': False, 'cmake_args': None, 'cmake_clean_cache': False, 'cmake_clean_first': False, 'cmake_force_configure': False, 'cmake_target': None, 'cmake_target_skip_unavailable': False, 'install_base': '/home/eliott/robot_ws/install/robot_description', 'merge_install': False, 'path': '/home/eliott/robot_ws/src/robot_description', 'symlink_install': False, 'test_result_base': None}
[0.871s] Level 5:colcon.colcon_core.verb:set package 'robot_moveit_config' build argument 'cmake_args' from command line to 'None'
[0.871s] Level 5:colcon.colcon_core.verb:set package 'robot_moveit_config' build argument 'cmake_target' from command line to 'None'
[0.871s] Level 5:colcon.colcon_core.verb:set package 'robot_moveit_config' build argument 'cmake_target_skip_unavailable' from command line to 'False'
[0.871s] Level 5:colcon.colcon_core.verb:set package 'robot_moveit_config' build argument 'cmake_clean_cache' from command line to 'False'
[0.871s] Level 5:colcon.colcon_core.verb:set package 'robot_moveit_config' build argument 'cmake_clean_first' from command line to 'False'
[0.871s] Level 5:colcon.colcon_core.verb:set package 'robot_moveit_config' build argument 'cmake_force_configure' from command line to 'False'
[0.871s] Level 5:colcon.colcon_core.verb:set package 'robot_moveit_config' build argument 'ament_cmake_args' from command line to 'None'
[0.872s] Level 5:colcon.colcon_core.verb:set package 'robot_moveit_config' build argument 'catkin_cmake_args' from command line to 'None'
[0.872s] Level 5:colcon.colcon_core.verb:set package 'robot_moveit_config' build argument 'catkin_skip_building_tests' from command line to 'False'
[0.872s] DEBUG:colcon.colcon_core.verb:Building package 'robot_moveit_config' with the following arguments: {'ament_cmake_args': None, 'build_base': '/home/eliott/robot_ws/build/robot_moveit_config', 'catkin_cmake_args': None, 'catkin_skip_building_tests': False, 'cmake_args': None, 'cmake_clean_cache': False, 'cmake_clean_first': False, 'cmake_force_configure': False, 'cmake_target': None, 'cmake_target_skip_unavailable': False, 'install_base': '/home/eliott/robot_ws/install/robot_moveit_config', 'merge_install': False, 'path': '/home/eliott/robot_ws/src/robot_moveit_config', 'symlink_install': False, 'test_result_base': None}
[0.872s] INFO:colcon.colcon_core.executor:Executing jobs using 'parallel' executor
[0.872s] DEBUG:colcon.colcon_parallel_executor.executor.parallel:run_until_complete
[0.873s] INFO:colcon.colcon_ros.task.ament_cmake.build:Building ROS package in '/home/eliott/robot_ws/src/robot_description' with build type 'ament_cmake'
[0.873s] INFO:colcon.colcon_cmake.task.cmake.build:Building CMake package in '/home/eliott/robot_ws/src/robot_description'
[0.886s] INFO:colcon.colcon_core.plugin_system:Skipping extension 'colcon_core.shell.bat': Not used on non-Windows systems
[0.887s] INFO:colcon.colcon_core.shell:Skip shell extension 'powershell' for command environment: Not usable outside of PowerShell
[0.887s] DEBUG:colcon.colcon_core.shell:Skip shell extension 'dsv' for command environment
[0.890s] INFO:colcon.colcon_ros.task.ament_cmake.build:Building ROS package in '/home/eliott/robot_ws/src/robot_control' with build type 'ament_cmake'
[0.890s] INFO:colcon.colcon_cmake.task.cmake.build:Building CMake package in '/home/eliott/robot_ws/src/robot_control'
[0.890s] INFO:colcon.colcon_core.shell:Skip shell extension 'powershell' for command environment: Not usable outside of PowerShell
[0.890s] DEBUG:colcon.colcon_core.shell:Skip shell extension 'dsv' for command environment
[0.904s] DEBUG:colcon.colcon_core.event_handler.log_command:Invoking command in '/home/eliott/robot_ws/build/robot_description': CMAKE_PREFIX_PATH=${CMAKE_PREFIX_PATH}:/opt/ros/humble /usr/bin/cmake --build /home/eliott/robot_ws/build/robot_description -- -j12 -l12
[0.906s] DEBUG:colcon.colcon_core.event_handler.log_command:Invoking command in '/home/eliott/robot_ws/build/robot_control': CMAKE_PREFIX_PATH=${CMAKE_PREFIX_PATH}:/opt/ros/humble /usr/bin/cmake /home/eliott/robot_ws/src/robot_control -DCMAKE_INSTALL_PREFIX=/home/eliott/robot_ws/install/robot_control
[1.660s] DEBUG:colcon.colcon_core.event_handler.log_command:Invoked command in '/home/eliott/robot_ws/build/robot_description' returned '0': CMAKE_PREFIX_PATH=${CMAKE_PREFIX_PATH}:/opt/ros/humble /usr/bin/cmake --build /home/eliott/robot_ws/build/robot_description -- -j12 -l12
[1.680s] DEBUG:colcon.colcon_core.event_handler.log_command:Invoking command in '/home/eliott/robot_ws/build/robot_description': CMAKE_PREFIX_PATH=${CMAKE_PREFIX_PATH}:/opt/ros/humble /usr/bin/cmake --install /home/eliott/robot_ws/build/robot_description
[1.703s] Level 1:colcon.colcon_core.environment:create_environment_scripts_only(robot_description)
[1.703s] DEBUG:colcon.colcon_core.event_handler.log_command:Invoked command in '/home/eliott/robot_ws/build/robot_description' returned '0': CMAKE_PREFIX_PATH=${CMAKE_PREFIX_PATH}:/opt/ros/humble /usr/bin/cmake --install /home/eliott/robot_ws/build/robot_description
[1.737s] Level 1:colcon.colcon_core.environment:checking '/home/eliott/robot_ws/install/robot_description' for CMake module files
[1.737s] Level 1:colcon.colcon_core.environment:checking '/home/eliott/robot_ws/install/robot_description' for CMake config files
[1.737s] Level 1:colcon.colcon_core.shell:create_environment_hook('robot_description', 'cmake_prefix_path')
[1.737s] INFO:colcon.colcon_core.shell:Creating environment hook '/home/eliott/robot_ws/install/robot_description/share/robot_description/hook/cmake_prefix_path.ps1'
[1.741s] INFO:colcon.colcon_core.shell:Creating environment descriptor '/home/eliott/robot_ws/install/robot_description/share/robot_description/hook/cmake_prefix_path.dsv'
[1.746s] INFO:colcon.colcon_core.shell:Creating environment hook '/home/eliott/robot_ws/install/robot_description/share/robot_description/hook/cmake_prefix_path.sh'
[1.750s] Level 1:colcon.colcon_core.environment:checking '/home/eliott/robot_ws/install/robot_description/bin'
[1.750s] Level 1:colcon.colcon_core.environment:checking '/home/eliott/robot_ws/install/robot_description/lib/pkgconfig/robot_description.pc'
[1.750s] Level 1:colcon.colcon_core.environment:checking '/home/eliott/robot_ws/install/robot_description/lib/python3.10/site-packages'
[1.750s] Level 1:colcon.colcon_core.environment:checking '/home/eliott/robot_ws/install/robot_description/bin'
[1.750s] INFO:colcon.colcon_core.shell:Creating package script '/home/eliott/robot_ws/install/robot_description/share/robot_description/package.ps1'
[1.753s] INFO:colcon.colcon_core.shell:Creating package descriptor '/home/eliott/robot_ws/install/robot_description/share/robot_description/package.dsv'
[1.757s] INFO:colcon.colcon_core.shell:Creating package script '/home/eliott/robot_ws/install/robot_description/share/robot_description/package.sh'
[1.761s] INFO:colcon.colcon_core.shell:Creating package script '/home/eliott/robot_ws/install/robot_description/share/robot_description/package.bash'
[1.766s] INFO:colcon.colcon_core.shell:Creating package script '/home/eliott/robot_ws/install/robot_description/share/robot_description/package.zsh'
[1.771s] Level 1:colcon.colcon_core.environment:create_file_with_runtime_dependencies(/home/eliott/robot_ws/install/robot_description/share/colcon-core/packages/robot_description)
[1.787s] Level 1:colcon.colcon_core.environment:create_environment_scripts_only(robot_description)
[1.787s] Level 1:colcon.colcon_core.environment:checking '/home/eliott/robot_ws/install/robot_description' for CMake module files
[1.787s] Level 1:colcon.colcon_core.environment:checking '/home/eliott/robot_ws/install/robot_description' for CMake config files
[1.788s] Level 1:colcon.colcon_core.shell:create_environment_hook('robot_description', 'cmake_prefix_path')
[1.788s] INFO:colcon.colcon_core.shell:Creating environment hook '/home/eliott/robot_ws/install/robot_description/share/robot_description/hook/cmake_prefix_path.ps1'
[1.791s] INFO:colcon.colcon_core.shell:Creating environment descriptor '/home/eliott/robot_ws/install/robot_description/share/robot_description/hook/cmake_prefix_path.dsv'
[1.798s] INFO:colcon.colcon_core.shell:Creating environment hook '/home/eliott/robot_ws/install/robot_description/share/robot_description/hook/cmake_prefix_path.sh'
[1.805s] Level 1:colcon.colcon_core.environment:checking '/home/eliott/robot_ws/install/robot_description/bin'
[1.805s] Level 1:colcon.colcon_core.environment:checking '/home/eliott/robot_ws/install/robot_description/lib/pkgconfig/robot_description.pc'
[1.805s] Level 1:colcon.colcon_core.environment:checking '/home/eliott/robot_ws/install/robot_description/lib/python3.10/site-packages'
[1.805s] Level 1:colcon.colcon_core.environment:checking '/home/eliott/robot_ws/install/robot_description/bin'
[1.805s] INFO:colcon.colcon_core.shell:Creating package script '/home/eliott/robot_ws/install/robot_description/share/robot_description/package.ps1'
[1.810s] INFO:colcon.colcon_core.shell:Creating package descriptor '/home/eliott/robot_ws/install/robot_description/share/robot_description/package.dsv'
[1.820s] INFO:colcon.colcon_core.shell:Creating package script '/home/eliott/robot_ws/install/robot_description/share/robot_description/package.sh'
[1.821s] INFO:colcon.colcon_core.shell:Creating package script '/home/eliott/robot_ws/install/robot_description/share/robot_description/package.bash'
[1.822s] INFO:colcon.colcon_core.shell:Creating package script '/home/eliott/robot_ws/install/robot_description/share/robot_description/package.zsh'
[1.822s] Level 1:colcon.colcon_core.environment:create_file_with_runtime_dependencies(/home/eliott/robot_ws/install/robot_description/share/colcon-core/packages/robot_description)
[1.822s] INFO:colcon.colcon_ros.task.ament_cmake.build:Building ROS package in '/home/eliott/robot_ws/src/robot_moveit_config' with build type 'ament_cmake'
[1.822s] INFO:colcon.colcon_cmake.task.cmake.build:Building CMake package in '/home/eliott/robot_ws/src/robot_moveit_config'
[1.822s] INFO:colcon.colcon_core.shell:Skip shell extension 'powershell' for command environment: Not usable outside of PowerShell
[1.822s] DEBUG:colcon.colcon_core.shell:Skip shell extension 'dsv' for command environment
[1.862s] DEBUG:colcon.colcon_core.event_handler.log_command:Invoking command in '/home/eliott/robot_ws/build/robot_moveit_config': CMAKE_PREFIX_PATH=/home/eliott/robot_ws/install/robot_description:/home/eliott/robot_ws/install/robot_moveit_config:/opt/ros/humble /usr/bin/cmake --build /home/eliott/robot_ws/build/robot_moveit_config -- -j12 -l12
[2.521s] DEBUG:colcon.colcon_core.event_handler.log_command:Invoked command in '/home/eliott/robot_ws/build/robot_moveit_config' returned '0': CMAKE_PREFIX_PATH=/home/eliott/robot_ws/install/robot_description:/home/eliott/robot_ws/install/robot_moveit_config:/opt/ros/humble /usr/bin/cmake --build /home/eliott/robot_ws/build/robot_moveit_config -- -j12 -l12
[2.535s] DEBUG:colcon.colcon_core.event_handler.log_command:Invoking command in '/home/eliott/robot_ws/build/robot_moveit_config': CMAKE_PREFIX_PATH=/home/eliott/robot_ws/install/robot_description:/home/eliott/robot_ws/install/robot_moveit_config:/opt/ros/humble /usr/bin/cmake --install /home/eliott/robot_ws/build/robot_moveit_config
[2.542s] Level 1:colcon.colcon_core.environment:create_environment_scripts_only(robot_moveit_config)
[2.543s] Level 1:colcon.colcon_core.environment:checking '/home/eliott/robot_ws/install/robot_moveit_config' for CMake module files
[2.543s] DEBUG:colcon.colcon_core.event_handler.log_command:Invoked command in '/home/eliott/robot_ws/build/robot_moveit_config' returned '0': CMAKE_PREFIX_PATH=/home/eliott/robot_ws/install/robot_description:/home/eliott/robot_ws/install/robot_moveit_config:/opt/ros/humble /usr/bin/cmake --install /home/eliott/robot_ws/build/robot_moveit_config
[2.544s] Level 1:colcon.colcon_core.environment:checking '/home/eliott/robot_ws/install/robot_moveit_config' for CMake config files
[2.544s] Level 1:colcon.colcon_core.shell:create_environment_hook('robot_moveit_config', 'cmake_prefix_path')
[2.544s] INFO:colcon.colcon_core.shell:Creating environment hook '/home/eliott/robot_ws/install/robot_moveit_config/share/robot_moveit_config/hook/cmake_prefix_path.ps1'
[2.545s] INFO:colcon.colcon_core.shell:Creating environment descriptor '/home/eliott/robot_ws/install/robot_moveit_config/share/robot_moveit_config/hook/cmake_prefix_path.dsv'
[2.546s] INFO:colcon.colcon_core.shell:Creating environment hook '/home/eliott/robot_ws/install/robot_moveit_config/share/robot_moveit_config/hook/cmake_prefix_path.sh'
[2.548s] Level 1:colcon.colcon_core.environment:checking '/home/eliott/robot_ws/install/robot_moveit_config/bin'
[2.548s] Level 1:colcon.colcon_core.environment:checking '/home/eliott/robot_ws/install/robot_moveit_config/lib/pkgconfig/robot_moveit_config.pc'
[2.548s] Level 1:colcon.colcon_core.environment:checking '/home/eliott/robot_ws/install/robot_moveit_config/lib/python3.10/site-packages'
[2.548s] Level 1:colcon.colcon_core.environment:checking '/home/eliott/robot_ws/install/robot_moveit_config/bin'
[2.549s] INFO:colcon.colcon_core.shell:Creating package script '/home/eliott/robot_ws/install/robot_moveit_config/share/robot_moveit_config/package.ps1'
[2.549s] INFO:colcon.colcon_core.shell:Creating package descriptor '/home/eliott/robot_ws/install/robot_moveit_config/share/robot_moveit_config/package.dsv'
[2.550s] INFO:colcon.colcon_core.shell:Creating package script '/home/eliott/robot_ws/install/robot_moveit_config/share/robot_moveit_config/package.sh'
[2.552s] INFO:colcon.colcon_core.shell:Creating package script '/home/eliott/robot_ws/install/robot_moveit_config/share/robot_moveit_config/package.bash'
[2.553s] INFO:colcon.colcon_core.shell:Creating package script '/home/eliott/robot_ws/install/robot_moveit_config/share/robot_moveit_config/package.zsh'
[2.554s] Level 1:colcon.colcon_core.environment:create_file_with_runtime_dependencies(/home/eliott/robot_ws/install/robot_moveit_config/share/colcon-core/packages/robot_moveit_config)
[2.568s] Level 1:colcon.colcon_core.environment:create_environment_scripts_only(robot_moveit_config)
[2.568s] Level 1:colcon.colcon_core.environment:checking '/home/eliott/robot_ws/install/robot_moveit_config' for CMake module files
[2.568s] Level 1:colcon.colcon_core.environment:checking '/home/eliott/robot_ws/install/robot_moveit_config' for CMake config files
[2.569s] Level 1:colcon.colcon_core.shell:create_environment_hook('robot_moveit_config', 'cmake_prefix_path')
[2.569s] INFO:colcon.colcon_core.shell:Creating environment hook '/home/eliott/robot_ws/install/robot_moveit_config/share/robot_moveit_config/hook/cmake_prefix_path.ps1'
[2.569s] INFO:colcon.colcon_core.shell:Creating environment descriptor '/home/eliott/robot_ws/install/robot_moveit_config/share/robot_moveit_config/hook/cmake_prefix_path.dsv'
[2.571s] INFO:colcon.colcon_core.shell:Creating environment hook '/home/eliott/robot_ws/install/robot_moveit_config/share/robot_moveit_config/hook/cmake_prefix_path.sh'
[2.573s] Level 1:colcon.colcon_core.environment:checking '/home/eliott/robot_ws/install/robot_moveit_config/bin'
[2.573s] Level 1:colcon.colcon_core.environment:checking '/home/eliott/robot_ws/install/robot_moveit_config/lib/pkgconfig/robot_moveit_config.pc'
[2.573s] Level 1:colcon.colcon_core.environment:checking '/home/eliott/robot_ws/install/robot_moveit_config/lib/python3.10/site-packages'
[2.573s] Level 1:colcon.colcon_core.environment:checking '/home/eliott/robot_ws/install/robot_moveit_config/bin'
[2.573s] INFO:colcon.colcon_core.shell:Creating package script '/home/eliott/robot_ws/install/robot_moveit_config/share/robot_moveit_config/package.ps1'
[2.574s] INFO:colcon.colcon_core.shell:Creating package descriptor '/home/eliott/robot_ws/install/robot_moveit_config/share/robot_moveit_config/package.dsv'
[2.575s] INFO:colcon.colcon_core.shell:Creating package script '/home/eliott/robot_ws/install/robot_moveit_config/share/robot_moveit_config/package.sh'
[2.576s] INFO:colcon.colcon_core.shell:Creating package script '/home/eliott/robot_ws/install/robot_moveit_config/share/robot_moveit_config/package.bash'
[2.578s] INFO:colcon.colcon_core.shell:Creating package script '/home/eliott/robot_ws/install/robot_moveit_config/share/robot_moveit_config/package.zsh'
[2.580s] Level 1:colcon.colcon_core.environment:create_file_with_runtime_dependencies(/home/eliott/robot_ws/install/robot_moveit_config/share/colcon-core/packages/robot_moveit_config)
[4.553s] DEBUG:colcon.colcon_core.event_handler.log_command:Invoked command in '/home/eliott/robot_ws/build/robot_control' returned '0': CMAKE_PREFIX_PATH=${CMAKE_PREFIX_PATH}:/opt/ros/humble /usr/bin/cmake /home/eliott/robot_ws/src/robot_control -DCMAKE_INSTALL_PREFIX=/home/eliott/robot_ws/install/robot_control
[4.554s] DEBUG:colcon.colcon_core.event_handler.log_command:Invoking command in '/home/eliott/robot_ws/build/robot_control': CMAKE_PREFIX_PATH=${CMAKE_PREFIX_PATH}:/opt/ros/humble /usr/bin/cmake --build /home/eliott/robot_ws/build/robot_control -- -j12 -l12
[10.870s] DEBUG:colcon.colcon_core.event_handler.log_command:Invoked command in '/home/eliott/robot_ws/build/robot_control' returned '2': CMAKE_PREFIX_PATH=${CMAKE_PREFIX_PATH}:/opt/ros/humble /usr/bin/cmake --build /home/eliott/robot_ws/build/robot_control -- -j12 -l12
[10.884s] Level 1:colcon.colcon_core.environment:create_environment_scripts_only(robot_control)
[10.884s] Level 1:colcon.colcon_core.environment:checking '/home/eliott/robot_ws/install/robot_control' for CMake module files
[10.884s] Level 1:colcon.colcon_core.environment:checking '/home/eliott/robot_ws/install/robot_control' for CMake config files
[10.885s] Level 1:colcon.colcon_core.environment:checking '/home/eliott/robot_ws/install/robot_control/bin'
[10.885s] Level 1:colcon.colcon_core.environment:checking '/home/eliott/robot_ws/install/robot_control/lib/pkgconfig/robot_control.pc'
[10.885s] Level 1:colcon.colcon_core.environment:checking '/home/eliott/robot_ws/install/robot_control/lib/python3.10/site-packages'
[10.885s] Level 1:colcon.colcon_core.environment:checking '/home/eliott/robot_ws/install/robot_control/bin'
[10.885s] INFO:colcon.colcon_core.shell:Creating package script '/home/eliott/robot_ws/install/robot_control/share/robot_control/package.ps1'
[10.885s] INFO:colcon.colcon_core.shell:Creating package descriptor '/home/eliott/robot_ws/install/robot_control/share/robot_control/package.dsv'
[10.886s] INFO:colcon.colcon_core.shell:Creating package script '/home/eliott/robot_ws/install/robot_control/share/robot_control/package.sh'
[10.886s] INFO:colcon.colcon_core.shell:Creating package script '/home/eliott/robot_ws/install/robot_control/share/robot_control/package.bash'
[10.886s] INFO:colcon.colcon_core.shell:Creating package script '/home/eliott/robot_ws/install/robot_control/share/robot_control/package.zsh'
[10.886s] Level 1:colcon.colcon_core.environment:create_file_with_runtime_dependencies(/home/eliott/robot_ws/install/robot_control/share/colcon-core/packages/robot_control)
[10.897s] DEBUG:colcon.colcon_parallel_executor.executor.parallel:closing loop
[10.897s] DEBUG:colcon.colcon_parallel_executor.executor.parallel:loop closed
[10.897s] DEBUG:colcon.colcon_parallel_executor.executor.parallel:run_until_complete finished with '2'
[10.897s] DEBUG:colcon.colcon_core.event_reactor:joining thread
[10.931s] INFO:colcon.colcon_core.plugin_system:Skipping extension 'colcon_notification.desktop_notification.terminal_notifier': Not used on non-Darwin systems
[10.931s] INFO:colcon.colcon_core.plugin_system:Skipping extension 'colcon_notification.desktop_notification.win32': Not used on non-Windows systems
[10.931s] INFO:colcon.colcon_notification.desktop_notification:Sending desktop notification using 'notify2'
[10.941s] DEBUG:colcon.colcon_core.event_reactor:joined thread
[10.942s] INFO:colcon.colcon_core.shell:Creating prefix script '/home/eliott/robot_ws/install/local_setup.ps1'
[10.945s] INFO:colcon.colcon_core.shell:Creating prefix util module '/home/eliott/robot_ws/install/_local_setup_util_ps1.py'
[10.950s] INFO:colcon.colcon_core.shell:Creating prefix chain script '/home/eliott/robot_ws/install/setup.ps1'
[10.956s] INFO:colcon.colcon_core.shell:Creating prefix script '/home/eliott/robot_ws/install/local_setup.sh'
[10.959s] INFO:colcon.colcon_core.shell:Creating prefix util module '/home/eliott/robot_ws/install/_local_setup_util_sh.py'
[10.961s] INFO:colcon.colcon_core.shell:Creating prefix chain script '/home/eliott/robot_ws/install/setup.sh'
[10.965s] INFO:colcon.colcon_core.shell:Creating prefix script '/home/eliott/robot_ws/install/local_setup.bash'
[10.967s] INFO:colcon.colcon_core.shell:Creating prefix chain script '/home/eliott/robot_ws/install/setup.bash'
[10.971s] INFO:colcon.colcon_core.shell:Creating prefix script '/home/eliott/robot_ws/install/local_setup.zsh'
[10.974s] INFO:colcon.colcon_core.shell:Creating prefix chain script '/home/eliott/robot_ws/install/setup.zsh'
