[0.010s] Invoking command in '/home/eliott/robot_ws/build/robot_control': CMAKE_PREFIX_PATH=${CMAKE_PREFIX_PATH}:/opt/ros/humble /usr/bin/cmake --build /home/eliott/robot_ws/build/robot_control -- -j12 -l12
[0.038s] [35m[1mConsolidate compiler generated dependencies of target moveit_node[0m
[0.059s] [ 50%] [32mBuilding CXX object CMakeFiles/moveit_node.dir/src/moveit_node.cpp.o[0m
[4.839s] [100%] [32m[1mLinking CXX executable moveit_node[0m
[5.320s] [100%] Built target moveit_node
[5.327s] Invoked command in '/home/eliott/robot_ws/build/robot_control' returned '0': CMAKE_PREFIX_PATH=${CMAKE_PREFIX_PATH}:/opt/ros/humble /usr/bin/cmake --build /home/eliott/robot_ws/build/robot_control -- -j12 -l12
[5.343s] Invoking command in '/home/eliott/robot_ws/build/robot_control': CMAKE_PREFIX_PATH=${CMAKE_PREFIX_PATH}:/opt/ros/humble /usr/bin/cmake --install /home/eliott/robot_ws/build/robot_control
[5.349s] -- Install configuration: ""
[5.349s] -- Installing: /home/eliott/robot_ws/install/robot_control/lib/robot_control/moveit_node
[5.349s] -- Set runtime path of "/home/eliott/robot_ws/install/robot_control/lib/robot_control/moveit_node" to ""
[5.349s] -- Installing: /home/eliott/robot_ws/install/robot_control/share/ament_index/resource_index/package_run_dependencies/robot_control
[5.349s] -- Installing: /home/eliott/robot_ws/install/robot_control/share/ament_index/resource_index/parent_prefix_path/robot_control
[5.349s] -- Installing: /home/eliott/robot_ws/install/robot_control/share/robot_control/environment/ament_prefix_path.sh
[5.349s] -- Installing: /home/eliott/robot_ws/install/robot_control/share/robot_control/environment/ament_prefix_path.dsv
[5.349s] -- Installing: /home/eliott/robot_ws/install/robot_control/share/robot_control/environment/path.sh
[5.349s] -- Installing: /home/eliott/robot_ws/install/robot_control/share/robot_control/environment/path.dsv
[5.349s] -- Installing: /home/eliott/robot_ws/install/robot_control/share/robot_control/local_setup.bash
[5.349s] -- Installing: /home/eliott/robot_ws/install/robot_control/share/robot_control/local_setup.sh
[5.350s] -- Installing: /home/eliott/robot_ws/install/robot_control/share/robot_control/local_setup.zsh
[5.350s] -- Installing: /home/eliott/robot_ws/install/robot_control/share/robot_control/local_setup.dsv
[5.350s] -- Installing: /home/eliott/robot_ws/install/robot_control/share/robot_control/package.dsv
[5.350s] -- Installing: /home/eliott/robot_ws/install/robot_control/share/ament_index/resource_index/packages/robot_control
[5.350s] -- Installing: /home/eliott/robot_ws/install/robot_control/share/robot_control/cmake/robot_controlConfig.cmake
[5.350s] -- Installing: /home/eliott/robot_ws/install/robot_control/share/robot_control/cmake/robot_controlConfig-version.cmake
[5.350s] -- Installing: /home/eliott/robot_ws/install/robot_control/share/robot_control/package.xml
[5.351s] Invoked command in '/home/eliott/robot_ws/build/robot_control' returned '0': CMAKE_PREFIX_PATH=${CMAKE_PREFIX_PATH}:/opt/ros/humble /usr/bin/cmake --install /home/eliott/robot_ws/build/robot_control
