-- The C compiler identification is GNU 11.4.0
-- The CXX compiler identification is GNU 11.4.0
-- Detecting C compiler ABI info
-- Detecting C compiler ABI info - done
-- Check for working C compiler: /usr/bin/cc - skipped
-- Detecting C compile features
-- Detecting C compile features - done
-- Detecting CXX compiler ABI info
-- Detecting CXX compiler ABI info - done
-- Check for working CXX compiler: /usr/bin/c++ - skipped
-- Detecting CXX compile features
-- Detecting CXX compile features - done
-- Found ament_cmake: 1.3.10 (/opt/ros/humble/share/ament_cmake/cmake)
-- Found Python3: /usr/bin/python3 (found version "3.10.12") found components: Interpreter 
-- Found rclcpp: 16.0.10 (/opt/ros/humble/share/rclcpp/cmake)
-- Found rosidl_generator_c: 3.1.5 (/opt/ros/humble/share/rosidl_generator_c/cmake)
-- Found rosidl_adapter: 3.1.5 (/opt/ros/humble/share/rosidl_adapter/cmake)
-- Found rosidl_generator_cpp: 3.1.5 (/opt/ros/humble/share/rosidl_generator_cpp/cmake)
-- Using all available rosidl_typesupport_c: rosidl_typesupport_fastrtps_c;rosidl_typesupport_introspection_c
-- Using all available rosidl_typesupport_cpp: rosidl_typesupport_fastrtps_cpp;rosidl_typesupport_introspection_cpp
-- Found rmw_implementation_cmake: 6.1.2 (/opt/ros/humble/share/rmw_implementation_cmake/cmake)
-- Found rmw_fastrtps_cpp: 6.2.7 (/opt/ros/humble/share/rmw_fastrtps_cpp/cmake)
-- Found OpenSSL: /usr/lib/x86_64-linux-gnu/libcrypto.so (found version "3.0.2")  
-- Found FastRTPS: /opt/ros/humble/include  
-- Using RMW implementation 'rmw_fastrtps_cpp' as default
-- Looking for pthread.h
-- Looking for pthread.h - found
-- Performing Test CMAKE_HAVE_LIBC_PTHREAD
-- Performing Test CMAKE_HAVE_LIBC_PTHREAD - Success
-- Found Threads: TRUE  
-- Found moveit_ros_planning_interface: 2.5.5 (/opt/ros/humble/share/moveit_ros_planning_interface/cmake)
-- Found Boost: /usr/lib/x86_64-linux-gnu/cmake/Boost-1.74.0/BoostConfig.cmake (found version "1.74.0") found components: date_time filesystem program_options system thread 
-- Found Boost: /usr/lib/x86_64-linux-gnu/cmake/Boost-1.74.0/BoostConfig.cmake (found version "1.74.0") found components: chrono date_time filesystem iostreams program_options regex serialization system thread 
-- Found parameter_traits: 0.3.8 (/opt/ros/humble/share/parameter_traits/cmake)
-- Found rclcpp_lifecycle: 16.0.10 (/opt/ros/humble/share/rclcpp_lifecycle/cmake)
-- Found Boost: /usr/lib/x86_64-linux-gnu/cmake/Boost-1.74.0/BoostConfig.cmake (found version "1.74.0") found components: filesystem 
-- library: /usr/lib/x86_64-linux-gnu/libcurl.so
-- Found Eigen3: TRUE (found version "3.4.0") 
-- Ensuring Eigen3 include directory is part of orocos-kdl CMake target
-- Found Boost: /usr/lib/x86_64-linux-gnu/cmake/Boost-1.74.0/BoostConfig.cmake (found version "1.74.0") found components: system filesystem date_time program_options thread chrono 
-- Found Boost: /usr/lib/x86_64-linux-gnu/cmake/Boost-1.74.0/BoostConfig.cmake (found version "1.74.0") found components: thread system filesystem regex date_time program_options 
-- Found Boost: /usr/lib/x86_64-linux-gnu/cmake/Boost-1.74.0/BoostConfig.cmake (found version "1.74.0") found components: system filesystem date_time program_options thread 
-- Configuring done
-- Generating done
-- Build files have been written to: /home/eliott/robot_ws/build/robot_control
[ 50%] [32mBuilding CXX object CMakeFiles/moveit_node.dir/src/moveit_node.cpp.o[0m
[01m[K/home/eliott/robot_ws/src/robot_control/src/moveit_node.cpp:[m[K In member function ‘[01m[Kvoid MoveitNode::plan_and_execute()[m[K’:
[01m[K/home/eliott/robot_ws/src/robot_control/src/moveit_node.cpp:48:100:[m[K [01;35m[Kwarning: [m[K‘[01m[Kusing MoveItErrorCode = class moveit::core::MoveItErrorCode[m[K’ is deprecated: Use moveit::core::MoveItErrorCode [[01;35m[K]8;;https://gcc.gnu.org/onlinedocs/gcc/Warning-Options.html#index-Wdeprecated-declarations-Wdeprecated-declarations]8;;[m[K]
   48 |         bool success = (move_group_->plan(my_plan) == moveit::planning_interface::MoveItErrorCode::[01;35m[KSUCCESS[m[K);
      |                                                                                                    [01;35m[K^~~~~~~[m[K
In file included from [01m[K/home/eliott/robot_ws/src/robot_control/src/moveit_node.cpp:2[m[K:
[01m[K/opt/ros/humble/include/moveit/move_group_interface/move_group_interface.h:71:7:[m[K [01;36m[Knote: [m[Kdeclared here
   71 | using [01;36m[KMoveItErrorCode[m[K [[deprecated("Use moveit::core::MoveItErrorCode")]] = moveit::core::MoveItErrorCode;
      |       [01;36m[K^~~~~~~~~~~~~~~[m[K
In file included from [01m[K/usr/include/x86_64-linux-gnu/c++/11/bits/c++allocator.h:33[m[K,
                 from [01m[K/usr/include/c++/11/bits/allocator.h:46[m[K,
                 from [01m[K/usr/include/c++/11/memory:64[m[K,
                 from [01m[K/opt/ros/humble/include/rclcpp/rclcpp/rclcpp.hpp:153[m[K,
                 from [01m[K/home/eliott/robot_ws/src/robot_control/src/moveit_node.cpp:1[m[K:
/usr/include/c++/11/ext/new_allocator.h: In instantiation of ‘[01m[Kvoid __gnu_cxx::new_allocator<_Tp>::construct(_Up*, _Args&& ...) [with _Up = moveit::planning_interface::MoveGroupInterface; _Args = {MoveitNode*, const char (&)[4]}; _Tp = moveit::planning_interface::MoveGroupInterface][m[K’:
[01m[K/usr/include/c++/11/bits/alloc_traits.h:516:17:[m[K   required from ‘[01m[Kstatic void std::allocator_traits<std::allocator<_Tp1> >::construct(std::allocator_traits<std::allocator<_Tp1> >::allocator_type&, _Up*, _Args&& ...) [with _Up = moveit::planning_interface::MoveGroupInterface; _Args = {MoveitNode*, const char (&)[4]}; _Tp = moveit::planning_interface::MoveGroupInterface; std::allocator_traits<std::allocator<_Tp1> >::allocator_type = std::allocator<moveit::planning_interface::MoveGroupInterface>][m[K’
[01m[K/usr/include/c++/11/bits/shared_ptr_base.h:519:39:[m[K   required from ‘[01m[Kstd::_Sp_counted_ptr_inplace<_Tp, _Alloc, _Lp>::_Sp_counted_ptr_inplace(_Alloc, _Args&& ...) [with _Args = {MoveitNode*, const char (&)[4]}; _Tp = moveit::planning_interface::MoveGroupInterface; _Alloc = std::allocator<moveit::planning_interface::MoveGroupInterface>; __gnu_cxx::_Lock_policy _Lp = __gnu_cxx::_S_atomic][m[K’
[01m[K/usr/include/c++/11/bits/shared_ptr_base.h:650:16:[m[K   required from ‘[01m[Kstd::__shared_count<_Lp>::__shared_count(_Tp*&, std::_Sp_alloc_shared_tag<_Alloc>, _Args&& ...) [with _Tp = moveit::planning_interface::MoveGroupInterface; _Alloc = std::allocator<moveit::planning_interface::MoveGroupInterface>; _Args = {MoveitNode*, const char (&)[4]}; __gnu_cxx::_Lock_policy _Lp = __gnu_cxx::_S_atomic][m[K’
[01m[K/usr/include/c++/11/bits/shared_ptr_base.h:1342:14:[m[K   required from ‘[01m[Kstd::__shared_ptr<_Tp, _Lp>::__shared_ptr(std::_Sp_alloc_shared_tag<_Tp>, _Args&& ...) [with _Alloc = std::allocator<moveit::planning_interface::MoveGroupInterface>; _Args = {MoveitNode*, const char (&)[4]}; _Tp = moveit::planning_interface::MoveGroupInterface; __gnu_cxx::_Lock_policy _Lp = __gnu_cxx::_S_atomic][m[K’
[01m[K/usr/include/c++/11/bits/shared_ptr.h:409:59:[m[K   required from ‘[01m[Kstd::shared_ptr<_Tp>::shared_ptr(std::_Sp_alloc_shared_tag<_Tp>, _Args&& ...) [with _Alloc = std::allocator<moveit::planning_interface::MoveGroupInterface>; _Args = {MoveitNode*, const char (&)[4]}; _Tp = moveit::planning_interface::MoveGroupInterface][m[K’
[01m[K/usr/include/c++/11/bits/shared_ptr.h:862:14:[m[K   required from ‘[01m[Kstd::shared_ptr<_Tp> std::allocate_shared(const _Alloc&, _Args&& ...) [with _Tp = moveit::planning_interface::MoveGroupInterface; _Alloc = std::allocator<moveit::planning_interface::MoveGroupInterface>; _Args = {MoveitNode*, const char (&)[4]}][m[K’
[01m[K/usr/include/c++/11/bits/shared_ptr.h:878:39:[m[K   required from ‘[01m[Kstd::shared_ptr<_Tp> std::make_shared(_Args&& ...) [with _Tp = moveit::planning_interface::MoveGroupInterface; _Args = {MoveitNode*, const char (&)[4]}][m[K’
[01m[K/home/eliott/robot_ws/src/robot_control/src/moveit_node.cpp:12:87:[m[K   required from here
[01m[K/usr/include/c++/11/ext/new_allocator.h:162:11:[m[K [01;31m[Kerror: [m[Kno matching function for call to ‘[01m[Kmoveit::planning_interface::MoveGroupInterface::MoveGroupInterface(MoveitNode*, const char [4])[m[K’
  162 |         { [01;31m[K::new((void *)__p) _Up(std::forward<_Args>(__args)...)[m[K; }
      |           [01;31m[K^~~~~~~~~~~~~~~~~~~~~~~~~~~~~~~~~~~~~~~~~~~~~~~~~~~~~~[m[K
In file included from [01m[K/home/eliott/robot_ws/src/robot_control/src/moveit_node.cpp:2[m[K:
[01m[K/opt/ros/humble/include/moveit/move_group_interface/move_group_interface.h:159:3:[m[K [01;36m[Knote: [m[Kcandidate: ‘[01m[Kmoveit::planning_interface::MoveGroupInterface::MoveGroupInterface(moveit::planning_interface::MoveGroupInterface&&)[m[K’
  159 |   [01;36m[KMoveGroupInterface[m[K(MoveGroupInterface&& other) noexcept;
      |   [01;36m[K^~~~~~~~~~~~~~~~~~[m[K
[01m[K/opt/ros/humble/include/moveit/move_group_interface/move_group_interface.h:159:3:[m[K [01;36m[Knote: [m[K  candidate expects 1 argument, 2 provided
[01m[K/opt/ros/humble/include/moveit/move_group_interface/move_group_interface.h:145:3:[m[K [01;36m[Knote: [m[Kcandidate: ‘[01m[Kmoveit::planning_interface::MoveGroupInterface::MoveGroupInterface(const SharedPtr&, const string&, const std::shared_ptr<tf2_ros::Buffer>&, const rclcpp::Duration&)[m[K’
  145 |   [01;36m[KMoveGroupInterface[m[K(const rclcpp::Node::SharedPtr& node, const std::string& group,
      |   [01;36m[K^~~~~~~~~~~~~~~~~~[m[K
[01m[K/opt/ros/humble/include/moveit/move_group_interface/move_group_interface.h:145:53:[m[K [01;36m[Knote: [m[K  no known conversion for argument 1 from ‘[01m[KMoveitNode*[m[K’ to ‘[01m[Kconst SharedPtr&[m[K’ {aka ‘[01m[Kconst std::shared_ptr<rclcpp::Node>&[m[K’}
  145 |   MoveGroupInterface([01;36m[Kconst rclcpp::Node::SharedPtr& node[m[K, const std::string& group,
      |                      [01;36m[K~~~~~~~~~~~~~~~~~~~~~~~~~~~~~~~^~~~[m[K
[01m[K/opt/ros/humble/include/moveit/move_group_interface/move_group_interface.h:134:3:[m[K [01;36m[Knote: [m[Kcandidate: ‘[01m[Kmoveit::planning_interface::MoveGroupInterface::MoveGroupInterface(const SharedPtr&, const moveit::planning_interface::MoveGroupInterface::Options&, const std::shared_ptr<tf2_ros::Buffer>&, const rclcpp::Duration&)[m[K’
  134 |   [01;36m[KMoveGroupInterface[m[K(const rclcpp::Node::SharedPtr& node, const Options& opt,
      |   [01;36m[K^~~~~~~~~~~~~~~~~~[m[K
[01m[K/opt/ros/humble/include/moveit/move_group_interface/move_group_interface.h:134:53:[m[K [01;36m[Knote: [m[K  no known conversion for argument 1 from ‘[01m[KMoveitNode*[m[K’ to ‘[01m[Kconst SharedPtr&[m[K’ {aka ‘[01m[Kconst std::shared_ptr<rclcpp::Node>&[m[K’}
  134 |   MoveGroupInterface([01;36m[Kconst rclcpp::Node::SharedPtr& node[m[K, const Options& opt,
      |                      [01;36m[K~~~~~~~~~~~~~~~~~~~~~~~~~~~~~~~^~~~[m[K
gmake[2]: *** [CMakeFiles/moveit_node.dir/build.make:76: CMakeFiles/moveit_node.dir/src/moveit_node.cpp.o] Error 1
gmake[1]: *** [CMakeFiles/Makefile2:137: CMakeFiles/moveit_node.dir/all] Error 2
gmake: *** [Makefile:146: all] Error 2
